{"/Users/sonya/Documents/doresdine-test/frontend/styles.ts": {"path":"/Users/sonya/Documents/doresdine-test/frontend/styles.ts","statementMap":{"0":{"start":{"line":3,"column":15},"end":{"line":665,"column":2}}},"fnMap":{},"branchMap":{},"s":{"0":5},"f":{},"b":{},"_coverageSchema":"1a1c01bbd47fc00a2c39e90264f33305004495a9","hash":"c361f6ff854738229f470e6ad4cd65531ac662e3"}
,"/Users/sonya/Documents/doresdine-test/frontend/types.ts": {"path":"/Users/sonya/Documents/doresdine-test/frontend/types.ts","statementMap":{},"fnMap":{},"branchMap":{},"s":{},"f":{},"b":{}}
,"/Users/sonya/Documents/doresdine-test/frontend/app/+html.tsx": {"path":"/Users/sonya/Documents/doresdine-test/frontend/app/+html.tsx","statementMap":{"0":{"start":{"line":8,"column":2},"end":{"line":27,"column":4}},"1":{"start":{"line":30,"column":29},"end":{"line":38,"column":2}}},"fnMap":{"0":{"name":"Root","decl":{"start":{"line":7,"column":24},"end":{"line":7,"column":28}},"loc":{"start":{"line":7,"column":74},"end":{"line":28,"column":1}},"line":7}},"branchMap":{},"s":{"0":0,"1":0},"f":{"0":0},"b":{}}
,"/Users/sonya/Documents/doresdine-test/frontend/app/+not-found.tsx": {"path":"/Users/sonya/Documents/doresdine-test/frontend/app/+not-found.tsx","statementMap":{"0":{"start":{"line":7,"column":2},"end":{"line":18,"column":4}},"1":{"start":{"line":21,"column":15},"end":{"line":40,"column":2}}},"fnMap":{"0":{"name":"NotFoundScreen","decl":{"start":{"line":6,"column":24},"end":{"line":6,"column":38}},"loc":{"start":{"line":6,"column":41},"end":{"line":19,"column":1}},"line":6}},"branchMap":{},"s":{"0":0,"1":0},"f":{"0":0},"b":{}}
,"/Users/sonya/Documents/doresdine-test/frontend/app/_layout.tsx": {"path":"/Users/sonya/Documents/doresdine-test/frontend/app/_layout.tsx","statementMap":{"0":{"start":{"line":19,"column":33},"end":{"line":22,"column":1}},"1":{"start":{"line":25,"column":0},"end":{"line":25,"column":36}},"2":{"start":{"line":28,"column":26},"end":{"line":31,"column":4}},"3":{"start":{"line":34,"column":2},"end":{"line":36,"column":14}},"4":{"start":{"line":35,"column":4},"end":{"line":35,"column":27}},"5":{"start":{"line":35,"column":15},"end":{"line":35,"column":27}},"6":{"start":{"line":38,"column":2},"end":{"line":42,"column":15}},"7":{"start":{"line":39,"column":4},"end":{"line":41,"column":5}},"8":{"start":{"line":40,"column":6},"end":{"line":40,"column":31}},"9":{"start":{"line":44,"column":2},"end":{"line":46,"column":3}},"10":{"start":{"line":45,"column":4},"end":{"line":45,"column":16}},"11":{"start":{"line":48,"column":2},"end":{"line":48,"column":27}},"12":{"start":{"line":52,"column":22},"end":{"line":52,"column":38}},"13":{"start":{"line":53,"column":17},"end":{"line":53,"column":28}},"14":{"start":{"line":54,"column":48},"end":{"line":54,"column":78}},"15":{"start":{"line":57,"column":2},"end":{"line":86,"column":15}},"16":{"start":{"line":58,"column":4},"end":{"line":85,"column":9}},"17":{"start":{"line":59,"column":6},"end":{"line":84,"column":7}},"18":{"start":{"line":60,"column":8},"end":{"line":60,"column":36}},"19":{"start":{"line":62,"column":8},"end":{"line":62,"column":22}},"20":{"start":{"line":64,"column":8},"end":{"line":64,"column":33}},"21":{"start":{"line":66,"column":28},"end":{"line":66,"column":58}},"22":{"start":{"line":67,"column":8},"end":{"line":69,"column":9}},"23":{"start":{"line":68,"column":10},"end":{"line":68,"column":36}},"24":{"start":{"line":71,"column":8},"end":{"line":71,"column":71}},"25":{"start":{"line":73,"column":8},"end":{"line":77,"column":9}},"26":{"start":{"line":74,"column":10},"end":{"line":74,"column":53}},"27":{"start":{"line":78,"column":8},"end":{"line":78,"column":34}},"28":{"start":{"line":80,"column":28},"end":{"line":80,"column":58}},"29":{"start":{"line":81,"column":8},"end":{"line":83,"column":9}},"30":{"start":{"line":82,"column":10},"end":{"line":82,"column":35}},"31":{"start":{"line":89,"column":2},"end":{"line":95,"column":9}},"32":{"start":{"line":91,"column":4},"end":{"line":91,"column":54}},"33":{"start":{"line":92,"column":4},"end":{"line":94,"column":6}},"34":{"start":{"line":93,"column":6},"end":{"line":93,"column":42}},"35":{"start":{"line":98,"column":2},"end":{"line":134,"column":4}}},"fnMap":{"0":{"name":"RootLayout","decl":{"start":{"line":27,"column":24},"end":{"line":27,"column":34}},"loc":{"start":{"line":27,"column":37},"end":{"line":49,"column":1}},"line":27},"1":{"name":"(anonymous_1)","decl":{"start":{"line":34,"column":12},"end":{"line":34,"column":13}},"loc":{"start":{"line":34,"column":18},"end":{"line":36,"column":3}},"line":34},"2":{"name":"(anonymous_2)","decl":{"start":{"line":38,"column":12},"end":{"line":38,"column":13}},"loc":{"start":{"line":38,"column":18},"end":{"line":42,"column":3}},"line":38},"3":{"name":"RootLayoutNav","decl":{"start":{"line":51,"column":9},"end":{"line":51,"column":22}},"loc":{"start":{"line":51,"column":25},"end":{"line":135,"column":1}},"line":51},"4":{"name":"(anonymous_4)","decl":{"start":{"line":57,"column":12},"end":{"line":57,"column":13}},"loc":{"start":{"line":57,"column":18},"end":{"line":86,"column":3}},"line":57},"5":{"name":"(anonymous_5)","decl":{"start":{"line":58,"column":5},"end":{"line":58,"column":6}},"loc":{"start":{"line":58,"column":17},"end":{"line":85,"column":5}},"line":58},"6":{"name":"(anonymous_6)","decl":{"start":{"line":89,"column":12},"end":{"line":89,"column":13}},"loc":{"start":{"line":89,"column":18},"end":{"line":95,"column":3}},"line":89},"7":{"name":"(anonymous_7)","decl":{"start":{"line":92,"column":11},"end":{"line":92,"column":12}},"loc":{"start":{"line":92,"column":17},"end":{"line":94,"column":5}},"line":92}},"branchMap":{"0":{"loc":{"start":{"line":35,"column":4},"end":{"line":35,"column":27}},"type":"if","locations":[{"start":{"line":35,"column":4},"end":{"line":35,"column":27}},{"start":{},"end":{}}],"line":35},"1":{"loc":{"start":{"line":39,"column":4},"end":{"line":41,"column":5}},"type":"if","locations":[{"start":{"line":39,"column":4},"end":{"line":41,"column":5}},{"start":{},"end":{}}],"line":39},"2":{"loc":{"start":{"line":44,"column":2},"end":{"line":46,"column":3}},"type":"if","locations":[{"start":{"line":44,"column":2},"end":{"line":46,"column":3}},{"start":{},"end":{}}],"line":44},"3":{"loc":{"start":{"line":66,"column":28},"end":{"line":66,"column":58}},"type":"binary-expr","locations":[{"start":{"line":66,"column":28},"end":{"line":66,"column":52}},{"start":{"line":66,"column":56},"end":{"line":66,"column":58}}],"line":66},"4":{"loc":{"start":{"line":67,"column":8},"end":{"line":69,"column":9}},"type":"if","locations":[{"start":{"line":67,"column":8},"end":{"line":69,"column":9}},{"start":{},"end":{}}],"line":67},"5":{"loc":{"start":{"line":80,"column":28},"end":{"line":80,"column":58}},"type":"binary-expr","locations":[{"start":{"line":80,"column":28},"end":{"line":80,"column":52}},{"start":{"line":80,"column":56},"end":{"line":80,"column":58}}],"line":80},"6":{"loc":{"start":{"line":81,"column":8},"end":{"line":83,"column":9}},"type":"if","locations":[{"start":{"line":81,"column":8},"end":{"line":83,"column":9}},{"start":{},"end":{}}],"line":81},"7":{"loc":{"start":{"line":81,"column":12},"end":{"line":81,"column":114}},"type":"binary-expr","locations":[{"start":{"line":81,"column":12},"end":{"line":81,"column":42}},{"start":{"line":81,"column":46},"end":{"line":81,"column":79}},{"start":{"line":81,"column":83},"end":{"line":81,"column":114}}],"line":81},"8":{"loc":{"start":{"line":100,"column":28},"end":{"line":100,"column":77}},"type":"cond-expr","locations":[{"start":{"line":100,"column":53},"end":{"line":100,"column":62}},{"start":{"line":100,"column":65},"end":{"line":100,"column":77}}],"line":100}},"s":{"0":0,"1":0,"2":0,"3":0,"4":0,"5":0,"6":0,"7":0,"8":0,"9":0,"10":0,"11":0,"12":0,"13":0,"14":0,"15":0,"16":0,"17":0,"18":0,"19":0,"20":0,"21":0,"22":0,"23":0,"24":0,"25":0,"26":0,"27":0,"28":0,"29":0,"30":0,"31":0,"32":0,"33":0,"34":0,"35":0},"f":{"0":0,"1":0,"2":0,"3":0,"4":0,"5":0,"6":0,"7":0},"b":{"0":[0,0],"1":[0,0],"2":[0,0],"3":[0,0],"4":[0,0],"5":[0,0],"6":[0,0],"7":[0,0,0],"8":[0,0]}}
,"/Users/sonya/Documents/doresdine-test/frontend/app/login.tsx": {"path":"/Users/sonya/Documents/doresdine-test/frontend/app/login.tsx","statementMap":{"0":{"start":{"line":7,"column":17},"end":{"line":7,"column":28}},"1":{"start":{"line":8,"column":28},"end":{"line":8,"column":40}},"2":{"start":{"line":9,"column":34},"end":{"line":9,"column":46}},"3":{"start":{"line":10,"column":32},"end":{"line":10,"column":47}},"4":{"start":{"line":11,"column":38},"end":{"line":11,"column":50}},"5":{"start":{"line":12,"column":44},"end":{"line":12,"column":56}},"6":{"start":{"line":14,"column":25},"end":{"line":41,"column":3}},"7":{"start":{"line":15,"column":18},"end":{"line":15,"column":22}},"8":{"start":{"line":16,"column":4},"end":{"line":16,"column":22}},"9":{"start":{"line":17,"column":4},"end":{"line":17,"column":25}},"10":{"start":{"line":20,"column":4},"end":{"line":29,"column":5}},"11":{"start":{"line":21,"column":6},"end":{"line":21,"column":41}},"12":{"start":{"line":22,"column":6},"end":{"line":22,"column":22}},"13":{"start":{"line":23,"column":11},"end":{"line":29,"column":5}},"14":{"start":{"line":24,"column":6},"end":{"line":24,"column":68}},"15":{"start":{"line":25,"column":6},"end":{"line":25,"column":22}},"16":{"start":{"line":26,"column":11},"end":{"line":29,"column":5}},"17":{"start":{"line":27,"column":6},"end":{"line":27,"column":56}},"18":{"start":{"line":28,"column":6},"end":{"line":28,"column":22}},"19":{"start":{"line":32,"column":4},"end":{"line":38,"column":5}},"20":{"start":{"line":33,"column":6},"end":{"line":33,"column":47}},"21":{"start":{"line":34,"column":6},"end":{"line":34,"column":22}},"22":{"start":{"line":35,"column":11},"end":{"line":38,"column":5}},"23":{"start":{"line":36,"column":6},"end":{"line":36,"column":65}},"24":{"start":{"line":37,"column":6},"end":{"line":37,"column":22}},"25":{"start":{"line":40,"column":4},"end":{"line":40,"column":19}},"26":{"start":{"line":43,"column":22},"end":{"line":105,"column":3}},"27":{"start":{"line":45,"column":4},"end":{"line":45,"column":22}},"28":{"start":{"line":46,"column":4},"end":{"line":46,"column":25}},"29":{"start":{"line":49,"column":4},"end":{"line":51,"column":5}},"30":{"start":{"line":50,"column":6},"end":{"line":50,"column":13}},"31":{"start":{"line":53,"column":4},"end":{"line":104,"column":5}},"32":{"start":{"line":54,"column":6},"end":{"line":54,"column":23}},"33":{"start":{"line":55,"column":20},"end":{"line":55,"column":77}},"34":{"start":{"line":56,"column":6},"end":{"line":63,"column":7}},"35":{"start":{"line":58,"column":8},"end":{"line":60,"column":9}},"36":{"start":{"line":59,"column":10},"end":{"line":59,"column":45}},"37":{"start":{"line":62,"column":8},"end":{"line":62,"column":34}},"38":{"start":{"line":65,"column":27},"end":{"line":65,"column":59}},"39":{"start":{"line":68,"column":6},"end":{"line":101,"column":7}},"40":{"start":{"line":69,"column":8},"end":{"line":73,"column":10}},"41":{"start":{"line":74,"column":8},"end":{"line":74,"column":45}},"42":{"start":{"line":75,"column":13},"end":{"line":101,"column":7}},"43":{"start":{"line":76,"column":8},"end":{"line":91,"column":10}},"44":{"start":{"line":84,"column":16},"end":{"line":87,"column":19}},"45":{"start":{"line":92,"column":13},"end":{"line":101,"column":7}},"46":{"start":{"line":93,"column":8},"end":{"line":95,"column":9}},"47":{"start":{"line":94,"column":10},"end":{"line":94,"column":45}},"48":{"start":{"line":96,"column":8},"end":{"line":98,"column":9}},"49":{"start":{"line":97,"column":10},"end":{"line":97,"column":51}},"50":{"start":{"line":100,"column":8},"end":{"line":100,"column":50}},"51":{"start":{"line":103,"column":6},"end":{"line":103,"column":24}},"52":{"start":{"line":107,"column":2},"end":{"line":154,"column":4}},"53":{"start":{"line":115,"column":12},"end":{"line":115,"column":27}},"54":{"start":{"line":116,"column":12},"end":{"line":116,"column":30}},"55":{"start":{"line":130,"column":12},"end":{"line":130,"column":30}},"56":{"start":{"line":131,"column":12},"end":{"line":131,"column":33}},"57":{"start":{"line":149,"column":41},"end":{"line":149,"column":65}},"58":{"start":{"line":157,"column":15},"end":{"line":195,"column":2}}},"fnMap":{"0":{"name":"LoginScreen","decl":{"start":{"line":6,"column":24},"end":{"line":6,"column":35}},"loc":{"start":{"line":6,"column":38},"end":{"line":155,"column":1}},"line":6},"1":{"name":"(anonymous_1)","decl":{"start":{"line":14,"column":25},"end":{"line":14,"column":26}},"loc":{"start":{"line":14,"column":40},"end":{"line":41,"column":3}},"line":14},"2":{"name":"(anonymous_2)","decl":{"start":{"line":43,"column":22},"end":{"line":43,"column":23}},"loc":{"start":{"line":43,"column":34},"end":{"line":105,"column":3}},"line":43},"3":{"name":"(anonymous_3)","decl":{"start":{"line":83,"column":23},"end":{"line":83,"column":24}},"loc":{"start":{"line":83,"column":29},"end":{"line":88,"column":15}},"line":83},"4":{"name":"(anonymous_4)","decl":{"start":{"line":114,"column":24},"end":{"line":114,"column":25}},"loc":{"start":{"line":114,"column":34},"end":{"line":117,"column":11}},"line":114},"5":{"name":"(anonymous_5)","decl":{"start":{"line":129,"column":24},"end":{"line":129,"column":25}},"loc":{"start":{"line":129,"column":34},"end":{"line":132,"column":11}},"line":129},"6":{"name":"(anonymous_6)","decl":{"start":{"line":149,"column":35},"end":{"line":149,"column":36}},"loc":{"start":{"line":149,"column":41},"end":{"line":149,"column":65}},"line":149}},"branchMap":{"0":{"loc":{"start":{"line":20,"column":4},"end":{"line":29,"column":5}},"type":"if","locations":[{"start":{"line":20,"column":4},"end":{"line":29,"column":5}},{"start":{"line":23,"column":11},"end":{"line":29,"column":5}}],"line":20},"1":{"loc":{"start":{"line":23,"column":11},"end":{"line":29,"column":5}},"type":"if","locations":[{"start":{"line":23,"column":11},"end":{"line":29,"column":5}},{"start":{"line":26,"column":11},"end":{"line":29,"column":5}}],"line":23},"2":{"loc":{"start":{"line":26,"column":11},"end":{"line":29,"column":5}},"type":"if","locations":[{"start":{"line":26,"column":11},"end":{"line":29,"column":5}},{"start":{},"end":{}}],"line":26},"3":{"loc":{"start":{"line":32,"column":4},"end":{"line":38,"column":5}},"type":"if","locations":[{"start":{"line":32,"column":4},"end":{"line":38,"column":5}},{"start":{"line":35,"column":11},"end":{"line":38,"column":5}}],"line":32},"4":{"loc":{"start":{"line":35,"column":11},"end":{"line":38,"column":5}},"type":"if","locations":[{"start":{"line":35,"column":11},"end":{"line":38,"column":5}},{"start":{},"end":{}}],"line":35},"5":{"loc":{"start":{"line":49,"column":4},"end":{"line":51,"column":5}},"type":"if","locations":[{"start":{"line":49,"column":4},"end":{"line":51,"column":5}},{"start":{},"end":{}}],"line":49},"6":{"loc":{"start":{"line":56,"column":6},"end":{"line":63,"column":7}},"type":"if","locations":[{"start":{"line":56,"column":6},"end":{"line":63,"column":7}},{"start":{},"end":{}}],"line":56},"7":{"loc":{"start":{"line":58,"column":8},"end":{"line":60,"column":9}},"type":"if","locations":[{"start":{"line":58,"column":8},"end":{"line":60,"column":9}},{"start":{},"end":{}}],"line":58},"8":{"loc":{"start":{"line":65,"column":27},"end":{"line":65,"column":59}},"type":"binary-expr","locations":[{"start":{"line":65,"column":27},"end":{"line":65,"column":38}},{"start":{"line":65,"column":42},"end":{"line":65,"column":59}}],"line":65},"9":{"loc":{"start":{"line":68,"column":6},"end":{"line":101,"column":7}},"type":"if","locations":[{"start":{"line":68,"column":6},"end":{"line":101,"column":7}},{"start":{"line":75,"column":13},"end":{"line":101,"column":7}}],"line":68},"10":{"loc":{"start":{"line":75,"column":13},"end":{"line":101,"column":7}},"type":"if","locations":[{"start":{"line":75,"column":13},"end":{"line":101,"column":7}},{"start":{"line":92,"column":13},"end":{"line":101,"column":7}}],"line":75},"11":{"loc":{"start":{"line":92,"column":13},"end":{"line":101,"column":7}},"type":"if","locations":[{"start":{"line":92,"column":13},"end":{"line":101,"column":7}},{"start":{"line":99,"column":13},"end":{"line":101,"column":7}}],"line":92},"12":{"loc":{"start":{"line":93,"column":8},"end":{"line":95,"column":9}},"type":"if","locations":[{"start":{"line":93,"column":8},"end":{"line":95,"column":9}},{"start":{},"end":{}}],"line":93},"13":{"loc":{"start":{"line":96,"column":8},"end":{"line":98,"column":9}},"type":"if","locations":[{"start":{"line":96,"column":8},"end":{"line":98,"column":9}},{"start":{},"end":{}}],"line":96},"14":{"loc":{"start":{"line":118,"column":32},"end":{"line":118,"column":69}},"type":"cond-expr","locations":[{"start":{"line":118,"column":45},"end":{"line":118,"column":62}},{"start":{"line":118,"column":65},"end":{"line":118,"column":69}}],"line":118},"15":{"loc":{"start":{"line":123,"column":9},"end":{"line":123,"column":79}},"type":"cond-expr","locations":[{"start":{"line":123,"column":22},"end":{"line":123,"column":72}},{"start":{"line":123,"column":75},"end":{"line":123,"column":79}}],"line":123},"16":{"loc":{"start":{"line":133,"column":32},"end":{"line":133,"column":72}},"type":"cond-expr","locations":[{"start":{"line":133,"column":48},"end":{"line":133,"column":65}},{"start":{"line":133,"column":68},"end":{"line":133,"column":72}}],"line":133},"17":{"loc":{"start":{"line":137,"column":9},"end":{"line":137,"column":85}},"type":"cond-expr","locations":[{"start":{"line":137,"column":25},"end":{"line":137,"column":78}},{"start":{"line":137,"column":81},"end":{"line":137,"column":85}}],"line":137},"18":{"loc":{"start":{"line":140,"column":31},"end":{"line":140,"column":63}},"type":"binary-expr","locations":[{"start":{"line":140,"column":31},"end":{"line":140,"column":38}},{"start":{"line":140,"column":42},"end":{"line":140,"column":63}}],"line":140},"19":{"loc":{"start":{"line":144,"column":41},"end":{"line":144,"column":77}},"type":"cond-expr","locations":[{"start":{"line":144,"column":51},"end":{"line":144,"column":66}},{"start":{"line":144,"column":69},"end":{"line":144,"column":77}}],"line":144}},"s":{"0":0,"1":0,"2":0,"3":0,"4":0,"5":0,"6":0,"7":0,"8":0,"9":0,"10":0,"11":0,"12":0,"13":0,"14":0,"15":0,"16":0,"17":0,"18":0,"19":0,"20":0,"21":0,"22":0,"23":0,"24":0,"25":0,"26":0,"27":0,"28":0,"29":0,"30":0,"31":0,"32":0,"33":0,"34":0,"35":0,"36":0,"37":0,"38":0,"39":0,"40":0,"41":0,"42":0,"43":0,"44":0,"45":0,"46":0,"47":0,"48":0,"49":0,"50":0,"51":0,"52":0,"53":0,"54":0,"55":0,"56":0,"57":0,"58":0},"f":{"0":0,"1":0,"2":0,"3":0,"4":0,"5":0,"6":0},"b":{"0":[0,0],"1":[0,0],"2":[0,0],"3":[0,0],"4":[0,0],"5":[0,0],"6":[0,0],"7":[0,0],"8":[0,0],"9":[0,0],"10":[0,0],"11":[0,0],"12":[0,0],"13":[0,0],"14":[0,0],"15":[0,0],"16":[0,0],"17":[0,0],"18":[0,0],"19":[0,0]}}
,"/Users/sonya/Documents/doresdine-test/frontend/app/modal.tsx": {"path":"/Users/sonya/Documents/doresdine-test/frontend/app/modal.tsx","statementMap":{"0":{"start":{"line":8,"column":2},"end":{"line":17,"column":4}},"1":{"start":{"line":20,"column":15},"end":{"line":35,"column":2}}},"fnMap":{"0":{"name":"ModalScreen","decl":{"start":{"line":7,"column":24},"end":{"line":7,"column":35}},"loc":{"start":{"line":7,"column":38},"end":{"line":18,"column":1}},"line":7}},"branchMap":{"0":{"loc":{"start":{"line":15,"column":24},"end":{"line":15,"column":64}},"type":"cond-expr","locations":[{"start":{"line":15,"column":48},"end":{"line":15,"column":55}},{"start":{"line":15,"column":58},"end":{"line":15,"column":64}}],"line":15}},"s":{"0":0,"1":0},"f":{"0":0},"b":{"0":[0,0]}}
,"/Users/sonya/Documents/doresdine-test/frontend/app/register.tsx": {"path":"/Users/sonya/Documents/doresdine-test/frontend/app/register.tsx","statementMap":{"0":{"start":{"line":7,"column":17},"end":{"line":7,"column":28}},"1":{"start":{"line":8,"column":36},"end":{"line":8,"column":48}},"2":{"start":{"line":9,"column":34},"end":{"line":9,"column":46}},"3":{"start":{"line":10,"column":40},"end":{"line":10,"column":52}},"4":{"start":{"line":11,"column":34},"end":{"line":11,"column":46}},"5":{"start":{"line":12,"column":32},"end":{"line":12,"column":47}},"6":{"start":{"line":13,"column":46},"end":{"line":13,"column":58}},"7":{"start":{"line":14,"column":44},"end":{"line":14,"column":56}},"8":{"start":{"line":15,"column":38},"end":{"line":15,"column":50}},"9":{"start":{"line":16,"column":44},"end":{"line":16,"column":56}},"10":{"start":{"line":18,"column":28},"end":{"line":22,"column":3}},"11":{"start":{"line":20,"column":20},"end":{"line":20,"column":72}},"12":{"start":{"line":21,"column":4},"end":{"line":21,"column":28}},"13":{"start":{"line":24,"column":23},"end":{"line":26,"column":3}},"14":{"start":{"line":25,"column":4},"end":{"line":25,"column":50}},"15":{"start":{"line":28,"column":25},"end":{"line":84,"column":3}},"16":{"start":{"line":29,"column":18},"end":{"line":29,"column":22}},"17":{"start":{"line":30,"column":4},"end":{"line":30,"column":26}},"18":{"start":{"line":31,"column":4},"end":{"line":31,"column":25}},"19":{"start":{"line":32,"column":4},"end":{"line":32,"column":22}},"20":{"start":{"line":33,"column":4},"end":{"line":33,"column":25}},"21":{"start":{"line":36,"column":4},"end":{"line":45,"column":5}},"22":{"start":{"line":37,"column":6},"end":{"line":37,"column":50}},"23":{"start":{"line":38,"column":6},"end":{"line":38,"column":22}},"24":{"start":{"line":39,"column":11},"end":{"line":45,"column":5}},"25":{"start":{"line":40,"column":6},"end":{"line":40,"column":68}},"26":{"start":{"line":41,"column":6},"end":{"line":41,"column":22}},"27":{"start":{"line":42,"column":11},"end":{"line":45,"column":5}},"28":{"start":{"line":43,"column":6},"end":{"line":43,"column":70}},"29":{"start":{"line":44,"column":6},"end":{"line":44,"column":22}},"30":{"start":{"line":48,"column":4},"end":{"line":57,"column":5}},"31":{"start":{"line":49,"column":6},"end":{"line":49,"column":48}},"32":{"start":{"line":50,"column":6},"end":{"line":50,"column":22}},"33":{"start":{"line":51,"column":11},"end":{"line":57,"column":5}},"34":{"start":{"line":52,"column":6},"end":{"line":52,"column":66}},"35":{"start":{"line":53,"column":6},"end":{"line":53,"column":22}},"36":{"start":{"line":54,"column":11},"end":{"line":57,"column":5}},"37":{"start":{"line":55,"column":6},"end":{"line":55,"column":68}},"38":{"start":{"line":56,"column":6},"end":{"line":56,"column":22}},"39":{"start":{"line":60,"column":4},"end":{"line":69,"column":5}},"40":{"start":{"line":61,"column":6},"end":{"line":61,"column":50}},"41":{"start":{"line":62,"column":6},"end":{"line":62,"column":22}},"42":{"start":{"line":63,"column":11},"end":{"line":69,"column":5}},"43":{"start":{"line":64,"column":6},"end":{"line":64,"column":68}},"44":{"start":{"line":65,"column":6},"end":{"line":65,"column":22}},"45":{"start":{"line":66,"column":11},"end":{"line":69,"column":5}},"46":{"start":{"line":67,"column":6},"end":{"line":67,"column":104}},"47":{"start":{"line":68,"column":6},"end":{"line":68,"column":22}},"48":{"start":{"line":72,"column":4},"end":{"line":81,"column":5}},"49":{"start":{"line":73,"column":6},"end":{"line":73,"column":47}},"50":{"start":{"line":74,"column":6},"end":{"line":74,"column":22}},"51":{"start":{"line":75,"column":11},"end":{"line":81,"column":5}},"52":{"start":{"line":76,"column":6},"end":{"line":76,"column":65}},"53":{"start":{"line":77,"column":6},"end":{"line":77,"column":22}},"54":{"start":{"line":78,"column":11},"end":{"line":81,"column":5}},"55":{"start":{"line":79,"column":6},"end":{"line":79,"column":68}},"56":{"start":{"line":80,"column":6},"end":{"line":80,"column":22}},"57":{"start":{"line":83,"column":4},"end":{"line":83,"column":19}},"58":{"start":{"line":86,"column":25},"end":{"line":164,"column":3}},"59":{"start":{"line":88,"column":4},"end":{"line":88,"column":26}},"60":{"start":{"line":89,"column":4},"end":{"line":89,"column":25}},"61":{"start":{"line":90,"column":4},"end":{"line":90,"column":22}},"62":{"start":{"line":91,"column":4},"end":{"line":91,"column":25}},"63":{"start":{"line":94,"column":4},"end":{"line":96,"column":5}},"64":{"start":{"line":95,"column":6},"end":{"line":95,"column":13}},"65":{"start":{"line":98,"column":4},"end":{"line":163,"column":5}},"66":{"start":{"line":99,"column":6},"end":{"line":99,"column":23}},"67":{"start":{"line":100,"column":24},"end":{"line":100,"column":38}},"68":{"start":{"line":101,"column":23},"end":{"line":106,"column":8}},"69":{"start":{"line":109,"column":6},"end":{"line":131,"column":7}},"70":{"start":{"line":111,"column":8},"end":{"line":117,"column":11}},"71":{"start":{"line":119,"column":8},"end":{"line":124,"column":16}},"72":{"start":{"line":120,"column":10},"end":{"line":123,"column":12}},"73":{"start":{"line":127,"column":8},"end":{"line":130,"column":11}},"74":{"start":{"line":133,"column":6},"end":{"line":133,"column":48}},"75":{"start":{"line":134,"column":27},"end":{"line":134,"column":81}},"76":{"start":{"line":137,"column":6},"end":{"line":160,"column":7}},"77":{"start":{"line":138,"column":8},"end":{"line":148,"column":10}},"78":{"start":{"line":145,"column":29},"end":{"line":145,"column":50}},"79":{"start":{"line":149,"column":8},"end":{"line":149,"column":50}},"80":{"start":{"line":150,"column":13},"end":{"line":160,"column":7}},"81":{"start":{"line":151,"column":8},"end":{"line":151,"column":69}},"82":{"start":{"line":152,"column":8},"end":{"line":152,"column":89}},"83":{"start":{"line":153,"column":13},"end":{"line":160,"column":7}},"84":{"start":{"line":154,"column":8},"end":{"line":154,"column":39}},"85":{"start":{"line":155,"column":8},"end":{"line":155,"column":54}},"86":{"start":{"line":156,"column":13},"end":{"line":160,"column":7}},"87":{"start":{"line":157,"column":8},"end":{"line":157,"column":76}},"88":{"start":{"line":159,"column":8},"end":{"line":159,"column":57}},"89":{"start":{"line":162,"column":6},"end":{"line":162,"column":24}},"90":{"start":{"line":166,"column":2},"end":{"line":248,"column":4}},"91":{"start":{"line":176,"column":12},"end":{"line":176,"column":31}},"92":{"start":{"line":177,"column":12},"end":{"line":177,"column":34}},"93":{"start":{"line":190,"column":12},"end":{"line":190,"column":30}},"94":{"start":{"line":191,"column":12},"end":{"line":191,"column":33}},"95":{"start":{"line":205,"column":14},"end":{"line":205,"column":38}},"96":{"start":{"line":206,"column":14},"end":{"line":206,"column":32}},"97":{"start":{"line":223,"column":12},"end":{"line":223,"column":30}},"98":{"start":{"line":224,"column":12},"end":{"line":224,"column":33}},"99":{"start":{"line":243,"column":41},"end":{"line":243,"column":62}},"100":{"start":{"line":251,"column":15},"end":{"line":309,"column":2}}},"fnMap":{"0":{"name":"RegisterScreen","decl":{"start":{"line":6,"column":24},"end":{"line":6,"column":38}},"loc":{"start":{"line":6,"column":41},"end":{"line":249,"column":1}},"line":6},"1":{"name":"(anonymous_1)","decl":{"start":{"line":18,"column":28},"end":{"line":18,"column":29}},"loc":{"start":{"line":18,"column":46},"end":{"line":22,"column":3}},"line":18},"2":{"name":"(anonymous_2)","decl":{"start":{"line":24,"column":23},"end":{"line":24,"column":24}},"loc":{"start":{"line":24,"column":29},"end":{"line":26,"column":3}},"line":24},"3":{"name":"(anonymous_3)","decl":{"start":{"line":28,"column":25},"end":{"line":28,"column":26}},"loc":{"start":{"line":28,"column":40},"end":{"line":84,"column":3}},"line":28},"4":{"name":"(anonymous_4)","decl":{"start":{"line":86,"column":25},"end":{"line":86,"column":26}},"loc":{"start":{"line":86,"column":37},"end":{"line":164,"column":3}},"line":86},"5":{"name":"(anonymous_5)","decl":{"start":{"line":119,"column":19},"end":{"line":119,"column":20}},"loc":{"start":{"line":119,"column":25},"end":{"line":124,"column":9}},"line":119},"6":{"name":"(anonymous_6)","decl":{"start":{"line":145,"column":23},"end":{"line":145,"column":24}},"loc":{"start":{"line":145,"column":29},"end":{"line":145,"column":50}},"line":145},"7":{"name":"(anonymous_7)","decl":{"start":{"line":175,"column":24},"end":{"line":175,"column":25}},"loc":{"start":{"line":175,"column":34},"end":{"line":178,"column":11}},"line":175},"8":{"name":"(anonymous_8)","decl":{"start":{"line":189,"column":24},"end":{"line":189,"column":25}},"loc":{"start":{"line":189,"column":34},"end":{"line":192,"column":11}},"line":189},"9":{"name":"(anonymous_9)","decl":{"start":{"line":204,"column":26},"end":{"line":204,"column":27}},"loc":{"start":{"line":204,"column":36},"end":{"line":207,"column":13}},"line":204},"10":{"name":"(anonymous_10)","decl":{"start":{"line":222,"column":24},"end":{"line":222,"column":25}},"loc":{"start":{"line":222,"column":34},"end":{"line":225,"column":11}},"line":222},"11":{"name":"(anonymous_11)","decl":{"start":{"line":243,"column":35},"end":{"line":243,"column":36}},"loc":{"start":{"line":243,"column":41},"end":{"line":243,"column":62}},"line":243}},"branchMap":{"0":{"loc":{"start":{"line":36,"column":4},"end":{"line":45,"column":5}},"type":"if","locations":[{"start":{"line":36,"column":4},"end":{"line":45,"column":5}},{"start":{"line":39,"column":11},"end":{"line":45,"column":5}}],"line":36},"1":{"loc":{"start":{"line":39,"column":11},"end":{"line":45,"column":5}},"type":"if","locations":[{"start":{"line":39,"column":11},"end":{"line":45,"column":5}},{"start":{"line":42,"column":11},"end":{"line":45,"column":5}}],"line":39},"2":{"loc":{"start":{"line":42,"column":11},"end":{"line":45,"column":5}},"type":"if","locations":[{"start":{"line":42,"column":11},"end":{"line":45,"column":5}},{"start":{},"end":{}}],"line":42},"3":{"loc":{"start":{"line":48,"column":4},"end":{"line":57,"column":5}},"type":"if","locations":[{"start":{"line":48,"column":4},"end":{"line":57,"column":5}},{"start":{"line":51,"column":11},"end":{"line":57,"column":5}}],"line":48},"4":{"loc":{"start":{"line":51,"column":11},"end":{"line":57,"column":5}},"type":"if","locations":[{"start":{"line":51,"column":11},"end":{"line":57,"column":5}},{"start":{"line":54,"column":11},"end":{"line":57,"column":5}}],"line":51},"5":{"loc":{"start":{"line":54,"column":11},"end":{"line":57,"column":5}},"type":"if","locations":[{"start":{"line":54,"column":11},"end":{"line":57,"column":5}},{"start":{},"end":{}}],"line":54},"6":{"loc":{"start":{"line":60,"column":4},"end":{"line":69,"column":5}},"type":"if","locations":[{"start":{"line":60,"column":4},"end":{"line":69,"column":5}},{"start":{"line":63,"column":11},"end":{"line":69,"column":5}}],"line":60},"7":{"loc":{"start":{"line":63,"column":11},"end":{"line":69,"column":5}},"type":"if","locations":[{"start":{"line":63,"column":11},"end":{"line":69,"column":5}},{"start":{"line":66,"column":11},"end":{"line":69,"column":5}}],"line":63},"8":{"loc":{"start":{"line":66,"column":11},"end":{"line":69,"column":5}},"type":"if","locations":[{"start":{"line":66,"column":11},"end":{"line":69,"column":5}},{"start":{},"end":{}}],"line":66},"9":{"loc":{"start":{"line":72,"column":4},"end":{"line":81,"column":5}},"type":"if","locations":[{"start":{"line":72,"column":4},"end":{"line":81,"column":5}},{"start":{"line":75,"column":11},"end":{"line":81,"column":5}}],"line":72},"10":{"loc":{"start":{"line":75,"column":11},"end":{"line":81,"column":5}},"type":"if","locations":[{"start":{"line":75,"column":11},"end":{"line":81,"column":5}},{"start":{"line":78,"column":11},"end":{"line":81,"column":5}}],"line":75},"11":{"loc":{"start":{"line":78,"column":11},"end":{"line":81,"column":5}},"type":"if","locations":[{"start":{"line":78,"column":11},"end":{"line":81,"column":5}},{"start":{},"end":{}}],"line":78},"12":{"loc":{"start":{"line":94,"column":4},"end":{"line":96,"column":5}},"type":"if","locations":[{"start":{"line":94,"column":4},"end":{"line":96,"column":5}},{"start":{},"end":{}}],"line":94},"13":{"loc":{"start":{"line":109,"column":6},"end":{"line":131,"column":7}},"type":"if","locations":[{"start":{"line":109,"column":6},"end":{"line":131,"column":7}},{"start":{"line":125,"column":13},"end":{"line":131,"column":7}}],"line":109},"14":{"loc":{"start":{"line":134,"column":27},"end":{"line":134,"column":81}},"type":"binary-expr","locations":[{"start":{"line":134,"column":27},"end":{"line":134,"column":38}},{"start":{"line":134,"column":42},"end":{"line":134,"column":81}}],"line":134},"15":{"loc":{"start":{"line":137,"column":6},"end":{"line":160,"column":7}},"type":"if","locations":[{"start":{"line":137,"column":6},"end":{"line":160,"column":7}},{"start":{"line":150,"column":13},"end":{"line":160,"column":7}}],"line":137},"16":{"loc":{"start":{"line":137,"column":10},"end":{"line":137,"column":126}},"type":"binary-expr","locations":[{"start":{"line":137,"column":10},"end":{"line":137,"column":69}},{"start":{"line":137,"column":73},"end":{"line":137,"column":126}}],"line":137},"17":{"loc":{"start":{"line":150,"column":13},"end":{"line":160,"column":7}},"type":"if","locations":[{"start":{"line":150,"column":13},"end":{"line":160,"column":7}},{"start":{"line":153,"column":13},"end":{"line":160,"column":7}}],"line":150},"18":{"loc":{"start":{"line":153,"column":13},"end":{"line":160,"column":7}},"type":"if","locations":[{"start":{"line":153,"column":13},"end":{"line":160,"column":7}},{"start":{"line":156,"column":13},"end":{"line":160,"column":7}}],"line":153},"19":{"loc":{"start":{"line":156,"column":13},"end":{"line":160,"column":7}},"type":"if","locations":[{"start":{"line":156,"column":13},"end":{"line":160,"column":7}},{"start":{"line":158,"column":13},"end":{"line":160,"column":7}}],"line":156},"20":{"loc":{"start":{"line":156,"column":17},"end":{"line":156,"column":114}},"type":"binary-expr","locations":[{"start":{"line":156,"column":17},"end":{"line":156,"column":63}},{"start":{"line":156,"column":67},"end":{"line":156,"column":114}}],"line":156},"21":{"loc":{"start":{"line":179,"column":32},"end":{"line":179,"column":73}},"type":"cond-expr","locations":[{"start":{"line":179,"column":49},"end":{"line":179,"column":66}},{"start":{"line":179,"column":69},"end":{"line":179,"column":73}}],"line":179},"22":{"loc":{"start":{"line":182,"column":9},"end":{"line":182,"column":87}},"type":"cond-expr","locations":[{"start":{"line":182,"column":26},"end":{"line":182,"column":80}},{"start":{"line":182,"column":83},"end":{"line":182,"column":87}}],"line":182},"23":{"loc":{"start":{"line":193,"column":32},"end":{"line":193,"column":72}},"type":"cond-expr","locations":[{"start":{"line":193,"column":48},"end":{"line":193,"column":65}},{"start":{"line":193,"column":68},"end":{"line":193,"column":72}}],"line":193},"24":{"loc":{"start":{"line":196,"column":9},"end":{"line":196,"column":85}},"type":"cond-expr","locations":[{"start":{"line":196,"column":25},"end":{"line":196,"column":78}},{"start":{"line":196,"column":81},"end":{"line":196,"column":85}}],"line":196},"25":{"loc":{"start":{"line":200,"column":45},"end":{"line":200,"column":82}},"type":"cond-expr","locations":[{"start":{"line":200,"column":58},"end":{"line":200,"column":75}},{"start":{"line":200,"column":78},"end":{"line":200,"column":82}}],"line":200},"26":{"loc":{"start":{"line":215,"column":9},"end":{"line":215,"column":79}},"type":"cond-expr","locations":[{"start":{"line":215,"column":22},"end":{"line":215,"column":72}},{"start":{"line":215,"column":75},"end":{"line":215,"column":79}}],"line":215},"27":{"loc":{"start":{"line":226,"column":32},"end":{"line":226,"column":72}},"type":"cond-expr","locations":[{"start":{"line":226,"column":48},"end":{"line":226,"column":65}},{"start":{"line":226,"column":68},"end":{"line":226,"column":72}}],"line":226},"28":{"loc":{"start":{"line":230,"column":9},"end":{"line":230,"column":85}},"type":"cond-expr","locations":[{"start":{"line":230,"column":25},"end":{"line":230,"column":78}},{"start":{"line":230,"column":81},"end":{"line":230,"column":85}}],"line":230},"29":{"loc":{"start":{"line":234,"column":31},"end":{"line":234,"column":63}},"type":"binary-expr","locations":[{"start":{"line":234,"column":31},"end":{"line":234,"column":38}},{"start":{"line":234,"column":42},"end":{"line":234,"column":63}}],"line":234},"30":{"loc":{"start":{"line":238,"column":41},"end":{"line":238,"column":83}},"type":"cond-expr","locations":[{"start":{"line":238,"column":51},"end":{"line":238,"column":64}},{"start":{"line":238,"column":67},"end":{"line":238,"column":83}}],"line":238}},"s":{"0":0,"1":0,"2":0,"3":0,"4":0,"5":0,"6":0,"7":0,"8":0,"9":0,"10":0,"11":0,"12":0,"13":0,"14":0,"15":0,"16":0,"17":0,"18":0,"19":0,"20":0,"21":0,"22":0,"23":0,"24":0,"25":0,"26":0,"27":0,"28":0,"29":0,"30":0,"31":0,"32":0,"33":0,"34":0,"35":0,"36":0,"37":0,"38":0,"39":0,"40":0,"41":0,"42":0,"43":0,"44":0,"45":0,"46":0,"47":0,"48":0,"49":0,"50":0,"51":0,"52":0,"53":0,"54":0,"55":0,"56":0,"57":0,"58":0,"59":0,"60":0,"61":0,"62":0,"63":0,"64":0,"65":0,"66":0,"67":0,"68":0,"69":0,"70":0,"71":0,"72":0,"73":0,"74":0,"75":0,"76":0,"77":0,"78":0,"79":0,"80":0,"81":0,"82":0,"83":0,"84":0,"85":0,"86":0,"87":0,"88":0,"89":0,"90":0,"91":0,"92":0,"93":0,"94":0,"95":0,"96":0,"97":0,"98":0,"99":0,"100":0},"f":{"0":0,"1":0,"2":0,"3":0,"4":0,"5":0,"6":0,"7":0,"8":0,"9":0,"10":0,"11":0},"b":{"0":[0,0],"1":[0,0],"2":[0,0],"3":[0,0],"4":[0,0],"5":[0,0],"6":[0,0],"7":[0,0],"8":[0,0],"9":[0,0],"10":[0,0],"11":[0,0],"12":[0,0],"13":[0,0],"14":[0,0],"15":[0,0],"16":[0,0],"17":[0,0],"18":[0,0],"19":[0,0],"20":[0,0],"21":[0,0],"22":[0,0],"23":[0,0],"24":[0,0],"25":[0,0],"26":[0,0],"27":[0,0],"28":[0,0],"29":[0,0],"30":[0,0]}}
,"/Users/sonya/Documents/doresdine-test/frontend/app/verify.tsx": {"path":"/Users/sonya/Documents/doresdine-test/frontend/app/verify.tsx","statementMap":{"0":{"start":{"line":8,"column":39},"end":{"line":8,"column":61}},"1":{"start":{"line":9,"column":17},"end":{"line":9,"column":28}},"2":{"start":{"line":10,"column":26},"end":{"line":10,"column":86}},"3":{"start":{"line":11,"column":32},"end":{"line":11,"column":47}},"4":{"start":{"line":13,"column":23},"end":{"line":30,"column":3}},"5":{"start":{"line":14,"column":4},"end":{"line":29,"column":5}},"6":{"start":{"line":15,"column":6},"end":{"line":15,"column":23}},"7":{"start":{"line":16,"column":20},"end":{"line":16,"column":61}},"8":{"start":{"line":17,"column":6},"end":{"line":24,"column":7}},"9":{"start":{"line":19,"column":8},"end":{"line":21,"column":9}},"10":{"start":{"line":20,"column":10},"end":{"line":20,"column":45}},"11":{"start":{"line":23,"column":8},"end":{"line":23,"column":34}},"12":{"start":{"line":26,"column":6},"end":{"line":26,"column":76}},"13":{"start":{"line":28,"column":6},"end":{"line":28,"column":24}},"14":{"start":{"line":32,"column":23},"end":{"line":52,"column":3}},"15":{"start":{"line":33,"column":4},"end":{"line":51,"column":5}},"16":{"start":{"line":34,"column":6},"end":{"line":34,"column":23}},"17":{"start":{"line":35,"column":23},"end":{"line":35,"column":58}},"18":{"start":{"line":37,"column":6},"end":{"line":46,"column":7}},"19":{"start":{"line":39,"column":8},"end":{"line":39,"column":44}},"20":{"start":{"line":40,"column":8},"end":{"line":43,"column":10}},"21":{"start":{"line":45,"column":8},"end":{"line":45,"column":89}},"22":{"start":{"line":48,"column":6},"end":{"line":48,"column":62}},"23":{"start":{"line":50,"column":6},"end":{"line":50,"column":24}},"24":{"start":{"line":54,"column":21},"end":{"line":56,"column":3}},"25":{"start":{"line":55,"column":4},"end":{"line":55,"column":18}},"26":{"start":{"line":58,"column":2},"end":{"line":94,"column":4}},"27":{"start":{"line":97,"column":15},"end":{"line":173,"column":2}}},"fnMap":{"0":{"name":"VerifyScreen","decl":{"start":{"line":7,"column":24},"end":{"line":7,"column":36}},"loc":{"start":{"line":7,"column":39},"end":{"line":95,"column":1}},"line":7},"1":{"name":"(anonymous_1)","decl":{"start":{"line":13,"column":23},"end":{"line":13,"column":24}},"loc":{"start":{"line":13,"column":35},"end":{"line":30,"column":3}},"line":13},"2":{"name":"(anonymous_2)","decl":{"start":{"line":32,"column":23},"end":{"line":32,"column":24}},"loc":{"start":{"line":32,"column":35},"end":{"line":52,"column":3}},"line":32},"3":{"name":"(anonymous_3)","decl":{"start":{"line":54,"column":21},"end":{"line":54,"column":22}},"loc":{"start":{"line":54,"column":27},"end":{"line":56,"column":3}},"line":54}},"branchMap":{"0":{"loc":{"start":{"line":10,"column":35},"end":{"line":10,"column":85}},"type":"cond-expr","locations":[{"start":{"line":10,"column":55},"end":{"line":10,"column":80}},{"start":{"line":10,"column":83},"end":{"line":10,"column":85}}],"line":10},"1":{"loc":{"start":{"line":17,"column":6},"end":{"line":24,"column":7}},"type":"if","locations":[{"start":{"line":17,"column":6},"end":{"line":24,"column":7}},{"start":{},"end":{}}],"line":17},"2":{"loc":{"start":{"line":19,"column":8},"end":{"line":21,"column":9}},"type":"if","locations":[{"start":{"line":19,"column":8},"end":{"line":21,"column":9}},{"start":{},"end":{}}],"line":19},"3":{"loc":{"start":{"line":26,"column":41},"end":{"line":26,"column":74}},"type":"binary-expr","locations":[{"start":{"line":26,"column":41},"end":{"line":26,"column":52}},{"start":{"line":26,"column":56},"end":{"line":26,"column":74}}],"line":26},"4":{"loc":{"start":{"line":37,"column":6},"end":{"line":46,"column":7}},"type":"if","locations":[{"start":{"line":37,"column":6},"end":{"line":46,"column":7}},{"start":{"line":44,"column":13},"end":{"line":46,"column":7}}],"line":37},"5":{"loc":{"start":{"line":48,"column":27},"end":{"line":48,"column":60}},"type":"binary-expr","locations":[{"start":{"line":48,"column":27},"end":{"line":48,"column":38}},{"start":{"line":48,"column":42},"end":{"line":48,"column":60}}],"line":48},"6":{"loc":{"start":{"line":67,"column":7},"end":{"line":77,"column":7}},"type":"cond-expr","locations":[{"start":{"line":68,"column":8},"end":{"line":72,"column":15}},{"start":{"line":74,"column":8},"end":{"line":76,"column":15}}],"line":67},"7":{"loc":{"start":{"line":86,"column":79},"end":{"line":86,"column":107}},"type":"binary-expr","locations":[{"start":{"line":86,"column":79},"end":{"line":86,"column":86}},{"start":{"line":86,"column":90},"end":{"line":86,"column":107}}],"line":86},"8":{"loc":{"start":{"line":87,"column":41},"end":{"line":87,"column":76}},"type":"cond-expr","locations":[{"start":{"line":87,"column":51},"end":{"line":87,"column":65}},{"start":{"line":87,"column":68},"end":{"line":87,"column":76}}],"line":87}},"s":{"0":0,"1":0,"2":0,"3":0,"4":0,"5":0,"6":0,"7":0,"8":0,"9":0,"10":0,"11":0,"12":0,"13":0,"14":0,"15":0,"16":0,"17":0,"18":0,"19":0,"20":0,"21":0,"22":0,"23":0,"24":0,"25":0,"26":0,"27":0},"f":{"0":0,"1":0,"2":0,"3":0},"b":{"0":[0,0],"1":[0,0],"2":[0,0],"3":[0,0],"4":[0,0],"5":[0,0],"6":[0,0],"7":[0,0],"8":[0,0]}}
,"/Users/sonya/Documents/doresdine-test/frontend/app/(tabs)/_layout.tsx": {"path":"/Users/sonya/Documents/doresdine-test/frontend/app/(tabs)/_layout.tsx","statementMap":{"0":{"start":{"line":5,"column":2},"end":{"line":62,"column":4}}},"fnMap":{"0":{"name":"TabLayout","decl":{"start":{"line":4,"column":24},"end":{"line":4,"column":33}},"loc":{"start":{"line":4,"column":36},"end":{"line":63,"column":1}},"line":4}},"branchMap":{},"s":{"0":0},"f":{"0":0},"b":{}}
,"/Users/sonya/Documents/doresdine-test/frontend/app/(tabs)/create-post.tsx": {"path":"/Users/sonya/Documents/doresdine-test/frontend/app/(tabs)/create-post.tsx","statementMap":{"0":{"start":{"line":18,"column":17},"end":{"line":18,"column":28}},"1":{"start":{"line":19,"column":17},"end":{"line":19,"column":36}},"2":{"start":{"line":20,"column":17},"end":{"line":20,"column":83}},"3":{"start":{"line":22,"column":54},"end":{"line":22,"column":87}},"4":{"start":{"line":23,"column":50},"end":{"line":23,"column":81}},"5":{"start":{"line":24,"column":36},"end":{"line":24,"column":58}},"6":{"start":{"line":25,"column":30},"end":{"line":25,"column":51}},"7":{"start":{"line":26,"column":38},"end":{"line":26,"column":60}},"8":{"start":{"line":27,"column":28},"end":{"line":27,"column":40}},"9":{"start":{"line":28,"column":30},"end":{"line":28,"column":52}},"10":{"start":{"line":31,"column":2},"end":{"line":44,"column":43}},"11":{"start":{"line":32,"column":4},"end":{"line":37,"column":5}},"12":{"start":{"line":33,"column":25},"end":{"line":33,"column":81}},"13":{"start":{"line":33,"column":51},"end":{"line":33,"column":80}},"14":{"start":{"line":34,"column":6},"end":{"line":36,"column":7}},"15":{"start":{"line":35,"column":8},"end":{"line":35,"column":42}},"16":{"start":{"line":38,"column":4},"end":{"line":43,"column":5}},"17":{"start":{"line":39,"column":23},"end":{"line":39,"column":70}},"18":{"start":{"line":39,"column":47},"end":{"line":39,"column":69}},"19":{"start":{"line":40,"column":6},"end":{"line":42,"column":7}},"20":{"start":{"line":41,"column":8},"end":{"line":41,"column":38}},"21":{"start":{"line":46,"column":42},"end":{"line":46,"column":57}},"22":{"start":{"line":48,"column":23},"end":{"line":91,"column":3}},"23":{"start":{"line":49,"column":4},"end":{"line":52,"column":5}},"24":{"start":{"line":50,"column":6},"end":{"line":50,"column":58}},"25":{"start":{"line":51,"column":6},"end":{"line":51,"column":13}},"26":{"start":{"line":54,"column":4},"end":{"line":56,"column":5}},"27":{"start":{"line":55,"column":6},"end":{"line":55,"column":13}},"28":{"start":{"line":58,"column":4},"end":{"line":58,"column":26}},"29":{"start":{"line":60,"column":31},"end":{"line":70,"column":5}},"30":{"start":{"line":72,"column":4},"end":{"line":90,"column":5}},"31":{"start":{"line":73,"column":6},"end":{"line":79,"column":9}},"32":{"start":{"line":81,"column":6},"end":{"line":81,"column":33}},"33":{"start":{"line":82,"column":6},"end":{"line":82,"column":48}},"34":{"start":{"line":83,"column":6},"end":{"line":83,"column":20}},"35":{"start":{"line":85,"column":6},"end":{"line":85,"column":51}},"36":{"start":{"line":86,"column":27},"end":{"line":86,"column":67}},"37":{"start":{"line":87,"column":6},"end":{"line":87,"column":55}},"38":{"start":{"line":89,"column":6},"end":{"line":89,"column":29}},"39":{"start":{"line":93,"column":22},"end":{"line":95,"column":3}},"40":{"start":{"line":94,"column":4},"end":{"line":94,"column":18}},"41":{"start":{"line":97,"column":2},"end":{"line":178,"column":4}},"42":{"start":{"line":181,"column":15},"end":{"line":245,"column":2}}},"fnMap":{"0":{"name":"CreatePostScreen","decl":{"start":{"line":17,"column":24},"end":{"line":17,"column":40}},"loc":{"start":{"line":17,"column":43},"end":{"line":179,"column":1}},"line":17},"1":{"name":"(anonymous_1)","decl":{"start":{"line":31,"column":12},"end":{"line":31,"column":13}},"loc":{"start":{"line":31,"column":18},"end":{"line":44,"column":3}},"line":31},"2":{"name":"(anonymous_2)","decl":{"start":{"line":33,"column":43},"end":{"line":33,"column":44}},"loc":{"start":{"line":33,"column":51},"end":{"line":33,"column":80}},"line":33},"3":{"name":"(anonymous_3)","decl":{"start":{"line":39,"column":39},"end":{"line":39,"column":40}},"loc":{"start":{"line":39,"column":47},"end":{"line":39,"column":69}},"line":39},"4":{"name":"(anonymous_4)","decl":{"start":{"line":48,"column":23},"end":{"line":48,"column":24}},"loc":{"start":{"line":48,"column":35},"end":{"line":91,"column":3}},"line":48},"5":{"name":"(anonymous_5)","decl":{"start":{"line":93,"column":22},"end":{"line":93,"column":23}},"loc":{"start":{"line":93,"column":28},"end":{"line":95,"column":3}},"line":93}},"branchMap":{"0":{"loc":{"start":{"line":32,"column":4},"end":{"line":37,"column":5}},"type":"if","locations":[{"start":{"line":32,"column":4},"end":{"line":37,"column":5}},{"start":{},"end":{}}],"line":32},"1":{"loc":{"start":{"line":34,"column":6},"end":{"line":36,"column":7}},"type":"if","locations":[{"start":{"line":34,"column":6},"end":{"line":36,"column":7}},{"start":{},"end":{}}],"line":34},"2":{"loc":{"start":{"line":38,"column":4},"end":{"line":43,"column":5}},"type":"if","locations":[{"start":{"line":38,"column":4},"end":{"line":43,"column":5}},{"start":{},"end":{}}],"line":38},"3":{"loc":{"start":{"line":40,"column":6},"end":{"line":42,"column":7}},"type":"if","locations":[{"start":{"line":40,"column":6},"end":{"line":42,"column":7}},{"start":{},"end":{}}],"line":40},"4":{"loc":{"start":{"line":49,"column":4},"end":{"line":52,"column":5}},"type":"if","locations":[{"start":{"line":49,"column":4},"end":{"line":52,"column":5}},{"start":{},"end":{}}],"line":49},"5":{"loc":{"start":{"line":54,"column":4},"end":{"line":56,"column":5}},"type":"if","locations":[{"start":{"line":54,"column":4},"end":{"line":56,"column":5}},{"start":{},"end":{}}],"line":54},"6":{"loc":{"start":{"line":64,"column":16},"end":{"line":64,"column":43}},"type":"binary-expr","locations":[{"start":{"line":64,"column":16},"end":{"line":64,"column":32}},{"start":{"line":64,"column":36},"end":{"line":64,"column":43}}],"line":64},"7":{"loc":{"start":{"line":86,"column":27},"end":{"line":86,"column":67}},"type":"binary-expr","locations":[{"start":{"line":86,"column":27},"end":{"line":86,"column":40}},{"start":{"line":86,"column":44},"end":{"line":86,"column":67}}],"line":86},"8":{"loc":{"start":{"line":167,"column":12},"end":{"line":167,"column":78}},"type":"binary-expr","locations":[{"start":{"line":167,"column":13},"end":{"line":167,"column":32}},{"start":{"line":167,"column":36},"end":{"line":167,"column":48}},{"start":{"line":167,"column":53},"end":{"line":167,"column":78}}],"line":167},"9":{"loc":{"start":{"line":170,"column":20},"end":{"line":170,"column":55}},"type":"binary-expr","locations":[{"start":{"line":170,"column":20},"end":{"line":170,"column":39}},{"start":{"line":170,"column":43},"end":{"line":170,"column":55}}],"line":170},"10":{"loc":{"start":{"line":173,"column":13},"end":{"line":173,"column":49}},"type":"cond-expr","locations":[{"start":{"line":173,"column":28},"end":{"line":173,"column":40}},{"start":{"line":173,"column":43},"end":{"line":173,"column":49}}],"line":173}},"s":{"0":0,"1":0,"2":0,"3":0,"4":0,"5":0,"6":0,"7":0,"8":0,"9":0,"10":0,"11":0,"12":0,"13":0,"14":0,"15":0,"16":0,"17":0,"18":0,"19":0,"20":0,"21":0,"22":0,"23":0,"24":0,"25":0,"26":0,"27":0,"28":0,"29":0,"30":0,"31":0,"32":0,"33":0,"34":0,"35":0,"36":0,"37":0,"38":0,"39":0,"40":0,"41":0,"42":0},"f":{"0":0,"1":0,"2":0,"3":0,"4":0,"5":0},"b":{"0":[0,0],"1":[0,0],"2":[0,0],"3":[0,0],"4":[0,0],"5":[0,0],"6":[0,0],"7":[0,0],"8":[0,0,0],"9":[0,0],"10":[0,0]}}
,"/Users/sonya/Documents/doresdine-test/frontend/app/(tabs)/friends.tsx": {"path":"/Users/sonya/Documents/doresdine-test/frontend/app/(tabs)/friends.tsx","statementMap":{"0":{"start":{"line":32,"column":38},"end":{"line":32,"column":50}},"1":{"start":{"line":33,"column":36},"end":{"line":33,"column":80}},"2":{"start":{"line":34,"column":32},"end":{"line":34,"column":54}},"3":{"start":{"line":35,"column":40},"end":{"line":35,"column":62}},"4":{"start":{"line":36,"column":44},"end":{"line":36,"column":64}},"5":{"start":{"line":37,"column":32},"end":{"line":37,"column":46}},"6":{"start":{"line":38,"column":38},"end":{"line":38,"column":53}},"7":{"start":{"line":39,"column":28},"end":{"line":39,"column":57}},"8":{"start":{"line":41,"column":25},"end":{"line":47,"column":3}},"9":{"start":{"line":42,"column":18},"end":{"line":42,"column":57}},"10":{"start":{"line":43,"column":4},"end":{"line":46,"column":6}},"11":{"start":{"line":49,"column":23},"end":{"line":66,"column":3}},"12":{"start":{"line":50,"column":4},"end":{"line":65,"column":5}},"13":{"start":{"line":51,"column":22},"end":{"line":51,"column":44}},"14":{"start":{"line":52,"column":23},"end":{"line":54,"column":8}},"15":{"start":{"line":56,"column":6},"end":{"line":58,"column":7}},"16":{"start":{"line":57,"column":8},"end":{"line":57,"column":51}},"17":{"start":{"line":60,"column":19},"end":{"line":60,"column":40}},"18":{"start":{"line":61,"column":6},"end":{"line":61,"column":23}},"19":{"start":{"line":63,"column":6},"end":{"line":63,"column":52}},"20":{"start":{"line":64,"column":6},"end":{"line":64,"column":28}},"21":{"start":{"line":68,"column":27},"end":{"line":84,"column":3}},"22":{"start":{"line":69,"column":4},"end":{"line":83,"column":5}},"23":{"start":{"line":70,"column":22},"end":{"line":70,"column":44}},"24":{"start":{"line":71,"column":23},"end":{"line":73,"column":8}},"25":{"start":{"line":75,"column":6},"end":{"line":77,"column":7}},"26":{"start":{"line":76,"column":8},"end":{"line":76,"column":55}},"27":{"start":{"line":79,"column":19},"end":{"line":79,"column":40}},"28":{"start":{"line":80,"column":6},"end":{"line":80,"column":39}},"29":{"start":{"line":82,"column":6},"end":{"line":82,"column":56}},"30":{"start":{"line":86,"column":24},"end":{"line":134,"column":3}},"31":{"start":{"line":87,"column":4},"end":{"line":133,"column":5}},"32":{"start":{"line":88,"column":22},"end":{"line":88,"column":44}},"33":{"start":{"line":89,"column":23},"end":{"line":91,"column":8}},"34":{"start":{"line":93,"column":6},"end":{"line":95,"column":7}},"35":{"start":{"line":94,"column":8},"end":{"line":94,"column":59}},"36":{"start":{"line":97,"column":19},"end":{"line":97,"column":40}},"37":{"start":{"line":100,"column":39},"end":{"line":127,"column":8}},"38":{"start":{"line":102,"column":23},"end":{"line":107,"column":13}},"39":{"start":{"line":103,"column":34},"end":{"line":103,"column":90}},"40":{"start":{"line":104,"column":32},"end":{"line":107,"column":11}},"41":{"start":{"line":109,"column":8},"end":{"line":126,"column":10}},"42":{"start":{"line":129,"column":6},"end":{"line":129,"column":41}},"43":{"start":{"line":131,"column":6},"end":{"line":131,"column":53}},"44":{"start":{"line":132,"column":6},"end":{"line":132,"column":28}},"45":{"start":{"line":136,"column":19},"end":{"line":147,"column":3}},"46":{"start":{"line":137,"column":4},"end":{"line":146,"column":5}},"47":{"start":{"line":138,"column":6},"end":{"line":138,"column":21}},"48":{"start":{"line":139,"column":6},"end":{"line":139,"column":79}},"49":{"start":{"line":141,"column":6},"end":{"line":141,"column":48}},"50":{"start":{"line":142,"column":6},"end":{"line":142,"column":53}},"51":{"start":{"line":144,"column":6},"end":{"line":144,"column":24}},"52":{"start":{"line":145,"column":6},"end":{"line":145,"column":27}},"53":{"start":{"line":149,"column":2},"end":{"line":151,"column":9}},"54":{"start":{"line":150,"column":4},"end":{"line":150,"column":15}},"55":{"start":{"line":153,"column":2},"end":{"line":159,"column":4}},"56":{"start":{"line":155,"column":6},"end":{"line":157,"column":7}},"57":{"start":{"line":156,"column":8},"end":{"line":156,"column":19}},"58":{"start":{"line":161,"column":24},"end":{"line":164,"column":3}},"59":{"start":{"line":162,"column":4},"end":{"line":162,"column":24}},"60":{"start":{"line":163,"column":4},"end":{"line":163,"column":15}},"61":{"start":{"line":166,"column":29},"end":{"line":192,"column":3}},"62":{"start":{"line":167,"column":4},"end":{"line":191,"column":5}},"63":{"start":{"line":168,"column":22},"end":{"line":168,"column":44}},"64":{"start":{"line":169,"column":18},"end":{"line":171,"column":58}},"65":{"start":{"line":173,"column":23},"end":{"line":176,"column":8}},"66":{"start":{"line":178,"column":6},"end":{"line":180,"column":7}},"67":{"start":{"line":179,"column":8},"end":{"line":179,"column":51}},"68":{"start":{"line":183,"column":6},"end":{"line":187,"column":9}},"69":{"start":{"line":189,"column":6},"end":{"line":189,"column":51}},"70":{"start":{"line":190,"column":6},"end":{"line":190,"column":16}},"71":{"start":{"line":194,"column":21},"end":{"line":222,"column":3}},"72":{"start":{"line":195,"column":4},"end":{"line":221,"column":5}},"73":{"start":{"line":196,"column":22},"end":{"line":196,"column":44}},"74":{"start":{"line":197,"column":23},"end":{"line":200,"column":8}},"75":{"start":{"line":202,"column":6},"end":{"line":204,"column":7}},"76":{"start":{"line":203,"column":8},"end":{"line":203,"column":47}},"77":{"start":{"line":207,"column":6},"end":{"line":217,"column":8}},"78":{"start":{"line":208,"column":8},"end":{"line":216,"column":9}},"79":{"start":{"line":209,"column":10},"end":{"line":215,"column":18}},"80":{"start":{"line":219,"column":6},"end":{"line":219,"column":49}},"81":{"start":{"line":220,"column":6},"end":{"line":220,"column":18}},"82":{"start":{"line":224,"column":35},"end":{"line":230,"column":3}},"83":{"start":{"line":225,"column":4},"end":{"line":229,"column":6}},"84":{"start":{"line":226,"column":6},"end":{"line":228,"column":7}},"85":{"start":{"line":227,"column":8},"end":{"line":227,"column":71}},"86":{"start":{"line":232,"column":23},"end":{"line":261,"column":3}},"87":{"start":{"line":233,"column":4},"end":{"line":260,"column":11}},"88":{"start":{"line":236,"column":23},"end":{"line":236,"column":47}},"89":{"start":{"line":249,"column":23},"end":{"line":249,"column":46}},"90":{"start":{"line":263,"column":28},"end":{"line":304,"column":3}},"91":{"start":{"line":264,"column":4},"end":{"line":303,"column":7}},"92":{"start":{"line":271,"column":12},"end":{"line":275,"column":14}},"93":{"start":{"line":286,"column":12},"end":{"line":290,"column":14}},"94":{"start":{"line":306,"column":29},"end":{"line":328,"column":3}},"95":{"start":{"line":307,"column":4},"end":{"line":327,"column":7}},"96":{"start":{"line":310,"column":10},"end":{"line":315,"column":12}},"97":{"start":{"line":330,"column":2},"end":{"line":349,"column":3}},"98":{"start":{"line":331,"column":4},"end":{"line":348,"column":6}},"99":{"start":{"line":338,"column":28},"end":{"line":338,"column":32}},"100":{"start":{"line":351,"column":2},"end":{"line":378,"column":4}},"101":{"start":{"line":362,"column":10},"end":{"line":364,"column":17}},"102":{"start":{"line":366,"column":32},"end":{"line":366,"column":39}},"103":{"start":{"line":381,"column":15},"end":{"line":444,"column":2}}},"fnMap":{"0":{"name":"FriendsScreen","decl":{"start":{"line":31,"column":24},"end":{"line":31,"column":37}},"loc":{"start":{"line":31,"column":40},"end":{"line":379,"column":1}},"line":31},"1":{"name":"(anonymous_1)","decl":{"start":{"line":41,"column":25},"end":{"line":41,"column":26}},"loc":{"start":{"line":41,"column":37},"end":{"line":47,"column":3}},"line":41},"2":{"name":"(anonymous_2)","decl":{"start":{"line":49,"column":23},"end":{"line":49,"column":24}},"loc":{"start":{"line":49,"column":35},"end":{"line":66,"column":3}},"line":49},"3":{"name":"(anonymous_3)","decl":{"start":{"line":68,"column":27},"end":{"line":68,"column":28}},"loc":{"start":{"line":68,"column":39},"end":{"line":84,"column":3}},"line":68},"4":{"name":"(anonymous_4)","decl":{"start":{"line":86,"column":24},"end":{"line":86,"column":25}},"loc":{"start":{"line":86,"column":36},"end":{"line":134,"column":3}},"line":86},"5":{"name":"(anonymous_5)","decl":{"start":{"line":100,"column":48},"end":{"line":100,"column":49}},"loc":{"start":{"line":100,"column":63},"end":{"line":127,"column":7}},"line":100},"6":{"name":"(anonymous_6)","decl":{"start":{"line":103,"column":18},"end":{"line":103,"column":19}},"loc":{"start":{"line":103,"column":34},"end":{"line":103,"column":90}},"line":103},"7":{"name":"(anonymous_7)","decl":{"start":{"line":104,"column":15},"end":{"line":104,"column":16}},"loc":{"start":{"line":104,"column":32},"end":{"line":107,"column":11}},"line":104},"8":{"name":"(anonymous_8)","decl":{"start":{"line":136,"column":19},"end":{"line":136,"column":20}},"loc":{"start":{"line":136,"column":31},"end":{"line":147,"column":3}},"line":136},"9":{"name":"(anonymous_9)","decl":{"start":{"line":149,"column":12},"end":{"line":149,"column":13}},"loc":{"start":{"line":149,"column":18},"end":{"line":151,"column":3}},"line":149},"10":{"name":"(anonymous_10)","decl":{"start":{"line":154,"column":16},"end":{"line":154,"column":17}},"loc":{"start":{"line":154,"column":22},"end":{"line":158,"column":5}},"line":154},"11":{"name":"(anonymous_11)","decl":{"start":{"line":161,"column":24},"end":{"line":161,"column":25}},"loc":{"start":{"line":161,"column":30},"end":{"line":164,"column":3}},"line":161},"12":{"name":"(anonymous_12)","decl":{"start":{"line":166,"column":29},"end":{"line":166,"column":30}},"loc":{"start":{"line":166,"column":86},"end":{"line":192,"column":3}},"line":166},"13":{"name":"(anonymous_13)","decl":{"start":{"line":194,"column":21},"end":{"line":194,"column":22}},"loc":{"start":{"line":194,"column":56},"end":{"line":222,"column":3}},"line":194},"14":{"name":"(anonymous_14)","decl":{"start":{"line":207,"column":23},"end":{"line":207,"column":24}},"loc":{"start":{"line":208,"column":8},"end":{"line":216,"column":9}},"line":208},"15":{"name":"(anonymous_15)","decl":{"start":{"line":208,"column":22},"end":{"line":208,"column":23}},"loc":{"start":{"line":209,"column":10},"end":{"line":215,"column":18}},"line":209},"16":{"name":"(anonymous_16)","decl":{"start":{"line":224,"column":35},"end":{"line":224,"column":36}},"loc":{"start":{"line":224,"column":82},"end":{"line":230,"column":3}},"line":224},"17":{"name":"(anonymous_17)","decl":{"start":{"line":225,"column":21},"end":{"line":225,"column":22}},"loc":{"start":{"line":226,"column":6},"end":{"line":228,"column":7}},"line":226},"18":{"name":"(anonymous_18)","decl":{"start":{"line":226,"column":20},"end":{"line":226,"column":21}},"loc":{"start":{"line":227,"column":8},"end":{"line":227,"column":71}},"line":227},"19":{"name":"(anonymous_19)","decl":{"start":{"line":232,"column":23},"end":{"line":232,"column":24}},"loc":{"start":{"line":233,"column":4},"end":{"line":260,"column":11}},"line":233},"20":{"name":"(anonymous_20)","decl":{"start":{"line":236,"column":17},"end":{"line":236,"column":18}},"loc":{"start":{"line":236,"column":23},"end":{"line":236,"column":47}},"line":236},"21":{"name":"(anonymous_21)","decl":{"start":{"line":249,"column":17},"end":{"line":249,"column":18}},"loc":{"start":{"line":249,"column":23},"end":{"line":249,"column":46}},"line":249},"22":{"name":"(anonymous_22)","decl":{"start":{"line":263,"column":28},"end":{"line":263,"column":29}},"loc":{"start":{"line":264,"column":4},"end":{"line":303,"column":7}},"line":264},"23":{"name":"(anonymous_23)","decl":{"start":{"line":270,"column":23},"end":{"line":270,"column":24}},"loc":{"start":{"line":271,"column":12},"end":{"line":275,"column":14}},"line":271},"24":{"name":"(anonymous_24)","decl":{"start":{"line":285,"column":27},"end":{"line":285,"column":28}},"loc":{"start":{"line":286,"column":12},"end":{"line":290,"column":14}},"line":286},"25":{"name":"(anonymous_25)","decl":{"start":{"line":306,"column":29},"end":{"line":306,"column":30}},"loc":{"start":{"line":307,"column":4},"end":{"line":327,"column":7}},"line":307},"26":{"name":"(anonymous_26)","decl":{"start":{"line":309,"column":26},"end":{"line":309,"column":27}},"loc":{"start":{"line":310,"column":10},"end":{"line":315,"column":12}},"line":310},"27":{"name":"(anonymous_27)","decl":{"start":{"line":338,"column":22},"end":{"line":338,"column":23}},"loc":{"start":{"line":338,"column":28},"end":{"line":338,"column":32}},"line":338},"28":{"name":"(anonymous_28)","decl":{"start":{"line":361,"column":20},"end":{"line":361,"column":21}},"loc":{"start":{"line":362,"column":10},"end":{"line":364,"column":17}},"line":362},"29":{"name":"(anonymous_29)","decl":{"start":{"line":366,"column":22},"end":{"line":366,"column":23}},"loc":{"start":{"line":366,"column":32},"end":{"line":366,"column":39}},"line":366}},"branchMap":{"0":{"loc":{"start":{"line":45,"column":10},"end":{"line":45,"column":59}},"type":"cond-expr","locations":[{"start":{"line":45,"column":18},"end":{"line":45,"column":54}},{"start":{"line":45,"column":57},"end":{"line":45,"column":59}}],"line":45},"1":{"loc":{"start":{"line":56,"column":6},"end":{"line":58,"column":7}},"type":"if","locations":[{"start":{"line":56,"column":6},"end":{"line":58,"column":7}},{"start":{},"end":{}}],"line":56},"2":{"loc":{"start":{"line":75,"column":6},"end":{"line":77,"column":7}},"type":"if","locations":[{"start":{"line":75,"column":6},"end":{"line":77,"column":7}},{"start":{},"end":{}}],"line":75},"3":{"loc":{"start":{"line":93,"column":6},"end":{"line":95,"column":7}},"type":"if","locations":[{"start":{"line":93,"column":6},"end":{"line":95,"column":7}},{"start":{},"end":{}}],"line":93},"4":{"loc":{"start":{"line":102,"column":24},"end":{"line":102,"column":41}},"type":"binary-expr","locations":[{"start":{"line":102,"column":24},"end":{"line":102,"column":35}},{"start":{"line":102,"column":39},"end":{"line":102,"column":41}}],"line":102},"5":{"loc":{"start":{"line":103,"column":34},"end":{"line":103,"column":90}},"type":"binary-expr","locations":[{"start":{"line":103,"column":34},"end":{"line":103,"column":51}},{"start":{"line":103,"column":55},"end":{"line":103,"column":90}}],"line":103},"6":{"loc":{"start":{"line":106,"column":20},"end":{"line":106,"column":38}},"type":"binary-expr","locations":[{"start":{"line":106,"column":20},"end":{"line":106,"column":31}},{"start":{"line":106,"column":35},"end":{"line":106,"column":38}}],"line":106},"7":{"loc":{"start":{"line":112,"column":22},"end":{"line":112,"column":56}},"type":"binary-expr","locations":[{"start":{"line":112,"column":22},"end":{"line":112,"column":43}},{"start":{"line":112,"column":47},"end":{"line":112,"column":56}}],"line":112},"8":{"loc":{"start":{"line":117,"column":19},"end":{"line":117,"column":39}},"type":"binary-expr","locations":[{"start":{"line":117,"column":19},"end":{"line":117,"column":33}},{"start":{"line":117,"column":37},"end":{"line":117,"column":39}}],"line":117},"9":{"loc":{"start":{"line":119,"column":18},"end":{"line":119,"column":36}},"type":"binary-expr","locations":[{"start":{"line":119,"column":18},"end":{"line":119,"column":29}},{"start":{"line":119,"column":33},"end":{"line":119,"column":36}}],"line":119},"10":{"loc":{"start":{"line":120,"column":17},"end":{"line":120,"column":35}},"type":"binary-expr","locations":[{"start":{"line":120,"column":17},"end":{"line":120,"column":29}},{"start":{"line":120,"column":33},"end":{"line":120,"column":35}}],"line":120},"11":{"loc":{"start":{"line":121,"column":21},"end":{"line":121,"column":42}},"type":"binary-expr","locations":[{"start":{"line":121,"column":21},"end":{"line":121,"column":36}},{"start":{"line":121,"column":40},"end":{"line":121,"column":42}}],"line":121},"12":{"loc":{"start":{"line":123,"column":21},"end":{"line":123,"column":41}},"type":"binary-expr","locations":[{"start":{"line":123,"column":21},"end":{"line":123,"column":36}},{"start":{"line":123,"column":40},"end":{"line":123,"column":41}}],"line":123},"13":{"loc":{"start":{"line":124,"column":24},"end":{"line":124,"column":47}},"type":"binary-expr","locations":[{"start":{"line":124,"column":24},"end":{"line":124,"column":42}},{"start":{"line":124,"column":46},"end":{"line":124,"column":47}}],"line":124},"14":{"loc":{"start":{"line":125,"column":19},"end":{"line":125,"column":41}},"type":"binary-expr","locations":[{"start":{"line":125,"column":19},"end":{"line":125,"column":32}},{"start":{"line":125,"column":36},"end":{"line":125,"column":41}}],"line":125},"15":{"loc":{"start":{"line":142,"column":15},"end":{"line":142,"column":51}},"type":"binary-expr","locations":[{"start":{"line":142,"column":15},"end":{"line":142,"column":26}},{"start":{"line":142,"column":30},"end":{"line":142,"column":51}}],"line":142},"16":{"loc":{"start":{"line":155,"column":6},"end":{"line":157,"column":7}},"type":"if","locations":[{"start":{"line":155,"column":6},"end":{"line":157,"column":7}},{"start":{},"end":{}}],"line":155},"17":{"loc":{"start":{"line":169,"column":18},"end":{"line":171,"column":58}},"type":"cond-expr","locations":[{"start":{"line":170,"column":10},"end":{"line":170,"column":60}},{"start":{"line":171,"column":10},"end":{"line":171,"column":58}}],"line":169},"18":{"loc":{"start":{"line":174,"column":16},"end":{"line":174,"column":56}},"type":"cond-expr","locations":[{"start":{"line":174,"column":39},"end":{"line":174,"column":47}},{"start":{"line":174,"column":50},"end":{"line":174,"column":56}}],"line":174},"19":{"loc":{"start":{"line":178,"column":6},"end":{"line":180,"column":7}},"type":"if","locations":[{"start":{"line":178,"column":6},"end":{"line":180,"column":7}},{"start":{},"end":{}}],"line":178},"20":{"loc":{"start":{"line":202,"column":6},"end":{"line":204,"column":7}},"type":"if","locations":[{"start":{"line":202,"column":6},"end":{"line":204,"column":7}},{"start":{},"end":{}}],"line":202},"21":{"loc":{"start":{"line":209,"column":10},"end":{"line":215,"column":18}},"type":"cond-expr","locations":[{"start":{"line":210,"column":14},"end":{"line":214,"column":15}},{"start":{"line":215,"column":14},"end":{"line":215,"column":18}}],"line":209},"22":{"loc":{"start":{"line":213,"column":27},"end":{"line":213,"column":81}},"type":"cond-expr","locations":[{"start":{"line":213,"column":42},"end":{"line":213,"column":60}},{"start":{"line":213,"column":63},"end":{"line":213,"column":81}}],"line":213},"23":{"loc":{"start":{"line":227,"column":8},"end":{"line":227,"column":71}},"type":"cond-expr","locations":[{"start":{"line":227,"column":29},"end":{"line":227,"column":64}},{"start":{"line":227,"column":67},"end":{"line":227,"column":71}}],"line":227},"24":{"loc":{"start":{"line":235,"column":28},"end":{"line":235,"column":72}},"type":"binary-expr","locations":[{"start":{"line":235,"column":28},"end":{"line":235,"column":52}},{"start":{"line":235,"column":56},"end":{"line":235,"column":72}}],"line":235},"25":{"loc":{"start":{"line":241,"column":12},"end":{"line":241,"column":60}},"type":"binary-expr","locations":[{"start":{"line":241,"column":12},"end":{"line":241,"column":36}},{"start":{"line":241,"column":40},"end":{"line":241,"column":60}}],"line":241},"26":{"loc":{"start":{"line":248,"column":28},"end":{"line":248,"column":71}},"type":"binary-expr","locations":[{"start":{"line":248,"column":28},"end":{"line":248,"column":51}},{"start":{"line":248,"column":55},"end":{"line":248,"column":71}}],"line":248},"27":{"loc":{"start":{"line":254,"column":12},"end":{"line":254,"column":59}},"type":"binary-expr","locations":[{"start":{"line":254,"column":12},"end":{"line":254,"column":35}},{"start":{"line":254,"column":39},"end":{"line":254,"column":59}}],"line":254},"28":{"loc":{"start":{"line":265,"column":7},"end":{"line":278,"column":7}},"type":"binary-expr","locations":[{"start":{"line":265,"column":7},"end":{"line":265,"column":25}},{"start":{"line":266,"column":8},"end":{"line":277,"column":11}}],"line":265},"29":{"loc":{"start":{"line":280,"column":7},"end":{"line":293,"column":7}},"type":"binary-expr","locations":[{"start":{"line":280,"column":7},"end":{"line":280,"column":29}},{"start":{"line":281,"column":8},"end":{"line":292,"column":11}}],"line":280},"30":{"loc":{"start":{"line":295,"column":7},"end":{"line":302,"column":7}},"type":"binary-expr","locations":[{"start":{"line":295,"column":7},"end":{"line":295,"column":27}},{"start":{"line":295,"column":31},"end":{"line":295,"column":55}},{"start":{"line":296,"column":8},"end":{"line":301,"column":15}}],"line":295},"31":{"loc":{"start":{"line":308,"column":7},"end":{"line":326,"column":7}},"type":"cond-expr","locations":[{"start":{"line":309,"column":8},"end":{"line":316,"column":10}},{"start":{"line":318,"column":8},"end":{"line":325,"column":15}}],"line":308},"32":{"loc":{"start":{"line":321,"column":13},"end":{"line":323,"column":59}},"type":"cond-expr","locations":[{"start":{"line":322,"column":16},"end":{"line":322,"column":64}},{"start":{"line":323,"column":16},"end":{"line":323,"column":59}}],"line":321},"33":{"loc":{"start":{"line":330,"column":2},"end":{"line":349,"column":3}},"type":"if","locations":[{"start":{"line":330,"column":2},"end":{"line":349,"column":3}},{"start":{},"end":{}}],"line":330},"34":{"loc":{"start":{"line":363,"column":13},"end":{"line":363,"column":81}},"type":"cond-expr","locations":[{"start":{"line":363,"column":39},"end":{"line":363,"column":58}},{"start":{"line":363,"column":61},"end":{"line":363,"column":81}}],"line":363}},"s":{"0":0,"1":0,"2":0,"3":0,"4":0,"5":0,"6":0,"7":0,"8":0,"9":0,"10":0,"11":0,"12":0,"13":0,"14":0,"15":0,"16":0,"17":0,"18":0,"19":0,"20":0,"21":0,"22":0,"23":0,"24":0,"25":0,"26":0,"27":0,"28":0,"29":0,"30":0,"31":0,"32":0,"33":0,"34":0,"35":0,"36":0,"37":0,"38":0,"39":0,"40":0,"41":0,"42":0,"43":0,"44":0,"45":0,"46":0,"47":0,"48":0,"49":0,"50":0,"51":0,"52":0,"53":0,"54":0,"55":0,"56":0,"57":0,"58":0,"59":0,"60":0,"61":0,"62":0,"63":0,"64":0,"65":0,"66":0,"67":0,"68":0,"69":0,"70":0,"71":0,"72":0,"73":0,"74":0,"75":0,"76":0,"77":0,"78":0,"79":0,"80":0,"81":0,"82":0,"83":0,"84":0,"85":0,"86":0,"87":0,"88":0,"89":0,"90":0,"91":0,"92":0,"93":0,"94":0,"95":0,"96":0,"97":0,"98":0,"99":0,"100":0,"101":0,"102":0,"103":0},"f":{"0":0,"1":0,"2":0,"3":0,"4":0,"5":0,"6":0,"7":0,"8":0,"9":0,"10":0,"11":0,"12":0,"13":0,"14":0,"15":0,"16":0,"17":0,"18":0,"19":0,"20":0,"21":0,"22":0,"23":0,"24":0,"25":0,"26":0,"27":0,"28":0,"29":0},"b":{"0":[0,0],"1":[0,0],"2":[0,0],"3":[0,0],"4":[0,0],"5":[0,0],"6":[0,0],"7":[0,0],"8":[0,0],"9":[0,0],"10":[0,0],"11":[0,0],"12":[0,0],"13":[0,0],"14":[0,0],"15":[0,0],"16":[0,0],"17":[0,0],"18":[0,0],"19":[0,0],"20":[0,0],"21":[0,0],"22":[0,0],"23":[0,0],"24":[0,0],"25":[0,0],"26":[0,0],"27":[0,0],"28":[0,0],"29":[0,0],"30":[0,0,0],"31":[0,0],"32":[0,0],"33":[0,0],"34":[0,0]}}
,"/Users/sonya/Documents/doresdine-test/frontend/app/(tabs)/index.tsx": {"path":"/Users/sonya/Documents/doresdine-test/frontend/app/(tabs)/index.tsx","statementMap":{"0":{"start":{"line":12,"column":17},"end":{"line":12,"column":36}},"1":{"start":{"line":13,"column":38},"end":{"line":13,"column":50}},"2":{"start":{"line":14,"column":28},"end":{"line":14,"column":48}},"3":{"start":{"line":15,"column":32},"end":{"line":15,"column":46}},"4":{"start":{"line":16,"column":38},"end":{"line":16,"column":53}},"5":{"start":{"line":17,"column":28},"end":{"line":17,"column":57}},"6":{"start":{"line":18,"column":23},"end":{"line":18,"column":36}},"7":{"start":{"line":21,"column":2},"end":{"line":30,"column":9}},"8":{"start":{"line":22,"column":21},"end":{"line":28,"column":5}},"9":{"start":{"line":23,"column":6},"end":{"line":27,"column":7}},"10":{"start":{"line":24,"column":8},"end":{"line":24,"column":32}},"11":{"start":{"line":26,"column":8},"end":{"line":26,"column":55}},"12":{"start":{"line":29,"column":4},"end":{"line":29,"column":15}},"13":{"start":{"line":32,"column":20},"end":{"line":45,"column":3}},"14":{"start":{"line":33,"column":4},"end":{"line":44,"column":5}},"15":{"start":{"line":34,"column":6},"end":{"line":34,"column":21}},"16":{"start":{"line":35,"column":27},"end":{"line":35,"column":45}},"17":{"start":{"line":36,"column":6},"end":{"line":36,"column":29}},"18":{"start":{"line":37,"column":6},"end":{"line":37,"column":34}},"19":{"start":{"line":39,"column":6},"end":{"line":39,"column":50}},"20":{"start":{"line":40,"column":6},"end":{"line":40,"column":54}},"21":{"start":{"line":42,"column":6},"end":{"line":42,"column":24}},"22":{"start":{"line":43,"column":6},"end":{"line":43,"column":27}},"23":{"start":{"line":47,"column":2},"end":{"line":49,"column":9}},"24":{"start":{"line":48,"column":4},"end":{"line":48,"column":16}},"25":{"start":{"line":52,"column":2},"end":{"line":59,"column":4}},"26":{"start":{"line":55,"column":6},"end":{"line":57,"column":7}},"27":{"start":{"line":56,"column":8},"end":{"line":56,"column":20}},"28":{"start":{"line":61,"column":24},"end":{"line":64,"column":3}},"29":{"start":{"line":62,"column":4},"end":{"line":62,"column":24}},"30":{"start":{"line":63,"column":4},"end":{"line":63,"column":16}},"31":{"start":{"line":66,"column":21},"end":{"line":85,"column":3}},"32":{"start":{"line":67,"column":4},"end":{"line":84,"column":5}},"33":{"start":{"line":68,"column":6},"end":{"line":68,"column":35}},"34":{"start":{"line":70,"column":6},"end":{"line":80,"column":8}},"35":{"start":{"line":71,"column":8},"end":{"line":79,"column":9}},"36":{"start":{"line":72,"column":10},"end":{"line":78,"column":18}},"37":{"start":{"line":82,"column":6},"end":{"line":82,"column":49}},"38":{"start":{"line":87,"column":35},"end":{"line":93,"column":3}},"39":{"start":{"line":88,"column":4},"end":{"line":92,"column":6}},"40":{"start":{"line":89,"column":6},"end":{"line":91,"column":7}},"41":{"start":{"line":90,"column":8},"end":{"line":90,"column":71}},"42":{"start":{"line":95,"column":34},"end":{"line":98,"column":3}},"43":{"start":{"line":97,"column":4},"end":{"line":97,"column":62}},"44":{"start":{"line":100,"column":2},"end":{"line":107,"column":3}},"45":{"start":{"line":101,"column":4},"end":{"line":106,"column":6}},"46":{"start":{"line":109,"column":2},"end":{"line":126,"column":3}},"47":{"start":{"line":110,"column":4},"end":{"line":125,"column":6}},"48":{"start":{"line":128,"column":2},"end":{"line":173,"column":4}},"49":{"start":{"line":139,"column":32},"end":{"line":139,"column":50}},"50":{"start":{"line":141,"column":10},"end":{"line":146,"column":12}}},"fnMap":{"0":{"name":"FeedScreen","decl":{"start":{"line":11,"column":24},"end":{"line":11,"column":34}},"loc":{"start":{"line":11,"column":37},"end":{"line":174,"column":1}},"line":11},"1":{"name":"(anonymous_1)","decl":{"start":{"line":21,"column":12},"end":{"line":21,"column":13}},"loc":{"start":{"line":21,"column":18},"end":{"line":30,"column":3}},"line":21},"2":{"name":"(anonymous_2)","decl":{"start":{"line":22,"column":21},"end":{"line":22,"column":22}},"loc":{"start":{"line":22,"column":33},"end":{"line":28,"column":5}},"line":22},"3":{"name":"(anonymous_3)","decl":{"start":{"line":32,"column":20},"end":{"line":32,"column":21}},"loc":{"start":{"line":32,"column":32},"end":{"line":45,"column":3}},"line":32},"4":{"name":"(anonymous_4)","decl":{"start":{"line":47,"column":12},"end":{"line":47,"column":13}},"loc":{"start":{"line":47,"column":18},"end":{"line":49,"column":3}},"line":47},"5":{"name":"(anonymous_5)","decl":{"start":{"line":53,"column":22},"end":{"line":53,"column":23}},"loc":{"start":{"line":53,"column":28},"end":{"line":58,"column":5}},"line":53},"6":{"name":"(anonymous_6)","decl":{"start":{"line":61,"column":24},"end":{"line":61,"column":25}},"loc":{"start":{"line":61,"column":30},"end":{"line":64,"column":3}},"line":61},"7":{"name":"(anonymous_7)","decl":{"start":{"line":66,"column":21},"end":{"line":66,"column":22}},"loc":{"start":{"line":66,"column":56},"end":{"line":85,"column":3}},"line":66},"8":{"name":"(anonymous_8)","decl":{"start":{"line":70,"column":15},"end":{"line":70,"column":16}},"loc":{"start":{"line":71,"column":8},"end":{"line":79,"column":9}},"line":71},"9":{"name":"(anonymous_9)","decl":{"start":{"line":71,"column":22},"end":{"line":71,"column":23}},"loc":{"start":{"line":72,"column":10},"end":{"line":78,"column":18}},"line":72},"10":{"name":"(anonymous_10)","decl":{"start":{"line":87,"column":35},"end":{"line":87,"column":36}},"loc":{"start":{"line":87,"column":82},"end":{"line":93,"column":3}},"line":87},"11":{"name":"(anonymous_11)","decl":{"start":{"line":88,"column":13},"end":{"line":88,"column":14}},"loc":{"start":{"line":89,"column":6},"end":{"line":91,"column":7}},"line":89},"12":{"name":"(anonymous_12)","decl":{"start":{"line":89,"column":20},"end":{"line":89,"column":21}},"loc":{"start":{"line":90,"column":8},"end":{"line":90,"column":71}},"line":90},"13":{"name":"(anonymous_13)","decl":{"start":{"line":95,"column":34},"end":{"line":95,"column":35}},"loc":{"start":{"line":95,"column":76},"end":{"line":98,"column":3}},"line":95},"14":{"name":"(anonymous_14)","decl":{"start":{"line":139,"column":22},"end":{"line":139,"column":23}},"loc":{"start":{"line":139,"column":32},"end":{"line":139,"column":50}},"line":139},"15":{"name":"(anonymous_15)","decl":{"start":{"line":140,"column":20},"end":{"line":140,"column":21}},"loc":{"start":{"line":141,"column":10},"end":{"line":146,"column":12}},"line":141}},"branchMap":{"0":{"loc":{"start":{"line":40,"column":15},"end":{"line":40,"column":52}},"type":"binary-expr","locations":[{"start":{"line":40,"column":15},"end":{"line":40,"column":26}},{"start":{"line":40,"column":30},"end":{"line":40,"column":52}}],"line":40},"1":{"loc":{"start":{"line":55,"column":6},"end":{"line":57,"column":7}
[...]
start":{"line":112,"column":2},"end":{"line":114,"column":3}},"type":"if","locations":[{"start":{"line":112,"column":2},"end":{"line":114,"column":3}},{"start":{},"end":{}}],"line":112},"16":{"loc":{"start":{"line":127,"column":2},"end":{"line":137,"column":3}},"type":"if","locations":[{"start":{"line":127,"column":2},"end":{"line":137,"column":3}},{"start":{},"end":{}}],"line":127},"17":{"loc":{"start":{"line":131,"column":21},"end":{"line":131,"column":52}},"type":"binary-expr","locations":[{"start":{"line":131,"column":21},"end":{"line":131,"column":36}},{"start":{"line":131,"column":40},"end":{"line":131,"column":52}}],"line":131},"18":{"loc":{"start":{"line":134,"column":21},"end":{"line":134,"column":51}},"type":"binary-expr","locations":[{"start":{"line":134,"column":21},"end":{"line":134,"column":35}},{"start":{"line":134,"column":39},"end":{"line":134,"column":51}}],"line":134},"19":{"loc":{"start":{"line":152,"column":2},"end":{"line":154,"column":3}},"type":"if","locations":[{"start":{"line":152,"column":2},"end":{"line":154,"column":3}},{"start":{},"end":{}}],"line":152},"20":{"loc":{"start":{"line":153,"column":20},"end":{"line":153,"column":52}},"type":"binary-expr","locations":[{"start":{"line":153,"column":20},"end":{"line":153,"column":30}},{"start":{"line":153,"column":34},"end":{"line":153,"column":52}}],"line":153},"21":{"loc":{"start":{"line":168,"column":2},"end":{"line":170,"column":3}},"type":"if","locations":[{"start":{"line":168,"column":2},"end":{"line":170,"column":3}},{"start":{},"end":{}}],"line":168},"22":{"loc":{"start":{"line":169,"column":20},"end":{"line":169,"column":55}},"type":"binary-expr","locations":[{"start":{"line":169,"column":20},"end":{"line":169,"column":30}},{"start":{"line":169,"column":34},"end":{"line":169,"column":55}}],"line":169},"23":{"loc":{"start":{"line":172,"column":2},"end":{"line":175,"column":3}},"type":"if","locations":[{"start":{"line":172,"column":2},"end":{"line":175,"column":3}},{"start":{},"end":{}}],"line":172},"24":{"loc":{"start":{"line":187,"column":2},"end":{"line":189,"column":3}},"type":"if","locations":[{"start":{"line":187,"column":2},"end":{"line":189,"column":3}},{"start":{},"end":{}}],"line":187},"25":{"loc":{"start":{"line":188,"column":20},"end":{"line":188,"column":48}},"type":"binary-expr","locations":[{"start":{"line":188,"column":20},"end":{"line":188,"column":30}},{"start":{"line":188,"column":34},"end":{"line":188,"column":48}}],"line":188},"26":{"loc":{"start":{"line":191,"column":2},"end":{"line":194,"column":3}},"type":"if","locations":[{"start":{"line":191,"column":2},"end":{"line":194,"column":3}},{"start":{},"end":{}}],"line":191},"27":{"loc":{"start":{"line":202,"column":4},"end":{"line":202,"column":25}},"type":"if","locations":[{"start":{"line":202,"column":4},"end":{"line":202,"column":25}},{"start":{},"end":{}}],"line":202},"28":{"loc":{"start":{"line":213,"column":4},"end":{"line":216,"column":5}},"type":"if","locations":[{"start":{"line":213,"column":4},"end":{"line":216,"column":5}},{"start":{},"end":{}}],"line":213},"29":{"loc":{"start":{"line":215,"column":22},"end":{"line":215,"column":65}},"type":"binary-expr","locations":[{"start":{"line":215,"column":22},"end":{"line":215,"column":31}},{"start":{"line":215,"column":35},"end":{"line":215,"column":65}}],"line":215},"30":{"loc":{"start":{"line":249,"column":19},"end":{"line":249,"column":51}},"type":"binary-expr","locations":[{"start":{"line":249,"column":19},"end":{"line":249,"column":40}},{"start":{"line":249,"column":44},"end":{"line":249,"column":51}}],"line":249},"31":{"loc":{"start":{"line":255,"column":18},"end":{"line":255,"column":42}},"type":"binary-expr","locations":[{"start":{"line":255,"column":18},"end":{"line":255,"column":36}},{"start":{"line":255,"column":40},"end":{"line":255,"column":42}}],"line":255},"32":{"loc":{"start":{"line":257,"column":6},"end":{"line":259,"column":7}},"type":"if","locations":[{"start":{"line":257,"column":6},"end":{"line":259,"column":7}},{"start":{},"end":{}}],"line":257},"33":{"loc":{"start":{"line":257,"column":10},"end":{"line":257,"column":69}},"type":"binary-expr","locations":[{"start":{"line":257,"column":10},"end":{"line":257,"column":28}},{"start":{"line":257,"column":32},"end":{"line":257,"column":69}}],"line":257},"34":{"loc":{"start":{"line":262,"column":6},"end":{"line":265,"column":7}},"type":"if","locations":[{"start":{"line":262,"column":6},"end":{"line":265,"column":7}},{"start":{},"end":{}}],"line":262},"35":{"loc":{"start":{"line":262,"column":10},"end":{"line":262,"column":54}},"type":"binary-expr","locations":[{"start":{"line":262,"column":10},"end":{"line":262,"column":30}},{"start":{"line":262,"column":34},"end":{"line":262,"column":54}}],"line":262},"36":{"loc":{"start":{"line":272,"column":16},"end":{"line":272,"column":41}},"type":"binary-expr","locations":[{"start":{"line":272,"column":16},"end":{"line":272,"column":34}},{"start":{"line":272,"column":38},"end":{"line":272,"column":41}}],"line":272},"37":{"loc":{"start":{"line":281,"column":16},"end":{"line":281,"column":57}},"type":"binary-expr","locations":[{"start":{"line":281,"column":16},"end":{"line":281,"column":44}},{"start":{"line":281,"column":48},"end":{"line":281,"column":57}}],"line":281},"38":{"loc":{"start":{"line":285,"column":11},"end":{"line":285,"column":36}},"type":"binary-expr","locations":[{"start":{"line":285,"column":11},"end":{"line":285,"column":30}},{"start":{"line":285,"column":34},"end":{"line":285,"column":36}}],"line":285},"39":{"loc":{"start":{"line":286,"column":15},"end":{"line":286,"column":43}},"type":"binary-expr","locations":[{"start":{"line":286,"column":15},"end":{"line":286,"column":37}},{"start":{"line":286,"column":41},"end":{"line":286,"column":43}}],"line":286},"40":{"loc":{"start":{"line":287,"column":12},"end":{"line":287,"column":37}},"type":"binary-expr","locations":[{"start":{"line":287,"column":12},"end":{"line":287,"column":30}},{"start":{"line":287,"column":34},"end":{"line":287,"column":37}}],"line":287},"41":{"loc":{"start":{"line":288,"column":15},"end":{"line":288,"column":42}},"type":"binary-expr","locations":[{"start":{"line":288,"column":15},"end":{"line":288,"column":37}},{"start":{"line":288,"column":41},"end":{"line":288,"column":42}}],"line":288},"42":{"loc":{"start":{"line":289,"column":18},"end":{"line":289,"column":48}},"type":"binary-expr","locations":[{"start":{"line":289,"column":18},"end":{"line":289,"column":43}},{"start":{"line":289,"column":47},"end":{"line":289,"column":48}}],"line":289},"43":{"loc":{"start":{"line":290,"column":13},"end":{"line":290,"column":42}},"type":"binary-expr","locations":[{"start":{"line":290,"column":13},"end":{"line":290,"column":33}},{"start":{"line":290,"column":37},"end":{"line":290,"column":42}}],"line":290},"44":{"loc":{"start":{"line":301,"column":4},"end":{"line":303,"column":5}},"type":"if","locations":[{"start":{"line":301,"column":4},"end":{"line":303,"column":5}},{"start":{},"end":{}}],"line":301},"45":{"loc":{"start":{"line":323,"column":4},"end":{"line":333,"column":5}},"type":"if","locations":[{"start":{"line":323,"column":4},"end":{"line":333,"column":5}},{"start":{},"end":{}}],"line":323},"46":{"loc":{"start":{"line":328,"column":23},"end":{"line":328,"column":54}},"type":"binary-expr","locations":[{"start":{"line":328,"column":23},"end":{"line":328,"column":38}},{"start":{"line":328,"column":42},"end":{"line":328,"column":54}}],"line":328},"47":{"loc":{"start":{"line":330,"column":23},"end":{"line":330,"column":48}},"type":"binary-expr","locations":[{"start":{"line":330,"column":23},"end":{"line":330,"column":32}},{"start":{"line":330,"column":36},"end":{"line":330,"column":48}}],"line":330},"48":{"loc":{"start":{"line":353,"column":15},"end":{"line":353,"column":37}},"type":"binary-expr","locations":[{"start":{"line":353,"column":15},"end":{"line":353,"column":29}},{"start":{"line":353,"column":33},"end":{"line":353,"column":37}}],"line":353},"49":{"loc":{"start":{"line":354,"column":14},"end":{"line":354,"column":104}},"type":"cond-expr","locations":[{"start":{"line":354,"column":32},"end":{"line":354,"column":97}},{"start":{"line":354,"column":100},"end":{"line":354,"column":104}}],"line":354},"50":{"loc":{"start":{"line":355,"column":18},"end":{"line":355,"column":75}},"type":"cond-expr","locations":[{"start":{"line":355,"column":50},"end":{"line":355,"column":68}},{"start":{"line":355,"column":71},"end":{"line":355,"column":75}}],"line":355},"51":{"loc":{"start":{"line":356,"column":24},"end":{"line":356,"column":55}},"type":"binary-expr","locations":[{"start":{"line":356,"column":24},"end":{"line":356,"column":47}},{"start":{"line":356,"column":51},"end":{"line":356,"column":55}}],"line":356},"52":{"loc":{"start":{"line":357,"column":17},"end":{"line":357,"column":42}},"type":"binary-expr","locations":[{"start":{"line":357,"column":17},"end":{"line":357,"column":34}},{"start":{"line":357,"column":38},"end":{"line":357,"column":42}}],"line":357},"53":{"loc":{"start":{"line":359,"column":14},"end":{"line":364,"column":14}},"type":"cond-expr","locations":[{"start":{"line":360,"column":10},"end":{"line":363,"column":13}},{"start":{"line":364,"column":10},"end":{"line":364,"column":14}}],"line":359},"54":{"loc":{"start":{"line":369,"column":14},"end":{"line":369,"column":86}},"type":"cond-expr","locations":[{"start":{"line":369,"column":35},"end":{"line":369,"column":72}},{"start":{"line":369,"column":75},"end":{"line":369,"column":86}}],"line":369},"55":{"loc":{"start":{"line":378,"column":4},"end":{"line":397,"column":5}},"type":"if","locations":[{"start":{"line":378,"column":4},"end":{"line":397,"column":5}},{"start":{},"end":{}}],"line":378},"56":{"loc":{"start":{"line":384,"column":23},"end":{"line":384,"column":54}},"type":"binary-expr","locations":[{"start":{"line":384,"column":23},"end":{"line":384,"column":38}},{"start":{"line":384,"column":42},"end":{"line":384,"column":54}}],"line":384},"57":{"loc":{"start":{"line":387,"column":23},"end":{"line":387,"column":48}},"type":"binary-expr","locations":[{"start":{"line":387,"column":23},"end":{"line":387,"column":32}},{"start":{"line":387,"column":36},"end":{"line":387,"column":48}}],"line":387},"58":{"loc":{"start":{"line":396,"column":22},"end":{"line":396,"column":61}},"type":"binary-expr","locations":[{"start":{"line":396,"column":22},"end":{"line":396,"column":34}},{"start":{"line":396,"column":38},"end":{"line":396,"column":61}}],"line":396},"59":{"loc":{"start":{"line":419,"column":4},"end":{"line":421,"column":5}},"type":"if","locations":[{"start":{"line":419,"column":4},"end":{"line":421,"column":5}},{"start":{},"end":{}}],"line":419},"60":{"loc":{"start":{"line":439,"column":4},"end":{"line":441,"column":5}},"type":"if","locations":[{"start":{"line":439,"column":4},"end":{"line":441,"column":5}},{"start":{},"end":{}}],"line":439},"61":{"loc":{"start":{"line":467,"column":4},"end":{"line":470,"column":5}},"type":"if","locations":[{"start":{"line":467,"column":4},"end":{"line":470,"column":5}},{"start":{},"end":{}}],"line":467},"62":{"loc":{"start":{"line":469,"column":22},"end":{"line":469,"column":61}},"type":"binary-expr","locations":[{"start":{"line":469,"column":22},"end":{"line":469,"column":33}},{"start":{"line":469,"column":37},"end":{"line":469,"column":61}}],"line":469},"63":{"loc":{"start":{"line":486,"column":52},"end":{"line":486,"column":82}},"type":"default-arg","locations":[{"start":{"line":486,"column":71},"end":{"line":486,"column":82}}],"line":486},"64":{"loc":{"start":{"line":489,"column":26},"end":{"line":489,"column":75}},"type":"binary-expr","locations":[{"start":{"line":489,"column":26},"end":{"line":489,"column":66}},{"start":{"line":489,"column":70},"end":{"line":489,"column":75}}],"line":489},"65":{"loc":{"start":{"line":490,"column":21},"end":{"line":492,"column":33}},"type":"cond-expr","locations":[{"start":{"line":490,"column":47},"end":{"line":490,"column":58}},{"start":{"line":491,"column":21},"end":{"line":492,"column":33}}],"line":490},"66":{"loc":{"start":{"line":491,"column":21},"end":{"line":492,"column":33}},"type":"cond-expr","locations":[{"start":{"line":491,"column":47},"end":{"line":491,"column":58}},{"start":{"line":492,"column":21},"end":{"line":492,"column":33}}],"line":491},"67":{"loc":{"start":{"line":501,"column":12},"end":{"line":501,"column":48}},"type":"binary-expr","locations":[{"start":{"line":501,"column":12},"end":{"line":501,"column":20}},{"start":{"line":501,"column":24},"end":{"line":501,"column":48}}],"line":501},"68":{"loc":{"start":{"line":516,"column":4},"end":{"line":527,"column":5}},"type":"if","locations":[{"start":{"line":516,"column":4},"end":{"line":527,"column":5}},{"start":{},"end":{}}],"line":516},"69":{"loc":{"start":{"line":521,"column":23},"end":{"line":521,"column":54}},"type":"binary-expr","locations":[{"start":{"line":521,"column":23},"end":{"line":521,"column":38}},{"start":{"line":521,"column":42},"end":{"line":521,"column":54}}],"line":521},"70":{"loc":{"start":{"line":545,"column":4},"end":{"line":547,"column":5}},"type":"if","locations":[{"start":{"line":545,"column":4},"end":{"line":547,"column":5}},{"start":{},"end":{}}],"line":545},"71":{"loc":{"start":{"line":563,"column":4},"end":{"line":565,"column":5}},"type":"if","locations":[{"start":{"line":563,"column":4},"end":{"line":565,"column":5}},{"start":{},"end":{}}],"line":563},"72":{"loc":{"start":{"line":604,"column":4},"end":{"line":606,"column":5}},"type":"if","locations":[{"start":{"line":604,"column":4},"end":{"line":606,"column":5}},{"start":{},"end":{}}],"line":604},"73":{"loc":{"start":{"line":604,"column":8},"end":{"line":604,"column":41}},"type":"binary-expr","locations":[{"start":{"line":604,"column":8},"end":{"line":604,"column":14}},{"start":{"line":604,"column":18},"end":{"line":604,"column":41}}],"line":604},"74":{"loc":{"start":{"line":612,"column":4},"end":{"line":614,"column":5}},"type":"if","locations":[{"start":{"line":612,"column":4},"end":{"line":614,"column":5}},{"start":{},"end":{}}],"line":612},"75":{"loc":{"start":{"line":626,"column":4},"end":{"line":628,"column":5}},"type":"if","locations":[{"start":{"line":626,"column":4},"end":{"line":628,"column":5}},{"start":{},"end":{}}],"line":626},"76":{"loc":{"start":{"line":626,"column":8},"end":{"line":626,"column":41}},"type":"binary-expr","locations":[{"start":{"line":626,"column":8},"end":{"line":626,"column":14}},{"start":{"line":626,"column":18},"end":{"line":626,"column":41}}],"line":626},"77":{"loc":{"start":{"line":634,"column":4},"end":{"line":636,"column":5}},"type":"if","locations":[{"start":{"line":634,"column":4},"end":{"line":636,"column":5}},{"start":{},"end":{}}],"line":634},"78":{"loc":{"start":{"line":649,"column":4},"end":{"line":651,"column":5}},"type":"if","locations":[{"start":{"line":649,"column":4},"end":{"line":651,"column":5}},{"start":{},"end":{}}],"line":649},"79":{"loc":{"start":{"line":649,"column":8},"end":{"line":649,"column":41}},"type":"binary-expr","locations":[{"start":{"line":649,"column":8},"end":{"line":649,"column":14}},{"start":{"line":649,"column":18},"end":{"line":649,"column":41}}],"line":649},"80":{"loc":{"start":{"line":657,"column":4},"end":{"line":659,"column":5}},"type":"if","locations":[{"start":{"line":657,"column":4},"end":{"line":659,"column":5}},{"start":{},"end":{}}],"line":657},"81":{"loc":{"start":{"line":672,"column":4},"end":{"line":674,"column":5}},"type":"if","locations":[{"start":{"line":672,"column":4},"end":{"line":674,"column":5}},{"start":{},"end":{}}],"line":672},"82":{"loc":{"start":{"line":672,"column":8},"end":{"line":672,"column":41}},"type":"binary-expr","locations":[{"start":{"line":672,"column":8},"end":{"line":672,"column":14}},{"start":{"line":672,"column":18},"end":{"line":672,"column":41}}],"line":672},"83":{"loc":{"start":{"line":680,"column":4},"end":{"line":682,"column":5}},"type":"if","locations":[{"start":{"line":680,"column":4},"end":{"line":682,"column":5}},{"start":{},"end":{}}],"line":680},"84":{"loc":{"start":{"line":693,"column":40},"end":{"line":693,"column":58}},"type":"default-arg","locations":[{"start":{"line":693,"column":56},"end":{"line":693,"column":58}}],"line":693},"85":{"loc":{"start":{"line":699,"column":4},"end":{"line":701,"column":5}},"type":"if","locations":[{"start":{"line":699,"column":4},"end":{"line":701,"column":5}},{"start":{},"end":{}}],"line":699}},"s":{"0":6,"1":0,"2":0,"3":0,"4":0,"5":0,"6":0,"7":0,"8":0,"9":0,"10":0,"11":0,"12":6,"13":6,"14":6,"15":6,"16":0,"17":0,"18":0,"19":0,"20":0,"21":0,"22":0,"23":0,"24":0,"25":0,"26":0,"27":0,"28":0,"29":0,"30":0,"31":0,"32":0,"33":0,"34":0,"35":0,"36":0,"37":0,"38":6,"39":0,"40":0,"41":0,"42":6,"43":3,"44":6,"45":34,"46":34,"47":0,"48":34,"49":4,"50":34,"51":6,"52":0,"53":0,"54":0,"55":0,"56":0,"57":0,"58":0,"59":0,"60":0,"61":0,"62":6,"63":0,"64":0,"65":0,"66":0,"67":0,"68":6,"69":0,"70":0,"71":0,"72":0,"73":0,"74":0,"75":0,"76":0,"77":6,"78":0,"79":0,"80":0,"81":0,"82":0,"83":0,"84":0,"85":0,"86":6,"87":0,"88":0,"89":0,"90":0,"91":0,"92":6,"93":0,"94":0,"95":0,"96":0,"97":0,"98":0,"99":0,"100":0,"101":0,"102":0,"103":0,"104":6,"105":0,"106":0,"107":0,"108":0,"109":0,"110":0,"111":6,"112":0,"113":6,"114":0,"115":0,"116":0,"117":0,"118":0,"119":0,"120":0,"121":0,"122":0,"123":0,"124":0,"125":0,"126":0,"127":0,"128":0,"129":6,"130":0,"131":0,"132":0,"133":0,"134":0,"135":0,"136":0,"137":0,"138":6,"139":0,"140":0,"141":0,"142":0,"143":0,"144":0,"145":0,"146":0,"147":0,"148":0,"149":0,"150":0,"151":0,"152":0,"153":0,"154":6,"155":0,"156":0,"157":0,"158":0,"159":0,"160":0,"161":0,"162":0,"163":0,"164":0,"165":0,"166":0,"167":0,"168":0,"169":0,"170":0,"171":0,"172":0,"173":0,"174":0,"175":0,"176":6,"177":0,"178":0,"179":0,"180":0,"181":0,"182":0,"183":0,"184":0,"185":6,"186":17,"187":17,"188":17,"189":14,"190":1,"191":13,"192":13,"193":6,"194":2,"195":2,"196":6,"197":4,"198":4,"199":4,"200":3,"201":1,"202":0,"203":1,"204":2,"205":2,"206":2,"207":2,"208":6,"209":3,"210":3,"211":3,"212":3,"213":3,"214":3,"215":3,"216":2,"217":1,"218":1,"219":1,"220":0,"221":1,"222":1,"223":1,"224":1,"225":1,"226":2,"227":2,"228":6,"229":2,"230":2,"231":2,"232":1,"233":1,"234":1,"235":1,"236":6,"237":9,"238":9,"239":9,"240":7,"241":2,"242":7,"243":7,"244":6,"245":2,"246":2,"247":0,"248":2,"249":0,"250":0,"251":0,"252":0,"253":0,"254":6,"255":0,"256":0,"257":0,"258":0,"259":0,"260":0,"261":0,"262":0,"263":0,"264":0,"265":6,"266":0,"267":0,"268":0,"269":0,"270":0,"271":0,"272":0,"273":0,"274":0,"275":0,"276":6,"277":0,"278":0,"279":0,"280":0,"281":0,"282":0,"283":0,"284":0,"285":0,"286":0,"287":6,"288":0,"289":0,"290":0,"291":0,"292":0,"293":0,"294":0,"295":0},"f":{"0":0,"1":0,"2":0,"3":0,"4":3,"5":34,"6":0,"7":0,"8":0,"9":0,"10":0,"11":0,"12":0,"13":0,"14":0,"15":0,"16":0,"17":0,"18":0,"19":0,"20":0,"21":0,"22":0,"23":17,"24":6,"25":4,"26":0,"27":3,"28":2,"29":9,"30":2,"31":0,"32":0,"33":0,"34":0},"b":{"0":[0,0],"1":[0,0],"2":[0,0],"3":[0],"4":[0],"5":[0,0],"6":[0,0],"7":[0,0],"8":[0,0],"9":[0,0],"10":[0,0],"11":[0,0],"12":[3,3],"13":[4],"14":[0,34],"15":[4,30],"16":[0,0],"17":[0,0],"18":[0,0],"19":[0,0],"20":[0,0],"21":[0,0],"22":[0,0],"23":[0,0],"24":[0,0],"25":[0,0],"26":[0,0],"27":[0,0],"28":[0,0],"29":[0,0],"30":[0,0],"31":[0,0],"32":[0,0],"33":[0,0],"34":[0,0],"35":[0,0],"36":[0,0],"37":[0,0],"38":[0,0],"39":[0,0],"40":[0,0],"41":[0,0],"42":[0,0],"43":[0,0],"44":[0,0],"45":[0,0],"46":[0,0],"47":[0,0],"48":[0,0],"49":[0,0],"50":[0,0],"51":[0,0],"52":[0,0],"53":[0,0],"54":[0,0],"55":[0,0],"56":[0,0],"57":[0,0],"58":[0,0],"59":[0,0],"60":[1,13],"61":[1,2],"62":[1,0],"63":[0],"64":[3,0],"65":[0,3],"66":[0,3],"67":[3,0],"68":[1,1],"69":[0,0],"70":[1,1],"71":[7,2],"72":[0,2],"73":[2,2],"74":[0,0],"75":[0,0],"76":[0,0],"77":[0,0],"78":[0,0],"79":[0,0],"80":[0,0],"81":[0,0],"82":[0,0],"83":[0,0],"84":[0],"85":[0,0]},"_coverageSchema":"1a1c01bbd47fc00a2c39e90264f33305004495a9","hash":"72c677341347e2fef4fe6d2fe2e7165d7f636be5"}
}
