TN:
SF:styles.ts
FNF:0
FNH:0
DA:3,5
LF:1
LH:1
BRF:0
BRH:0
end_of_record
TN:
SF:types.ts
FNF:0
FNH:0
LF:0
LH:0
BRF:0
BRH:0
end_of_record
TN:
SF:app/+html.tsx
FN:7,Root
FNF:1
FNH:0
FNDA:0,Root
DA:8,0
DA:30,0
LF:2
LH:0
BRF:0
BRH:0
end_of_record
TN:
SF:app/+not-found.tsx
FN:6,NotFoundScreen
FNF:1
FNH:0
FNDA:0,NotFoundScreen
DA:7,0
DA:21,0
LF:2
LH:0
BRF:0
BRH:0
end_of_record
TN:
SF:app/_layout.tsx
FN:27,RootLayout
FN:34,(anonymous_1)
FN:38,(anonymous_2)
FN:51,RootLayoutNav
FN:57,(anonymous_4)
FN:58,(anonymous_5)
FN:89,(anonymous_6)
FN:92,(anonymous_7)
FNF:8
FNH:0
FNDA:0,RootLayout
FNDA:0,(anonymous_1)
FNDA:0,(anonymous_2)
FNDA:0,RootLayoutNav
FNDA:0,(anonymous_4)
FNDA:0,(anonymous_5)
FNDA:0,(anonymous_6)
FNDA:0,(anonymous_7)
DA:19,0
DA:25,0
DA:28,0
DA:34,0
DA:35,0
DA:38,0
DA:39,0
DA:40,0
DA:44,0
DA:45,0
DA:48,0
DA:52,0
DA:53,0
DA:54,0
DA:57,0
DA:58,0
DA:59,0
DA:60,0
DA:62,0
DA:64,0
DA:66,0
DA:67,0
DA:68,0
DA:71,0
DA:73,0
DA:74,0
DA:78,0
DA:80,0
DA:81,0
DA:82,0
DA:89,0
DA:91,0
DA:92,0
DA:93,0
DA:98,0
LF:35
LH:0
BRDA:35,0,0,0
BRDA:35,0,1,0
BRDA:39,1,0,0
BRDA:39,1,1,0
BRDA:44,2,0,0
BRDA:44,2,1,0
BRDA:66,3,0,0
BRDA:66,3,1,0
BRDA:67,4,0,0
BRDA:67,4,1,0
BRDA:80,5,0,0
BRDA:80,5,1,0
BRDA:81,6,0,0
BRDA:81,6,1,0
BRDA:81,7,0,0
BRDA:81,7,1,0
BRDA:81,7,2,0
BRDA:100,8,0,0
BRDA:100,8,1,0
BRF:19
BRH:0
end_of_record
TN:
SF:app/login.tsx
FN:6,LoginScreen
FN:14,(anonymous_1)
FN:43,(anonymous_2)
FN:83,(anonymous_3)
FN:114,(anonymous_4)
FN:129,(anonymous_5)
FN:149,(anonymous_6)
FNF:7
FNH:0
FNDA:0,LoginScreen
FNDA:0,(anonymous_1)
FNDA:0,(anonymous_2)
FNDA:0,(anonymous_3)
FNDA:0,(anonymous_4)
FNDA:0,(anonymous_5)
FNDA:0,(anonymous_6)
DA:7,0
DA:8,0
DA:9,0
DA:10,0
DA:11,0
DA:12,0
DA:14,0
DA:15,0
DA:16,0
DA:17,0
DA:20,0
DA:21,0
DA:22,0
DA:23,0
DA:24,0
DA:25,0
DA:26,0
DA:27,0
DA:28,0
DA:32,0
DA:33,0
DA:34,0
DA:35,0
DA:36,0
DA:37,0
DA:40,0
DA:43,0
DA:45,0
DA:46,0
DA:49,0
DA:50,0
DA:53,0
DA:54,0
DA:55,0
DA:56,0
DA:58,0
DA:59,0
DA:62,0
DA:65,0
DA:68,0
DA:69,0
DA:74,0
DA:75,0
DA:76,0
DA:84,0
DA:92,0
DA:93,0
DA:94,0
DA:96,0
DA:97,0
DA:100,0
DA:103,0
DA:107,0
DA:115,0
DA:116,0
DA:130,0
DA:131,0
DA:149,0
DA:157,0
LF:59
LH:0
BRDA:20,0,0,0
BRDA:20,0,1,0
BRDA:23,1,0,0
BRDA:23,1,1,0
BRDA:26,2,0,0
BRDA:26,2,1,0
BRDA:32,3,0,0
BRDA:32,3,1,0
BRDA:35,4,0,0
BRDA:35,4,1,0
BRDA:49,5,0,0
BRDA:49,5,1,0
BRDA:56,6,0,0
BRDA:56,6,1,0
BRDA:58,7,0,0
BRDA:58,7,1,0
BRDA:65,8,0,0
BRDA:65,8,1,0
BRDA:68,9,0,0
BRDA:68,9,1,0
BRDA:75,10,0,0
BRDA:75,10,1,0
BRDA:92,11,0,0
BRDA:92,11,1,0
BRDA:93,12,0,0
BRDA:93,12,1,0
BRDA:96,13,0,0
BRDA:96,13,1,0
BRDA:118,14,0,0
BRDA:118,14,1,0
BRDA:123,15,0,0
BRDA:123,15,1,0
BRDA:133,16,0,0
BRDA:133,16,1,0
BRDA:137,17,0,0
BRDA:137,17,1,0
BRDA:140,18,0,0
BRDA:140,18,1,0
BRDA:144,19,0,0
BRDA:144,19,1,0
BRF:40
BRH:0
end_of_record
TN:
SF:app/modal.tsx
FN:7,ModalScreen
FNF:1
FNH:0
FNDA:0,ModalScreen
DA:8,0
DA:20,0
LF:2
LH:0
BRDA:15,0,0,0
BRDA:15,0,1,0
BRF:2
BRH:0
end_of_record
TN:
SF:app/register.tsx
FN:6,RegisterScreen
FN:18,(anonymous_1)
FN:24,(anonymous_2)
FN:28,(anonymous_3)
FN:86,(anonymous_4)
FN:119,(anonymous_5)
FN:145,(anonymous_6)
FN:175,(anonymous_7)
FN:189,(anonymous_8)
FN:204,(anonymous_9)
FN:222,(anonymous_10)
FN:243,(anonymous_11)
FNF:12
FNH:0
FNDA:0,RegisterScreen
FNDA:0,(anonymous_1)
FNDA:0,(anonymous_2)
FNDA:0,(anonymous_3)
FNDA:0,(anonymous_4)
FNDA:0,(anonymous_5)
FNDA:0,(anonymous_6)
FNDA:0,(anonymous_7)
FNDA:0,(anonymous_8)
FNDA:0,(anonymous_9)
FNDA:0,(anonymous_10)
FNDA:0,(anonymous_11)
DA:7,0
DA:8,0
DA:9,0
DA:10,0
DA:11,0
DA:12,0
DA:13,0
DA:14,0
DA:15,0
DA:16,0
DA:18,0
DA:20,0
DA:21,0
DA:24,0
DA:25,0
DA:28,0
DA:29,0
DA:30,0
DA:31,0
DA:32,0
DA:33,0
DA:36,0
DA:37,0
DA:38,0
DA:39,0
DA:40,0
DA:41,0
DA:42,0
DA:43,0
DA:44,0
DA:48,0
DA:49,0
DA:50,0
DA:51,0
DA:52,0
DA:53,0
DA:54,0
DA:55,0
DA:56,0
DA:60,0
DA:61,0
DA:62,0
DA:63,0
DA:64,0
DA:65,0
DA:66,0
DA:67,0
DA:68,0
DA:72,0
DA:73,0
DA:74,0
DA:75,0
DA:76,0
DA:77,0
DA:78,0
DA:79,0
DA:80,0
DA:83,0
DA:86,0
DA:88,0
DA:89,0
DA:90,0
DA:91,0
DA:94,0
DA:95,0
DA:98,0
DA:99,0
DA:100,0
DA:101,0
DA:109,0
DA:111,0
DA:119,0
DA:120,0
DA:127,0
DA:133,0
DA:134,0
DA:137,0
DA:138,0
DA:145,0
DA:149,0
DA:150,0
DA:151,0
DA:152,0
DA:153,0
DA:154,0
DA:155,0
DA:156,0
DA:157,0
DA:159,0
DA:162,0
DA:166,0
DA:176,0
DA:177,0
DA:190,0
DA:191,0
DA:205,0
DA:206,0
DA:223,0
DA:224,0
DA:243,0
DA:251,0
LF:101
LH:0
BRDA:36,0,0,0
BRDA:36,0,1,0
BRDA:39,1,0,0
BRDA:39,1,1,0
BRDA:42,2,0,0
BRDA:42,2,1,0
BRDA:48,3,0,0
BRDA:48,3,1,0
BRDA:51,4,0,0
BRDA:51,4,1,0
BRDA:54,5,0,0
BRDA:54,5,1,0
BRDA:60,6,0,0
BRDA:60,6,1,0
BRDA:63,7,0,0
BRDA:63,7,1,0
BRDA:66,8,0,0
BRDA:66,8,1,0
BRDA:72,9,0,0
BRDA:72,9,1,0
BRDA:75,10,0,0
BRDA:75,10,1,0
BRDA:78,11,0,0
BRDA:78,11,1,0
BRDA:94,12,0,0
BRDA:94,12,1,0
BRDA:109,13,0,0
BRDA:109,13,1,0
BRDA:134,14,0,0
BRDA:134,14,1,0
BRDA:137,15,0,0
BRDA:137,15,1,0
BRDA:137,16,0,0
BRDA:137,16,1,0
BRDA:150,17,0,0
BRDA:150,17,1,0
BRDA:153,18,0,0
BRDA:153,18,1,0
BRDA:156,19,0,0
BRDA:156,19,1,0
BRDA:156,20,0,0
BRDA:156,20,1,0
BRDA:179,21,0,0
BRDA:179,21,1,0
BRDA:182,22,0,0
BRDA:182,22,1,0
BRDA:193,23,0,0
BRDA:193,23,1,0
BRDA:196,24,0,0
BRDA:196,24,1,0
BRDA:200,25,0,0
BRDA:200,25,1,0
BRDA:215,26,0,0
BRDA:215,26,1,0
BRDA:226,27,0,0
BRDA:226,27,1,0
BRDA:230,28,0,0
BRDA:230,28,1,0
BRDA:234,29,0,0
BRDA:234,29,1,0
BRDA:238,30,0,0
BRDA:238,30,1,0
BRF:62
BRH:0
end_of_record
TN:
SF:app/verify.tsx
FN:7,VerifyScreen
FN:13,(anonymous_1)
FN:32,(anonymous_2)
FN:54,(anonymous_3)
FNF:4
FNH:0
FNDA:0,VerifyScreen
FNDA:0,(anonymous_1)
FNDA:0,(anonymous_2)
FNDA:0,(anonymous_3)
DA:8,0
DA:9,0
DA:10,0
DA:11,0
DA:13,0
DA:14,0
DA:15,0
DA:16,0
DA:17,0
DA:19,0
DA:20,0
DA:23,0
DA:26,0
DA:28,0
DA:32,0
DA:33,0
DA:34,0
DA:35,0
DA:37,0
DA:39,0
DA:40,0
DA:45,0
DA:48,0
DA:50,0
DA:54,0
DA:55,0
DA:58,0
DA:97,0
LF:28
LH:0
BRDA:10,0,0,0
BRDA:10,0,1,0
BRDA:17,1,0,0
BRDA:17,1,1,0
BRDA:19,2,0,0
BRDA:19,2,1,0
BRDA:26,3,0,0
BRDA:26,3,1,0
BRDA:37,4,0,0
BRDA:37,4,1,0
BRDA:48,5,0,0
BRDA:48,5,1,0
BRDA:67,6,0,0
BRDA:67,6,1,0
BRDA:86,7,0,0
BRDA:86,7,1,0
BRDA:87,8,0,0
BRDA:87,8,1,0
BRF:18
BRH:0
end_of_record
TN:
SF:app/(tabs)/_layout.tsx
FN:4,TabLayout
FNF:1
FNH:0
FNDA:0,TabLayout
DA:5,0
LF:1
LH:0
BRF:0
BRH:0
end_of_record
TN:
SF:app/(tabs)/create-post.tsx
FN:17,CreatePostScreen
FN:31,(anonymous_1)
FN:33,(anonymous_2)
FN:39,(anonymous_3)
FN:48,(anonymous_4)
FN:93,(anonymous_5)
FNF:6
FNH:0
FNDA:0,CreatePostScreen
FNDA:0,(anonymous_1)
FNDA:0,(anonymous_2)
FNDA:0,(anonymous_3)
FNDA:0,(anonymous_4)
FNDA:0,(anonymous_5)
DA:18,0
DA:19,0
DA:20,0
DA:22,0
DA:23,0
DA:24,0
DA:25,0
DA:26,0
DA:27,0
DA:28,0
DA:31,0
DA:32,0
DA:33,0
DA:34,0
DA:35,0
DA:38,0
DA:39,0
DA:40,0
DA:41,0
DA:46,0
DA:48,0
DA:49,0
DA:50,0
DA:51,0
DA:54,0
DA:55,0
DA:58,0
DA:60,0
DA:72,0
DA:73,0
DA:81,0
DA:82,0
DA:83,0
DA:85,0
DA:86,0
DA:87,0
DA:89,0
DA:93,0
DA:94,0
DA:97,0
DA:181,0
LF:41
LH:0
BRDA:32,0,0,0
BRDA:32,0,1,0
BRDA:34,1,0,0
BRDA:34,1,1,0
BRDA:38,2,0,0
BRDA:38,2,1,0
BRDA:40,3,0,0
BRDA:40,3,1,0
BRDA:49,4,0,0
BRDA:49,4,1,0
BRDA:54,5,0,0
BRDA:54,5,1,0
BRDA:64,6,0,0
BRDA:64,6,1,0
BRDA:86,7,0,0
BRDA:86,7,1,0
BRDA:167,8,0,0
BRDA:167,8,1,0
BRDA:167,8,2,0
BRDA:170,9,0,0
BRDA:170,9,1,0
BRDA:173,10,0,0
BRDA:173,10,1,0
BRF:23
BRH:0
end_of_record
TN:
SF:app/(tabs)/friends.tsx
FN:31,FriendsScreen
FN:41,(anonymous_1)
FN:49,(anonymous_2)
FN:68,(anonymous_3)
FN:86,(anonymous_4)
FN:100,(anonymous_5)
FN:103,(anonymous_6)
FN:104,(anonymous_7)
FN:136,(anonymous_8)
FN:149,(anonymous_9)
FN:154,(anonymous_10)
FN:161,(anonymous_11)
FN:166,(anonymous_12)
FN:194,(anonymous_13)
FN:207,(anonymous_14)
FN:208,(anonymous_15)
FN:224,(anonymous_16)
FN:225,(anonymous_17)
FN:226,(anonymous_18)
FN:232,(anonymous_19)
FN:236,(anonymous_20)
FN:249,(anonymous_21)
FN:263,(anonymous_22)
FN:270,(anonymous_23)
FN:285,(anonymous_24)
FN:306,(anonymous_25)
FN:309,(anonymous_26)
FN:338,(anonymous_27)
FN:361,(anonymous_28)
FN:366,(anonymous_29)
FNF:30
FNH:0
FNDA:0,FriendsScreen
FNDA:0,(anonymous_1)
FNDA:0,(anonymous_2)
FNDA:0,(anonymous_3)
FNDA:0,(anonymous_4)
FNDA:0,(anonymous_5)
FNDA:0,(anonymous_6)
FNDA:0,(anonymous_7)
FNDA:0,(anonymous_8)
FNDA:0,(anonymous_9)
FNDA:0,(anonymous_10)
FNDA:0,(anonymous_11)
FNDA:0,(anonymous_12)
FNDA:0,(anonymous_13)
FNDA:0,(anonymous_14)
FNDA:0,(anonymous_15)
FNDA:0,(anonymous_16)
FNDA:0,(anonymous_17)
FNDA:0,(anonymous_18)
FNDA:0,(anonymous_19)
FNDA:0,(anonymous_20)
FNDA:0,(anonymous_21)
FNDA:0,(anonymous_22)
FNDA:0,(anonymous_23)
FNDA:0,(anonymous_24)
FNDA:0,(anonymous_25)
FNDA:0,(anonymous_26)
FNDA:0,(anonymous_27)
FNDA:0,(anonymous_28)
FNDA:0,(anonymous_29)
DA:32,0
DA:33,0
DA:34,0
DA:35,0
DA:36,0
DA:37,0
DA:38,0
DA:39,0
DA:41,0
DA:42,0
DA:43,0
DA:49,0
DA:50,0
DA:51,0
DA:52,0
DA:56,0
DA:57,0
DA:60,0
DA:61,0
DA:63,0
DA:64,0
DA:68,0
DA:69,0
DA:70,0
DA:71,0
DA:75,0
DA:76,0
DA:79,0
DA:80,0
DA:82,0
DA:86,0
DA:87,0
DA:88,0
DA:89,0
DA:93,0
DA:94,0
DA:97,0
DA:100,0
DA:102,0
DA:103,0
DA:104,0
DA:109,0
DA:129,0
DA:131,0
DA:132,0
DA:136,0
DA:137,0
DA:138,0
DA:139,0
DA:141,0
DA:142,0
DA:144,0
DA:145,0
DA:149,0
DA:150,0
DA:153,0
DA:155,0
DA:156,0
DA:161,0
DA:162,0
DA:163,0
DA:166,0
DA:167,0
DA:168,0
DA:169,0
DA:173,0
DA:178,0
DA:179,0
DA:183,0
DA:189,0
DA:190,0
DA:194,0
DA:195,0
DA:196,0
DA:197,0
DA:202,0
DA:203,0
DA:207,0
DA:208,0
DA:209,0
DA:219,0
DA:220,0
DA:224,0
DA:225,0
DA:226,0
DA:227,0
DA:232,0
DA:233,0
DA:236,0
DA:249,0
DA:263,0
DA:264,0
DA:271,0
DA:286,0
DA:306,0
DA:307,0
DA:310,0
DA:330,0
DA:331,0
DA:338,0
DA:351,0
DA:362,0
DA:366,0
DA:381,0
LF:104
LH:0
BRDA:45,0,0,0
BRDA:45,0,1,0
BRDA:56,1,0,0
BRDA:56,1,1,0
BRDA:75,2,0,0
BRDA:75,2,1,0
BRDA:93,3,0,0
BRDA:93,3,1,0
BRDA:102,4,0,0
BRDA:102,4,1,0
BRDA:103,5,0,0
BRDA:103,5,1,0
BRDA:106,6,0,0
BRDA:106,6,1,0
BRDA:112,7,0,0
BRDA:112,7,1,0
BRDA:117,8,0,0
BRDA:117,8,1,0
BRDA:119,9,0,0
BRDA:119,9,1,0
BRDA:120,10,0,0
BRDA:120,10,1,0
BRDA:121,11,0,0
BRDA:121,11,1,0
BRDA:123,12,0,0
BRDA:123,12,1,0
BRDA:124,13,0,0
BRDA:124,13,1,0
BRDA:125,14,0,0
BRDA:125,14,1,0
BRDA:142,15,0,0
BRDA:142,15,1,0
BRDA:155,16,0,0
BRDA:155,16,1,0
BRDA:169,17,0,0
BRDA:169,17,1,0
BRDA:174,18,0,0
BRDA:174,18,1,0
BRDA:178,19,0,0
BRDA:178,19,1,0
BRDA:202,20,0,0
BRDA:202,20,1,0
BRDA:209,21,0,0
BRDA:209,21,1,0
BRDA:213,22,0,0
BRDA:213,22,1,0
BRDA:227,23,0,0
BRDA:227,23,1,0
BRDA:235,24,0,0
BRDA:235,24,1,0
BRDA:241,25,0,0
BRDA:241,25,1,0
BRDA:248,26,0,0
BRDA:248,26,1,0
BRDA:254,27,0,0
BRDA:254,27,1,0
BRDA:265,28,0,0
BRDA:265,28,1,0
BRDA:280,29,0,0
BRDA:280,29,1,0
BRDA:295,30,0,0
BRDA:295,30,1,0
BRDA:295,30,2,0
BRDA:308,31,0,0
BRDA:308,31,1,0
BRDA:321,32,0,0
BRDA:321,32,1,0
BRDA:330,33,0,0
BRDA:330,33,1,0
BRDA:363,34,0,0
BRDA:363,34,1,0
BRF:71
BRH:0
end_of_record
TN:
SF:app/(tabs)/index.tsx
FN:11,FeedScreen
FN:21,(anonymous_1)
FN:22,(anonymous_2)
FN:32,(anonymous_3)
FN:47,(anonymous_4)
FN:53,(anonymous_5)
FN:61,(anonymous_6)
FN:66,(anonymous_7)
FN:70,(anonymous_8)
FN:71,(anonymous_9)
FN:87,(anonymous_10)
FN:88,(anonymous_11)
FN:89,(anonymous_12)
FN:95,(anonymous_13)
FN:139,(anonymous_14)
FN:140,(anonymous_15)
FNF:16
FNH:0
FNDA:0,FeedScreen
FNDA:0,(anonymous_1)
FNDA:0,(anonymous_2)
FNDA:0,(anonymous_3)
FNDA:0,(anonymous_4)
FNDA:0,(anonymous_5)
FNDA:0,(anonymous_6)
FNDA:0,(anonymous_7)
FNDA:0,(anonymous_8)
FNDA:0,(anonymous_9)
FNDA:0,(anonymous_10)
FNDA:0,(anonymous_11)
FNDA:0,(anonymous_12)
FNDA:0,(anonymous_13)
FNDA:0,(anonymous_14)
FNDA:0,(anonymous_15)
DA:12,0
DA:13,0
DA:14,0
DA:15,0
DA:16,0
DA:17,0
DA:18,0
DA:21,0
DA:22,0
DA:23,0
DA:24,0
DA:26,0
DA:29,0
DA:32,0
DA:33,0
DA:34,0
DA:35,0
DA:36,0
DA:37,0
DA:39,0
DA:40,0
DA:42,0
DA:43,0
DA:47,0
DA:48,0
DA:52,0
DA:55,0
DA:56,0
DA:61,0
DA:62,0
DA:63,0
DA:66,0
DA:67,0
DA:68,0
DA:70,0
DA:71,0
DA:72,0
DA:82,0
DA:87,0
DA:88,0
DA:89,0
DA:90,0
DA:95,0
DA:97,0
DA:100,0
DA:101,0
DA:109,0
DA:110,0
DA:128,0
DA:139,0
DA:141,0
LF:51
LH:0
BRDA:40,0,0,0
BRDA:40,0,1,0
BRDA:55,1,0,0
BRDA:55,1,1,0
BRDA:55,2,0,0
BRDA:55,2,1,0
BRDA:72,3,0,0
BRDA:72,3,1,0
BRDA:76,4,0,0
BRDA:76,4,1,0
BRDA:90,5,0,0
BRDA:90,5,1,0
BRDA:100,6,0,0
BRDA:100,6,1,0
BRDA:109,7,0,0
BRDA:109,7,1,0
BRF:16
BRH:0
end_of_record
TN:
SF:app/(tabs)/menu-items.tsx
FN:17,MenuItemsScreen
FN:31,(anonymous_1)
FN:32,(anonymous_2)
FN:53,(anonymous_3)
FN:65,(anonymous_4)
FN:82,(anonymous_5)
FN:83,(anonymous_6)
FN:112,(anonymous_7)
FN:119,(anonymous_8)
FN:123,(anonymous_9)
FNF:10
FNH:0
FNDA:0,MenuItemsScreen
FNDA:0,(anonymous_1)
FNDA:0,(anonymous_2)
FNDA:0,(anonymous_3)
FNDA:0,(anonymous_4)
FNDA:0,(anonymous_5)
FNDA:0,(anonymous_6)
FNDA:0,(anonymous_7)
FNDA:0,(anonymous_8)
FNDA:0,(anonymous_9)
DA:18,0
DA:25,0
DA:26,0
DA:27,0
DA:28,0
DA:29,0
DA:31,0
DA:32,0
DA:33,0
DA:35,0
DA:36,0
DA:37,0
DA:38,0
DA:39,0
DA:40,0
DA:41,0
DA:43,0
DA:44,0
DA:46,0
DA:50,0
DA:53,0
DA:54,0
DA:57,0
DA:65,0
DA:82,0
DA:84,0
DA:113,0
DA:114,0
DA:115,0
DA:120,0
DA:121,0
DA:124,0
DA:125,0
DA:145,0
LF:34
LH:0
BRDA:33,0,0,0
BRDA:33,0,1,0
BRDA:33,1,0,0
BRDA:33,1,1,0
BRDA:41,2,0,0
BRDA:41,2,1,0
BRDA:43,3,0,0
BRDA:43,3,1,0
BRDA:72,4,0,0
BRDA:72,4,1,0
BRDA:75,5,0,0
BRDA:75,5,1,0
BRDA:75,6,0,0
BRDA:75,6,1,0
BRDA:86,7,0,0
BRDA:86,7,1,0
BRDA:89,8,0,0
BRDA:89,8,1,0
BRDA:89,8,2,0
BRDA:97,9,0,0
BRDA:97,9,1,0
BRDA:106,10,0,0
BRDA:106,10,1,0
BRDA:108,11,0,0
BRDA:108,11,1,0
BRDA:113,12,0,0
BRDA:113,12,1,0
BRDA:113,13,0,0
BRDA:113,13,1,0
BRDA:120,14,0,0
BRDA:120,14,1,0
BRF:31
BRH:0
end_of_record
TN:
SF:app/(tabs)/menus.tsx
FN:20,(anonymous_0)
FN:24,MenusScreen
FN:32,(anonymous_2)
FN:33,(anonymous_3)
FN:49,(anonymous_4)
FN:53,(anonymous_5)
FN:76,(anonymous_6)
FN:77,(anonymous_7)
FN:82,(anonymous_8)
FNF:9
FNH:7
FNDA:21,(anonymous_0)
FNDA:19,MenusScreen
FNDA:8,(anonymous_2)
FNDA:8,(anonymous_3)
FNDA:27,(anonymous_4)
FNDA:0,(anonymous_5)
FNDA:30,(anonymous_6)
FNDA:21,(anonymous_7)
FNDA:0,(anonymous_8)
DA:20,1
DA:21,21
DA:25,19
DA:26,19
DA:27,19
DA:28,19
DA:29,19
DA:30,19
DA:32,19
DA:33,8
DA:34,8
DA:35,8
DA:36,8
DA:37,5
DA:39,2
DA:40,2
DA:42,7
DA:46,8
DA:49,19
DA:50,27
DA:53,19
DA:54,0
DA:60,19
DA:76,30
DA:78,21
DA:79,21
DA:82,0
DA:129,1
LF:28
LH:26
BRDA:21,0,0,21
BRDA:21,0,1,21
BRDA:39,1,0,2
BRDA:39,1,1,1
BRDA:89,2,0,0
BRDA:89,2,1,21
BRDA:93,3,0,0
BRDA:93,3,1,21
BRDA:100,4,0,8
BRDA:100,4,1,11
BRDA:102,5,0,2
BRDA:102,5,1,9
BRF:12
BRH:10
end_of_record
TN:
SF:app/(tabs)/profile.tsx
FN:11,ProfileScreen
FN:20,(anonymous_1)
FN:34,(anonymous_2)
FN:43,(anonymous_3)
FN:50,(anonymous_4)
FN:53,(anonymous_5)
FN:54,(anonymous_6)
FN:75,(anonymous_7)
FN:76,(anonymous_8)
FN:76,(anonymous_9)
FN:88,(anonymous_10)
FN:89,(anonymous_11)
FN:109,(anonymous_12)
FNF:13
FNH:0
FNDA:0,ProfileScreen
FNDA:0,(anonymous_1)
FNDA:0,(anonymous_2)
FNDA:0,(anonymous_3)
FNDA:0,(anonymous_4)
FNDA:0,(anonymous_5)
FNDA:0,(anonymous_6)
FNDA:0,(anonymous_7)
FNDA:0,(anonymous_8)
FNDA:0,(anonymous_9)
FNDA:0,(anonymous_10)
FNDA:0,(anonymous_11)
FNDA:0,(anonymous_12)
DA:12,0
DA:13,0
DA:14,0
DA:15,0
DA:16,0
DA:17,0
DA:18,0
DA:20,0
DA:21,0
DA:22,0
DA:23,0
DA:24,0
DA:25,0
DA:27,0
DA:28,0
DA:30,0
DA:34,0
DA:35,0
DA:36,0
DA:37,0
DA:42,0
DA:44,0
DA:45,0
DA:50,0
DA:51,0
DA:53,0
DA:54,0
DA:55,0
DA:56,0
DA:57,0
DA:63,0
DA:67,0
DA:69,0
DA:71,0
DA:75,0
DA:76,0
DA:79,0
DA:88,0
DA:90,0
DA:110,0
DA:111,0
DA:112,0
LF:42
LH:0
BRDA:28,0,0,0
BRDA:28,0,1,0
BRDA:35,1,0,0
BRDA:35,1,1,0
BRDA:44,2,0,0
BRDA:44,2,1,0
BRDA:55,3,0,0
BRDA:55,3,1,0
BRDA:60,4,0,0
BRDA:60,4,1,0
BRDA:76,5,0,0
BRDA:76,5,1,0
BRDA:93,6,0,0
BRDA:93,6,1,0
BRDA:97,7,0,0
BRDA:97,7,1,0
BRF:16
BRH:0
end_of_record
TN:
SF:app/(tabs)/schedule-details.tsx
FN:23,ScheduleDetailsScreen
FN:32,(anonymous_1)
FN:33,(anonymous_2)
FN:42,(anonymous_3)
FN:80,(anonymous_4)
FN:92,(anonymous_5)
FN:93,(anonymous_6)
FN:97,(anonymous_7)
FN:101,(anonymous_8)
FN:135,(anonymous_9)
FN:143,(anonymous_10)
FN:144,(anonymous_11)
FN:148,(anonymous_12)
FNF:13
FNH:0
FNDA:0,ScheduleDetailsScreen
FNDA:0,(anonymous_1)
FNDA:0,(anonymous_2)
FNDA:0,(anonymous_3)
FNDA:0,(anonymous_4)
FNDA:0,(anonymous_5)
FNDA:0,(anonymous_6)
FNDA:0,(anonymous_7)
FNDA:0,(anonymous_8)
FNDA:0,(anonymous_9)
FNDA:0,(anonymous_10)
FNDA:0,(anonymous_11)
FNDA:0,(anonymous_12)
DA:24,0
DA:25,0
DA:26,0
DA:27,0
DA:28,0
DA:29,0
DA:30,0
DA:32,0
DA:33,0
DA:34,0
DA:36,0
DA:37,0
DA:38,0
DA:41,0
DA:42,0
DA:43,0
DA:44,0
DA:48,0
DA:52,0
DA:53,0
DA:56,0
DA:57,0
DA:59,0
DA:60,0
DA:62,0
DA:66,0
DA:72,0
DA:80,0
DA:92,0
DA:94,0
DA:98,0
DA:103,0
DA:104,0
DA:105,0
DA:107,0
DA:136,0
DA:137,0
DA:138,0
DA:143,0
DA:145,0
DA:146,0
DA:149,0
DA:150,0
DA:170,0
LF:44
LH:0
BRDA:34,0,0,0
BRDA:34,0,1,0
BRDA:43,1,0,0
BRDA:43,1,1,0
BRDA:52,2,0,0
BRDA:52,2,1,0
BRDA:57,3,0,0
BRDA:57,3,1,0
BRDA:59,4,0,0
BRDA:59,4,1,0
BRDA:86,5,0,0
BRDA:86,5,1,0
BRDA:96,6,0,0
BRDA:96,6,1,0
BRDA:96,7,0,0
BRDA:96,7,1,0
BRDA:103,8,0,0
BRDA:103,8,1,0
BRDA:113,9,0,0
BRDA:113,9,1,0
BRDA:129,10,0,0
BRDA:129,10,1,0
BRDA:131,11,0,0
BRDA:131,11,1,0
BRDA:136,12,0,0
BRDA:136,12,1,0
BRDA:145,13,0,0
BRDA:145,13,1,0
BRF:28
BRH:0
end_of_record
TN:
SF:app/(tabs)/search.tsx
FN:12,TrendingScreen
FN:18,(anonymous_1)
FN:22,(anonymous_2)
FN:36,(anonymous_3)
FN:40,(anonymous_4)
FN:42,(anonymous_5)
FN:49,(anonymous_6)
FN:100,(anonymous_7)
FNF:8
FNH:0
FNDA:0,TrendingScreen
FNDA:0,(anonymous_1)
FNDA:0,(anonymous_2)
FNDA:0,(anonymous_3)
FNDA:0,(anonymous_4)
FNDA:0,(anonymous_5)
FNDA:0,(anonymous_6)
FNDA:0,(anonymous_7)
DA:13,0
DA:14,0
DA:15,0
DA:16,0
DA:18,0
DA:19,0
DA:22,0
DA:23,0
DA:24,0
DA:25,0
DA:26,0
DA:27,0
DA:29,0
DA:30,0
DA:32,0
DA:36,0
DA:37,0
DA:40,0
DA:42,0
DA:43,0
DA:44,0
DA:45,0
DA:46,0
DA:49,0
DA:50,0
DA:51,0
DA:52,0
DA:53,0
DA:56,0
DA:84,0
DA:100,0
LF:31
LH:0
BRDA:30,0,0,0
BRDA:30,0,1,0
BRDA:43,1,0,0
BRDA:43,1,1,0
BRDA:44,2,0,0
BRDA:44,2,1,0
BRDA:45,3,0,0
BRDA:45,3,1,0
BRDA:50,4,0,0
BRDA:50,4,1,0
BRDA:51,5,0,0
BRDA:51,5,1,0
BRDA:52,6,0,0
BRDA:52,6,1,0
BRDA:59,7,0,0
BRDA:59,7,1,0
BRDA:72,8,0,0
BRDA:72,8,1,0
BRDA:103,9,0,0
BRDA:103,9,1,0
BRDA:106,10,0,0
BRDA:106,10,1,0
BRDA:108,11,0,0
BRDA:108,11,1,0
BRF:24
BRH:0
end_of_record
TN:
SF:app/(tabs)/settings-profile.tsx
FN:8,SettingsProfileScreen
FN:19,(anonymous_1)
FN:30,(anonymous_2)
FN:83,(anonymous_3)
FN:109,(anonymous_4)
FN:131,(anonymous_5)
FN:139,(anonymous_6)
FN:143,(anonymous_7)
FN:166,(anonymous_8)
FN:176,(anonymous_9)
FN:185,(anonymous_10)
FN:186,(anonymous_11)
FN:201,(anonymous_12)
FN:208,(anonymous_13)
FN:209,(anonymous_14)
FN:210,(anonymous_15)
FN:211,(anonymous_16)
FN:212,(anonymous_17)
FN:216,(anonymous_18)
FN:217,(anonymous_19)
FN:221,(anonymous_20)
FN:222,(anonymous_21)
FN:223,(anonymous_22)
FN:224,(anonymous_23)
FN:225,(anonymous_24)
FN:229,(anonymous_25)
FNF:26
FNH:0
FNDA:0,SettingsProfileScreen
FNDA:0,(anonymous_1)
FNDA:0,(anonymous_2)
FNDA:0,(anonymous_3)
FNDA:0,(anonymous_4)
FNDA:0,(anonymous_5)
FNDA:0,(anonymous_6)
FNDA:0,(anonymous_7)
FNDA:0,(anonymous_8)
FNDA:0,(anonymous_9)
FNDA:0,(anonymous_10)
FNDA:0,(anonymous_11)
FNDA:0,(anonymous_12)
FNDA:0,(anonymous_13)
FNDA:0,(anonymous_14)
FNDA:0,(anonymous_15)
FNDA:0,(anonymous_16)
FNDA:0,(anonymous_17)
FNDA:0,(anonymous_18)
FNDA:0,(anonymous_19)
FNDA:0,(anonymous_20)
FNDA:0,(anonymous_21)
FNDA:0,(anonymous_22)
FNDA:0,(anonymous_23)
FNDA:0,(anonymous_24)
FNDA:0,(anonymous_25)
DA:9,0
DA:10,0
DA:13,0
DA:14,0
DA:15,0
DA:16,0
DA:19,0
DA:20,0
DA:21,0
DA:22,0
DA:24,0
DA:25,0
DA:26,0
DA:30,0
DA:31,0
DA:32,0
DA:33,0
DA:34,0
DA:36,0
DA:41,0
DA:42,0
DA:43,0
DA:45,0
DA:46,0
DA:47,0
DA:48,0
DA:49,0
DA:50,0
DA:52,0
DA:57,0
DA:66,0
DA:83,0
DA:84,0
DA:85,0
DA:86,0
DA:87,0
DA:88,0
DA:89,0
DA:91,0
DA:92,0
DA:93,0
DA:95,0
DA:97,0
DA:99,0
DA:100,0
DA:101,0
DA:103,0
DA:105,0
DA:109,0
DA:110,0
DA:111,0
DA:113,0
DA:114,0
DA:117,0
DA:119,0
DA:120,0
DA:124,0
DA:131,0
DA:140,0
DA:143,0
DA:166,0
DA:176,0
DA:185,0
DA:186,0
DA:201,0
DA:208,0
DA:209,0
DA:210,0
DA:211,0
DA:212,0
DA:216,0
DA:217,0
DA:221,0
DA:222,0
DA:223,0
DA:224,0
DA:225,0
DA:229,0
DA:241,0
LF:79
LH:0
BRDA:20,0,0,0
BRDA:20,0,1,0
BRDA:32,1,0,0
BRDA:32,1,1,0
BRDA:41,2,0,0
BRDA:41,2,1,0
BRDA:41,3,0,0
BRDA:41,3,1,0
BRDA:41,3,2,0
BRDA:46,4,0,0
BRDA:46,4,1,0
BRDA:52,5,0,0
BRDA:52,5,1,0
BRDA:84,6,0,0
BRDA:84,6,1,0
BRDA:87,7,0,0
BRDA:87,7,1,0
BRDA:89,8,0,0
BRDA:89,8,1,0
BRDA:103,9,0,0
BRDA:103,9,1,0
BRDA:113,10,0,0
BRDA:113,10,1,0
BRDA:137,11,0,0
BRDA:137,11,1,0
BRDA:137,12,0,0
BRDA:137,12,1,0
BRDA:142,13,0,0
BRDA:142,13,1,0
BRDA:145,14,0,0
BRDA:145,14,1,0
BRDA:164,15,0,0
BRDA:164,15,1,0
BRDA:191,16,0,0
BRDA:191,16,1,0
BRDA:201,17,0,0
BRDA:201,17,1,0
BRDA:208,18,0,0
BRDA:208,18,1,0
BRDA:208,19,0,0
BRDA:208,19,1,0
BRDA:208,20,0,0
BRDA:208,20,1,0
BRDA:208,21,0,0
BRDA:208,21,1,0
BRDA:208,22,0,0
BRDA:208,22,1,0
BRDA:209,23,0,0
BRDA:209,23,1,0
BRDA:209,24,0,0
BRDA:209,24,1,0
BRDA:210,25,0,0
BRDA:210,25,1,0
BRDA:210,26,0,0
BRDA:210,26,1,0
BRDA:211,27,0,0
BRDA:211,27,1,0
BRDA:211,28,0,0
BRDA:211,28,1,0
BRDA:212,29,0,0
BRDA:212,29,1,0
BRDA:212,30,0,0
BRDA:212,30,1,0
BRDA:216,31,0,0
BRDA:216,31,1,0
BRDA:216,32,0,0
BRDA:216,32,1,0
BRDA:217,33,0,0
BRDA:217,33,1,0
BRDA:217,34,0,0
BRDA:217,34,1,0
BRDA:221,35,0,0
BRDA:221,35,1,0
BRDA:221,36,0,0
BRDA:221,36,1,0
BRDA:222,37,0,0
BRDA:222,37,1,0
BRDA:222,38,0,0
BRDA:222,38,1,0
BRDA:223,39,0,0
BRDA:223,39,1,0
BRDA:223,40,0,0
BRDA:223,40,1,0
BRDA:224,41,0,0
BRDA:224,41,1,0
BRDA:224,42,0,0
BRDA:224,42,1,0
BRDA:225,43,0,0
BRDA:225,43,1,0
BRDA:225,44,0,0
BRDA:225,44,1,0
BRF:91
BRH:0
end_of_record
TN:
SF:components/BottomNav.tsx
FN:14,(anonymous_0)
FN:32,(anonymous_1)
FN:61,(anonymous_2)
FNF:3
FNH:3
FNDA:24,(anonymous_0)
FNDA:120,(anonymous_1)
FNDA:3,(anonymous_2)
DA:14,2
DA:15,24
DA:16,24
DA:17,24
DA:19,24
DA:27,24
DA:34,120
DA:37,120
DA:41,120
DA:42,120
DA:44,24
DA:55,96
DA:58,120
DA:61,3
LF:14
LH:14
BRDA:34,0,0,0
BRDA:34,0,1,120
BRDA:34,1,0,120
BRDA:34,1,1,95
BRDA:37,2,0,0
BRDA:37,2,1,120
BRDA:37,3,0,120
BRDA:37,3,1,0
BRDA:42,4,0,24
BRDA:42,4,1,96
BRDA:44,5,0,24
BRDA:44,5,1,5
BRDA:44,5,2,2
BRDA:44,5,3,2
BRDA:44,5,4,2
BRDA:44,5,5,0
BRDA:44,5,6,0
BRDA:44,5,7,0
BRDA:44,5,8,0
BRDA:55,6,0,96
BRDA:55,6,1,94
BRDA:67,7,0,24
BRDA:67,7,1,96
BRDA:69,8,0,120
BRDA:69,8,1,24
BRF:25
BRH:18
end_of_record
TN:
SF:components/CommentsModal.tsx
FN:24,(anonymous_0)
FN:35,(anonymous_1)
FN:49,(anonymous_2)
FN:55,(anonymous_3)
FN:82,(anonymous_4)
FN:127,(anonymous_5)
FNF:6
FNH:6
FNDA:75,(anonymous_0)
FNDA:17,(anonymous_1)
FNDA:33,(anonymous_2)
FNDA:4,(anonymous_3)
FNDA:6,(anonymous_4)
FNDA:6,(anonymous_5)
DA:24,2
DA:30,75
DA:31,75
DA:32,75
DA:33,75
DA:35,75
DA:36,17
DA:37,17
DA:38,17
DA:39,13
DA:41,2
DA:42,2
DA:44,15
DA:49,75
DA:50,33
DA:51,15
DA:55,75
DA:56,4
DA:57,0
DA:58,0
DA:61,4
DA:63,4
DA:64,4
DA:67,2
DA:68,2
DA:71,2
DA:72,2
DA:75,2
DA:76,2
DA:78,4
DA:82,75
DA:83,6
DA:84,6
DA:85,6
DA:86,6
DA:87,6
DA:88,6
DA:90,6
DA:91,3
DA:92,3
DA:93,2
DA:94,1
DA:97,75
DA:128,6
LF:44
LH:42
BRDA:50,0,0,15
BRDA:50,0,1,18
BRDA:50,1,0,33
BRDA:50,1,1,15
BRDA:56,2,0,0
BRDA:56,2,1,4
BRDA:71,3,0,2
BRDA:71,3,1,0
BRDA:76,4,0,2
BRDA:76,4,1,0
BRDA:90,5,0,3
BRDA:90,5,1,3
BRDA:91,6,0,0
BRDA:91,6,1,3
BRDA:92,7,0,1
BRDA:92,7,1,2
BRDA:93,8,0,1
BRDA:93,8,1,1
BRDA:105,9,0,75
BRDA:105,9,1,0
BRDA:120,10,0,24
BRDA:120,10,1,51
BRDA:122,11,0,48
BRDA:122,11,1,3
BRDA:156,12,0,75
BRDA:156,12,1,65
BRDA:159,13,0,75
BRDA:159,13,1,71
BRDA:161,14,0,4
BRDA:161,14,1,71
BRDA:167,15,0,65
BRDA:167,15,1,6
BRF:32
BRH:27
end_of_record
TN:
SF:components/CompanionSelector.tsx
FN:22,(anonymous_0)
FN:29,(anonymous_1)
FN:49,(anonymous_2)
FN:51,(anonymous_3)
FN:79,(anonymous_4)
FN:87,(anonymous_5)
FNF:6
FNH:2
FNDA:16,(anonymous_0)
FNDA:11,(anonymous_1)
FNDA:0,(anonymous_2)
FNDA:0,(anonymous_3)
FNDA:0,(anonymous_4)
FNDA:0,(anonymous_5)
DA:22,2
DA:26,16
DA:27,16
DA:29,16
DA:49,16
DA:50,0
DA:51,0
DA:53,0
DA:57,16
DA:80,0
DA:87,0
DA:106,2
LF:12
LH:7
BRDA:50,0,0,0
BRDA:50,0,1,0
BRDA:65,1,0,16
BRDA:65,1,1,0
BRDA:69,2,0,16
BRDA:69,2,1,16
BRDA:69,2,2,16
BRDA:73,3,0,16
BRDA:73,3,1,16
BRDA:73,3,2,0
BRDA:84,4,0,0
BRDA:84,4,1,0
BRDA:92,5,0,0
BRDA:92,5,1,0
BRF:14
BRH:6
end_of_record
TN:
SF:components/CreatePostModal.tsx
FN:29,(anonymous_0)
FN:48,(anonymous_1)
FN:52,(anonymous_2)
FN:60,(anonymous_3)
FN:68,(anonymous_4)
FN:80,(anonymous_5)
FNF:6
FNH:6
FNDA:15,(anonymous_0)
FNDA:10,(anonymous_1)
FNDA:2,(anonymous_2)
FNDA:4,(anonymous_3)
FNDA:1,(anonymous_4)
FNDA:1,(anonymous_5)
DA:29,1
DA:37,15
DA:38,15
DA:41,15
DA:42,15
DA:43,15
DA:44,15
DA:45,15
DA:48,15
DA:49,10
DA:50,9
DA:51,2
DA:52,2
DA:54,2
DA:55,2
DA:59,9
DA:60,4
DA:61,2
DA:62,2
DA:68,15
DA:70,1
DA:71,1
DA:72,1
DA:73,1
DA:74,1
DA:75,1
DA:76,1
DA:77,1
DA:80,15
DA:81,1
DA:83,0
DA:86,1
DA:98,1
DA:99,1
DA:102,15
DA:187,1
LF:36
LH:35
BRDA:49,0,0,9
BRDA:49,0,1,1
BRDA:50,1,0,2
BRDA:50,1,1,7
BRDA:54,2,0,2
BRDA:54,2,1,0
BRDA:59,3,0,2
BRDA:59,3,1,7
BRDA:61,4,0,2
BRDA:61,4,1,0
BRDA:81,5,0,0
BRDA:81,5,1,1
BRDA:90,6,0,1
BRDA:90,6,1,0
BRF:14
BRH:10
end_of_record
TN:
SF:components/DiningHallSelector.tsx
FN:20,(anonymous_0)
FN:28,(anonymous_1)
FN:37,(anonymous_2)
FN:54,(anonymous_3)
FN:61,(anonymous_4)
FN:68,(anonymous_5)
FN:76,(anonymous_6)
FNF:7
FNH:6
FNDA:30,(anonymous_0)
FNDA:1,(anonymous_1)
FNDA:5,(anonymous_2)
FNDA:0,(anonymous_3)
FNDA:1,(anonymous_4)
FNDA:342,(anonymous_5)
FNDA:1,(anonymous_6)
DA:20,2
DA:26,30
DA:28,30
DA:29,1
DA:30,1
DA:33,30
DA:37,5
DA:54,0
DA:61,1
DA:69,342
DA:76,1
DA:99,2
LF:12
LH:11
BRDA:24,0,0,30
BRDA:42,1,0,30
BRDA:42,1,1,25
BRDA:45,2,0,30
BRDA:45,2,1,25
BRDA:73,3,0,342
BRDA:73,3,1,5
BRDA:81,4,0,342
BRDA:81,4,1,5
BRDA:87,5,0,342
BRDA:87,5,1,5
BRF:11
BRH:11
end_of_record
TN:
SF:components/EditScreenInfo.tsx
FN:10,EditScreenInfo
FNF:1
FNH:0
FNDA:0,EditScreenInfo
DA:11,0
DA:49,0
LF:2
LH:0
BRF:0
BRH:0
end_of_record
TN:
SF:components/ExternalLink.tsx
FN:6,ExternalLink
FN:15,(anonymous_1)
FNF:2
FNH:0
FNDA:0,ExternalLink
FNDA:0,(anonymous_1)
DA:9,0
DA:16,0
DA:18,0
DA:20,0
LF:4
LH:0
BRDA:16,0,0,0
BRDA:16,0,1,0
BRF:2
BRH:0
end_of_record
TN:
SF:components/FriendCard.tsx
FN:23,(anonymous_0)
FN:31,(anonymous_1)
FN:52,(anonymous_2)
FNF:3
FNH:0
FNDA:0,(anonymous_0)
FNDA:0,(anonymous_1)
FNDA:0,(anonymous_2)
DA:23,0
DA:24,0
DA:25,0
DA:27,0
DA:31,0
DA:32,0
DA:34,0
DA:35,0
DA:36,0
DA:38,0
DA:39,0
DA:42,0
DA:43,0
DA:45,0
DA:49,0
DA:52,0
DA:102,0
LF:17
LH:0
BRDA:27,0,0,0
BRDA:27,0,1,0
BRDA:27,1,0,0
BRDA:27,1,1,0
BRDA:32,2,0,0
BRDA:32,2,1,0
BRDA:32,3,0,0
BRDA:32,3,1,0
BRDA:52,4,0,0
BRDA:52,4,1,0
BRDA:61,5,0,0
BRDA:61,5,1,0
BRDA:64,6,0,0
BRDA:64,6,1,0
BRDA:64,6,2,0
BRDA:66,7,0,0
BRDA:66,7,1,0
BRDA:69,8,0,0
BRDA:69,8,1,0
BRDA:71,9,0,0
BRDA:71,9,1,0
BRDA:79,10,0,0
BRDA:79,10,1,0
BRDA:83,11,0,0
BRDA:83,11,1,0
BRDA:91,12,0,0
BRDA:91,12,1,0
BRDA:94,13,0,0
BRDA:94,13,1,0
BRF:29
BRH:0
end_of_record
TN:
SF:components/Header.tsx
FN:20,(anonymous_0)
FN:25,(anonymous_1)
FN:38,(anonymous_2)
FN:42,(anonymous_3)
FN:46,(anonymous_4)
FN:97,(anonymous_5)
FN:113,(anonymous_6)
FN:128,(anonymous_7)
FNF:8
FNH:4
FNDA:25,(anonymous_0)
FNDA:0,(anonymous_1)
FNDA:0,(anonymous_2)
FNDA:0,(anonymous_3)
FNDA:5,(anonymous_4)
FNDA:1,(anonymous_5)
FNDA:75,(anonymous_6)
FNDA:0,(anonymous_7)
DA:20,2
DA:21,25
DA:22,25
DA:23,25
DA:25,25
DA:26,0
DA:27,0
DA:28,0
DA:30,0
DA:32,0
DA:38,25
DA:39,0
DA:42,25
DA:43,0
DA:46,25
DA:47,5
DA:48,5
DA:49,4
DA:51,1
DA:55,25
DA:98,1
DA:99,1
DA:114,75
DA:128,0
LF:24
LH:16
BRDA:48,0,0,4
BRDA:48,0,1,1
BRDA:94,1,0,5
BRDA:94,1,1,20
BRDA:117,2,0,25
BRDA:117,2,1,50
BRF:6
BRH:6
end_of_record
TN:
SF:components/MealItems.tsx
FN:11,(anonymous_0)
FN:16,(anonymous_1)
FN:17,(anonymous_2)
FN:44,(anonymous_3)
FN:45,(anonymous_4)
FNF:5
FNH:5
FNDA:23,(anonymous_0)
FNDA:8,(anonymous_1)
FNDA:8,(anonymous_2)
FNDA:8,(anonymous_3)
FNDA:5,(anonymous_4)
DA:11,1
DA:12,23
DA:13,23
DA:14,23
DA:16,23
DA:17,8
DA:18,8
DA:19,8
DA:20,8
DA:21,8
DA:22,5
DA:24,2
DA:25,2
DA:27,7
DA:31,8
DA:32,8
DA:36,23
DA:37,15
DA:38,13
DA:39,10
DA:41,3
DA:44,8
DA:46,5
LF:23
LH:23
BRDA:24,0,0,2
BRDA:24,0,1,1
BRDA:31,1,0,8
BRDA:31,1,1,0
BRDA:31,2,0,8
BRDA:31,2,1,8
BRDA:36,3,0,8
BRDA:36,3,1,15
BRDA:37,4,0,2
BRDA:37,4,1,13
BRDA:38,5,0,10
BRDA:38,5,1,3
BRDA:38,6,0,13
BRDA:38,6,1,13
BRDA:44,7,0,8
BRDA:44,7,1,5
BRDA:48,8,0,2
BRDA:48,8,1,3
BRDA:49,9,0,2
BRDA:49,9,1,3
BRDA:52,10,0,0
BRDA:52,10,1,5
BRDA:52,11,0,5
BRDA:52,11,1,0
BRF:24
BRH:21
end_of_record
TN:
SF:components/MealTypeSelector.tsx
FN:20,(anonymous_0)
FN:28,(anonymous_1)
FN:37,(anonymous_2)
FN:51,(anonymous_3)
FN:58,(anonymous_4)
FN:65,(anonymous_5)
FN:72,(anonymous_6)
FNF:7
FNH:6
FNDA:33,(anonymous_0)
FNDA:1,(anonymous_1)
FNDA:4,(anonymous_2)
FNDA:0,(anonymous_3)
FNDA:1,(anonymous_4)
FNDA:165,(anonymous_5)
FNDA:1,(anonymous_6)
DA:20,2
DA:26,33
DA:28,33
DA:29,1
DA:30,1
DA:33,33
DA:37,4
DA:51,0
DA:58,1
DA:66,165
DA:72,1
DA:94,2
LF:12
LH:11
BRDA:24,0,0,33
BRDA:40,1,0,33
BRDA:40,1,1,23
BRDA:42,2,0,33
BRDA:42,2,1,23
BRDA:70,3,0,165
BRDA:70,3,1,10
BRDA:77,4,0,165
BRDA:77,4,1,10
BRDA:82,5,0,165
BRDA:82,5,1,10
BRF:11
BRH:11
end_of_record
TN:
SF:components/MenuItemSelector.tsx
FN:16,(anonymous_0)
FN:23,(anonymous_1)
FN:30,(anonymous_2)
FN:31,(anonymous_3)
FN:38,(anonymous_4)
FN:75,(anonymous_5)
FN:80,(anonymous_6)
FNF:7
FNH:7
FNDA:35,(anonymous_0)
FNDA:4,(anonymous_1)
FNDA:1,(anonymous_2)
FNDA:2,(anonymous_3)
FNDA:7,(anonymous_4)
FNDA:6,(anonymous_5)
FNDA:1,(anonymous_6)
DA:16,2
DA:20,35
DA:21,35
DA:23,35
DA:24,4
DA:25,2
DA:26,2
DA:30,35
DA:31,2
DA:34,35
DA:38,7
DA:76,6
DA:80,1
DA:92,2
LF:14
LH:14
BRDA:24,0,0,2
BRDA:24,0,1,2
BRDA:24,1,0,4
BRDA:24,1,1,3
BRDA:42,2,0,13
BRDA:42,2,1,22
BRDA:47,3,0,35
BRDA:47,3,1,13
BRDA:69,4,0,3
BRDA:69,4,1,10
BRF:10
BRH:10
end_of_record
TN:
SF:components/NotesInput.tsx
FN:17,(anonymous_0)
FN:21,(anonymous_1)
FN:26,(anonymous_2)
FN:31,(anonymous_3)
FNF:4
FNH:4
FNDA:29,(anonymous_0)
FNDA:4,(anonymous_1)
FNDA:1,(anonymous_2)
FNDA:1,(anonymous_3)
DA:17,2
DA:18,29
DA:19,29
DA:21,29
DA:22,4
DA:23,4
DA:26,29
DA:27,1
DA:28,1
DA:31,29
DA:32,1
DA:33,1
DA:36,29
DA:98,2
LF:14
LH:14
BRDA:40,0,0,5
BRDA:40,0,1,24
BRDA:42,1,0,0
BRDA:42,1,1,5
BRF:4
BRH:3
end_of_record
TN:
SF:components/PhotoSelector.tsx
FN:13,(anonymous_0)
FN:19,(anonymous_1)
FN:43,(anonymous_2)
FN:70,(anonymous_3)
FN:114,(anonymous_4)
FNF:5
FNH:5
FNDA:26,(anonymous_0)
FNDA:5,(anonymous_1)
FNDA:4,(anonymous_2)
FNDA:4,(anonymous_3)
FNDA:4,(anonymous_4)
DA:13,2
DA:17,26
DA:19,26
DA:20,5
DA:21,0
DA:22,0
DA:25,5
DA:26,5
DA:27,0
DA:28,0
DA:31,5
DA:39,5
DA:41,4
DA:43,4
DA:44,4
DA:45,4
DA:46,4
DA:47,4
DA:48,0
DA:50,4
DA:54,4
DA:55,4
DA:56,0
DA:62,4
DA:63,0
DA:64,0
DA:67,4
DA:70,4
DA:71,4
DA:73,4
DA:75,4
DA:86,4
DA:95,3
DA:99,3
DA:103,1
DA:105,3
DA:106,3
DA:107,3
DA:112,4
DA:113,4
DA:114,4
DA:116,4
DA:117,1
DA:118,1
DA:119,0
DA:125,3
DA:128,0
DA:129,0
DA:131,4
DA:136,26
DA:150,2
LF:51
LH:40
BRDA:20,0,0,0
BRDA:20,0,1,5
BRDA:26,1,0,0
BRDA:26,1,1,5
BRDA:39,2,0,1
BRDA:39,2,1,4
BRDA:41,3,0,4
BRDA:41,3,1,0
BRDA:41,4,0,4
BRDA:41,4,1,4
BRDA:44,5,0,0
BRDA:44,5,1,4
BRDA:45,6,0,4
BRDA:45,6,1,1
BRDA:47,7,0,0
BRDA:47,7,1,4
BRDA:47,8,0,4
BRDA:47,8,1,4
BRDA:55,9,0,0
BRDA:55,9,1,4
BRDA:58,10,0,0
BRDA:58,10,1,0
BRDA:62,11,0,0
BRDA:62,11,1,4
BRDA:71,12,0,0
BRDA:71,12,1,4
BRDA:95,13,0,3
BRDA:95,13,1,0
BRDA:106,14,0,3
BRDA:106,14,1,1
BRDA:106,15,0,3
BRDA:106,15,1,0
BRDA:116,16,0,1
BRDA:116,16,1,3
BRDA:118,17,0,0
BRDA:118,17,1,1
BRDA:138,18,0,26
BRDA:138,18,1,0
BRDA:143,19,0,0
BRDA:143,19,1,26
BRDA:143,20,0,2
BRDA:143,20,1,24
BRDA:145,21,0,26
BRDA:145,21,1,26
BRF:44
BRH:29
end_of_record
TN:
SF:components/PostCard.tsx
FN:15,(anonymous_0)
FN:28,(anonymous_1)
FN:34,(anonymous_2)
FN:56,(anonymous_3)
FN:67,(anonymous_4)
FN:105,(anonymous_5)
FN:117,(anonymous_6)
FN:142,(anonymous_7)
FN:198,(anonymous_8)
FN:227,(anonymous_9)
FN:240,(anonymous_10)
FNF:11
FNH:7
FNDA:25,(anonymous_0)
FNDA:18,(anonymous_1)
FNDA:4,(anonymous_2)
FNDA:0,(anonymous_3)
FNDA:2,(anonymous_4)
FNDA:23,(anonymous_5)
FNDA:0,(anonymous_6)
FNDA:2,(anonymous_7)
FNDA:2,(anonymous_8)
FNDA:0,(anonymous_9)
FNDA:0,(anonymous_10)
DA:15,1
DA:21,25
DA:22,25
DA:23,25
DA:24,25
DA:25,25
DA:28,25
DA:29,18
DA:30,18
DA:31,18
DA:34,25
DA:35,4
DA:38,3
DA:39,3
DA:40,3
DA:41,3
DA:43,3
DA:44,3
DA:45,3
DA:48,1
DA:49,1
DA:50,1
DA:52,2
DA:56,25
DA:58,0
DA:59,0
DA:62,0
DA:63,0
DA:67,25
DA:68,2
DA:71,1
DA:72,1
DA:76,25
DA:106,23
DA:118,0
DA:143,2
DA:198,2
DA:227,0
DA:240,0
LF:39
LH:32
BRDA:35,0,0,1
BRDA:35,0,1,3
BRDA:35,1,0,4
BRDA:35,1,1,4
BRDA:41,2,0,0
BRDA:41,2,1,3
BRDA:62,3,0,0
BRDA:62,3,1,0
BRDA:68,4,0,1
BRDA:68,4,1,1
BRDA:71,5,0,1
BRDA:71,5,1,0
BRDA:104,6,0,23
BRDA:104,6,1,2
BRDA:104,7,0,25
BRDA:104,7,1,25
BRDA:110,8,0,23
BRDA:110,8,1,23
BRDA:127,9,0,23
BRDA:127,9,1,0
BRDA:129,10,0,0
BRDA:129,10,1,0
BRDA:139,11,0,1
BRDA:139,11,1,1
BRDA:154,12,0,1
BRDA:154,12,1,0
BRDA:156,13,0,0
BRDA:156,13,1,0
BRDA:173,14,0,25
BRDA:173,14,1,0
BRDA:189,15,0,5
BRDA:189,15,1,20
BRDA:221,16,0,25
BRDA:221,16,1,24
BRDA:223,17,0,1
BRDA:223,17,1,23
BRDA:226,18,0,25
BRDA:226,18,1,24
BRDA:230,19,0,0
BRDA:230,19,1,24
BRF:40
BRH:28
end_of_record
TN:
SF:components/RatingSlider.tsx
FN:10,(anonymous_0)
FNF:1
FNH:1
FNDA:20,(anonymous_0)
DA:10,2
DA:14,20
DA:35,2
LF:3
LH:3
BRF:0
BRH:0
end_of_record
TN:
SF:components/SearchResultsModal.tsx
FN:32,(anonymous_0)
FN:42,(anonymous_1)
FN:50,(anonymous_2)
FN:55,(anonymous_3)
FN:56,(anonymous_4)
FN:67,(anonymous_5)
FN:73,(anonymous_6)
FN:81,(anonymous_7)
FN:88,(anonymous_8)
FN:111,(anonymous_9)
FN:118,(anonymous_10)
FN:142,(anonymous_11)
FN:181,(anonymous_12)
FNF:13
FNH:3
FNDA:42,(anonymous_0)
FNDA:17,(anonymous_1)
FNDA:5,(anonymous_2)
FNDA:0,(anonymous_3)
FNDA:0,(anonymous_4)
FNDA:0,(anonymous_5)
FNDA:0,(anonymous_6)
FNDA:0,(anonymous_7)
FNDA:0,(anonymous_8)
FNDA:0,(anonymous_9)
FNDA:0,(anonymous_10)
FNDA:0,(anonymous_11)
FNDA:0,(anonymous_12)
DA:32,2
DA:37,42
DA:38,42
DA:39,42
DA:40,42
DA:42,42
DA:43,17
DA:44,5
DA:46,12
DA:50,42
DA:51,5
DA:52,5
DA:53,5
DA:54,0
DA:55,0
DA:56,0
DA:58,0
DA:60,3
DA:61,3
DA:63,3
DA:67,42
DA:69,0
DA:70,0
DA:73,42
DA:74,0
DA:75,0
DA:81,42
DA:82,0
DA:83,0
DA:85,0
DA:88,0
DA:111,42
DA:112,0
DA:113,0
DA:115,0
DA:118,0
DA:142,42
DA:143,0
DA:144,0
DA:145,0
DA:146,0
DA:148,0
DA:151,42
DA:182,0
LF:44
LH:22
BRDA:43,0,0,5
BRDA:43,0,1,12
BRDA:82,1,0,0
BRDA:82,1,1,0
BRDA:112,2,0,0
BRDA:112,2,1,0
BRDA:143,3,0,0
BRDA:143,3,1,0
BRDA:145,4,0,0
BRDA:145,4,1,0
BRDA:153,5,0,42
BRDA:153,5,1,7
BRDA:169,6,0,2
BRDA:169,6,1,40
BRDA:173,7,0,40
BRDA:173,7,1,0
BRDA:182,8,0,0
BRDA:182,8,1,0
BRF:18
BRH:7
end_of_record
TN:
SF:components/StyledText.tsx
FN:3,MonoText
FNF:1
FNH:0
FNDA:0,MonoText
DA:4,0
LF:1
LH:0
BRF:0
BRH:0
end_of_record
TN:
SF:components/Themed.tsx
FN:19,useThemeColor
FN:33,Text
FN:40,View
FNF:3
FNH:0
FNDA:0,useThemeColor
FNDA:0,Text
FNDA:0,View
DA:23,0
DA:24,0
DA:26,0
DA:27,0
DA:29,0
DA:34,0
DA:35,0
DA:37,0
DA:41,0
DA:42,0
DA:44,0
LF:11
LH:0
BRDA:23,0,0,0
BRDA:23,0,1,0
BRDA:26,1,0,0
BRDA:26,1,1,0
BRF:4
BRH:0
end_of_record
TN:
SF:components/useClientOnlyValue.ts
FN:2,useClientOnlyValue
FNF:1
FNH:0
FNDA:0,useClientOnlyValue
DA:3,0
LF:1
LH:0
BRF:0
BRH:0
end_of_record
TN:
SF:components/useClientOnlyValue.web.ts
FN:5,useClientOnlyValue
FN:7,(anonymous_1)
FNF:2
FNH:0
FNDA:0,useClientOnlyValue
FNDA:0,(anonymous_1)
DA:6,0
DA:7,0
DA:8,0
DA:11,0
LF:4
LH:0
BRF:0
BRH:0
end_of_record
TN:
SF:components/useColorScheme.ts
FNF:0
FNH:0
LF:0
LH:0
BRF:0
BRH:0
end_of_record
TN:
SF:components/useColorScheme.web.ts
FN:6,useColorScheme
FNF:1
FNH:0
FNDA:0,useColorScheme
DA:7,0
LF:1
LH:0
BRF:0
BRH:0
end_of_record
TN:
SF:constants/API.ts
FN:12,(anonymous_0)
FN:17,(anonymous_1)
FN:18,(anonymous_2)
FN:19,(anonymous_3)
FN:22,(anonymous_4)
FN:23,(anonymous_5)
FN:30,(anonymous_6)
FN:31,(anonymous_7)
FN:32,(anonymous_8)
FN:36,(anonymous_9)
FNF:10
FNH:0
FNDA:0,(anonymous_0)
FNDA:0,(anonymous_1)
FNDA:0,(anonymous_2)
FNDA:0,(anonymous_3)
FNDA:0,(anonymous_4)
FNDA:0,(anonymous_5)
FNDA:0,(anonymous_6)
FNDA:0,(anonymous_7)
FNDA:0,(anonymous_8)
FNDA:0,(anonymous_9)
DA:7,5
DA:12,5
DA:15,5
DA:17,0
DA:18,0
DA:19,0
DA:22,0
DA:23,0
DA:30,0
DA:31,0
DA:32,0
DA:36,5
DA:38,0
DA:39,0
DA:44,0
DA:45,0
DA:46,0
LF:17
LH:4
BRDA:7,0,0,0
BRDA:7,0,1,5
BRDA:7,1,0,5
BRDA:7,1,1,5
BRDA:38,2,0,0
BRDA:38,2,1,0
BRDA:38,3,0,0
BRDA:38,3,1,0
BRDA:45,4,0,0
BRDA:45,4,1,0
BRF:10
BRH:3
end_of_record
TN:
SF:constants/Colors.ts
FNF:0
FNH:0
DA:1,1
DA:2,1
LF:2
LH:2
BRF:0
BRH:0
end_of_record
TN:
SF:data/diningHalls.ts
FNF:0
FNH:0
DA:4,2
DA:28,2
LF:2
LH:2
BRF:0
BRH:0
end_of_record
TN:
SF:services/api.ts
FN:2,(anonymous_0)
FN:40,(anonymous_1)
FN:63,(anonymous_2)
FN:87,(anonymous_3)
FN:97,(anonymous_4)
FN:103,(anonymous_5)
FN:120,(anonymous_6)
FN:144,(anonymous_7)
FN:160,(anonymous_8)
FN:179,(anonymous_9)
FN:199,(anonymous_10)
FN:208,(anonymous_11)
FN:214,(anonymous_12)
FN:227,(anonymous_13)
FN:238,(anonymous_14)
FN:241,(anonymous_15)
FN:256,(anonymous_16)
FN:268,(anonymous_17)
FN:295,(anonymous_18)
FN:314,(anonymous_19)
FN:344,(anonymous_20)
FN:360,(anonymous_21)
FN:410,(anonymous_22)
FN:432,(anonymous_23)
FN:445,(anonymous_24)
FN:458,(anonymous_25)
FN:468,(anonymous_26)
FN:486,(anonymous_27)
FN:539,(anonymous_28)
FN:557,(anonymous_29)
FN:602,(anonymous_30)
FN:624,(anonymous_31)
FN:647,(anonymous_32)
FN:670,(anonymous_33)
FN:693,(anonymous_34)
FNF:35
FNH:9
FNDA:0,(anonymous_0)
FNDA:0,(anonymous_1)
FNDA:0,(anonymous_2)
FNDA:0,(anonymous_3)
FNDA:3,(anonymous_4)
FNDA:34,(anonymous_5)
FNDA:0,(anonymous_6)
FNDA:0,(anonymous_7)
FNDA:0,(anonymous_8)
FNDA:0,(anonymous_9)
FNDA:0,(anonymous_10)
FNDA:0,(anonymous_11)
FNDA:0,(anonymous_12)
FNDA:0,(anonymous_13)
FNDA:0,(anonymous_14)
FNDA:0,(anonymous_15)
FNDA:0,(anonymous_16)
FNDA:0,(anonymous_17)
FNDA:0,(anonymous_18)
FNDA:0,(anonymous_19)
FNDA:0,(anonymous_20)
FNDA:0,(anonymous_21)
FNDA:0,(anonymous_22)
FNDA:17,(anonymous_23)
FNDA:6,(anonymous_24)
FNDA:4,(anonymous_25)
FNDA:0,(anonymous_26)
FNDA:3,(anonymous_27)
FNDA:2,(anonymous_28)
FNDA:9,(anonymous_29)
FNDA:2,(anonymous_30)
FNDA:0,(anonymous_31)
FNDA:0,(anonymous_32)
FNDA:0,(anonymous_33)
FNDA:0,(anonymous_34)
DA:2,6
DA:3,0
DA:8,0
DA:9,0
DA:10,0
DA:11,0
DA:12,0
DA:14,0
DA:16,0
DA:18,0
DA:19,0
DA:20,0
DA:27,6
DA:28,6
DA:29,6
DA:40,6
DA:42,0
DA:43,0
DA:46,0
DA:48,0
DA:56,0
DA:57,0
DA:58,0
DA:59,0
DA:60,0
DA:63,0
DA:65,0
DA:67,0
DA:68,0
DA:69,0
DA:70,0
DA:71,0
DA:72,0
DA:76,0
DA:79,0
DA:81,0
DA:82,0
DA:87,6
DA:88,0
DA:89,0
DA:93,0
DA:97,6
DA:99,3
DA:103,6
DA:104,34
DA:107,34
DA:108,0
DA:112,34
DA:113,4
DA:116,34
DA:120,6
DA:121,0
DA:127,0
DA:128,0
DA:129,0
DA:130,0
DA:131,0
DA:134,0
DA:136,0
DA:139,0
DA:141,0
DA:144,6
DA:145,0
DA:151,0
DA:152,0
DA:153,0
DA:157,0
DA:160,6
DA:161,0
DA:167,0
DA:168,0
DA:169,0
DA:172,0
DA:173,0
DA:174,0
DA:176,0
DA:179,6
DA:180,0
DA:186,0
DA:187,0
DA:188,0
DA:191,0
DA:192,0
DA:193,0
DA:195,0
DA:199,6
DA:200,0
DA:201,0
DA:202,0
DA:204,0
DA:208,6
DA:209,0
DA:210,0
DA:213,0
DA:214,0
DA:215,0
DA:217,0
DA:218,0
DA:219,0
DA:220,0
DA:223,0
DA:227,6
DA:228,0
DA:229,0
DA:230,0
DA:231,0
DA:232,0
DA:234,0
DA:238,6
DA:241,6
DA:243,0
DA:244,0
DA:249,0
DA:250,0
DA:255,0
DA:257,0
DA:258,0
DA:261,0
DA:262,0
DA:263,0
DA:264,0
DA:266,0
DA:269,0
DA:270,0
DA:278,0
DA:295,6
DA:296,0
DA:297,0
DA:301,0
DA:302,0
DA:305,0
DA:306,0
DA:308,0
DA:309,0
DA:314,6
DA:315,0
DA:317,0
DA:319,0
DA:323,0
DA:324,0
DA:325,0
DA:326,0
DA:327,0
DA:328,0
DA:330,0
DA:332,0
DA:335,0
DA:336,0
DA:338,0
DA:339,0
DA:344,6
DA:345,0
DA:347,0
DA:348,0
DA:352,0
DA:360,0
DA:367,0
DA:372,0
DA:378,0
DA:379,0
DA:380,0
DA:382,0
DA:383,0
DA:384,0
DA:387,0
DA:390,0
DA:396,0
DA:399,0
DA:400,0
DA:401,0
DA:403,0
DA:404,0
DA:410,6
DA:411,0
DA:413,0
DA:414,0
DA:419,0
DA:420,0
DA:424,0
DA:426,0
DA:427,0
DA:432,6
DA:433,17
DA:434,17
DA:435,17
DA:439,14
DA:440,1
DA:443,13
DA:445,13
DA:452,2
DA:453,2
DA:458,6
DA:459,4
DA:460,4
DA:461,4
DA:467,3
DA:468,1
DA:469,1
DA:472,2
DA:473,2
DA:480,2
DA:481,2
DA:486,6
DA:487,3
DA:489,3
DA:490,3
DA:495,3
DA:499,3
DA:505,3
DA:507,3
DA:516,2
DA:518,1
DA:519,1
DA:520,1
DA:521,0
DA:525,1
DA:526,1
DA:529,1
DA:530,1
DA:531,1
DA:533,2
DA:534,2
DA:539,6
DA:540,2
DA:541,2
DA:545,2
DA:546,1
DA:549,1
DA:551,1
DA:552,1
DA:557,6
DA:558,9
DA:559,9
DA:563,9
DA:564,7
DA:567,2
DA:569,7
DA:570,7
DA:602,6
DA:603,2
DA:604,2
DA:605,0
DA:608,2
DA:612,0
DA:613,0
DA:616,0
DA:618,0
DA:619,0
DA:624,6
DA:625,0
DA:626,0
DA:627,0
DA:630,0
DA:634,0
DA:635,0
DA:638,0
DA:639,0
DA:641,0
DA:642,0
DA:647,6
DA:648,0
DA:649,0
DA:650,0
DA:653,0
DA:657,0
DA:658,0
DA:661,0
DA:662,0
DA:664,0
DA:665,0
DA:670,6
DA:671,0
DA:672,0
DA:673,0
DA:676,0
DA:680,0
DA:681,0
DA:684,0
DA:685,0
DA:687,0
DA:688,0
DA:693,6
DA:694,0
DA:695,0
DA:699,0
DA:700,0
DA:703,0
DA:704,0
DA:706,0
DA:707,0
LF:290
LH:91
BRDA:8,0,0,0
BRDA:8,0,1,0
BRDA:12,1,0,0
BRDA:12,1,1,0
BRDA:14,2,0,0
BRDA:14,2,1,0
BRDA:40,3,0,0
BRDA:40,4,0,0
BRDA:42,5,0,0
BRDA:42,5,1,0
BRDA:56,6,0,0
BRDA:56,6,1,0
BRDA:65,7,0,0
BRDA:65,7,1,0
BRDA:65,8,0,0
BRDA:65,8,1,0
BRDA:68,9,0,0
BRDA:68,9,1,0
BRDA:76,10,0,0
BRDA:76,10,1,0
BRDA:88,11,0,0
BRDA:88,11,1,0
BRDA:99,12,0,3
BRDA:99,12,1,3
BRDA:103,13,0,4
BRDA:107,14,0,0
BRDA:107,14,1,34
BRDA:112,15,0,4
BRDA:112,15,1,30
BRDA:127,16,0,0
BRDA:127,16,1,0
BRDA:131,17,0,0
BRDA:131,17,1,0
BRDA:134,18,0,0
BRDA:134,18,1,0
BRDA:152,19,0,0
BRDA:152,19,1,0
BRDA:153,20,0,0
BRDA:153,20,1,0
BRDA:168,21,0,0
BRDA:168,21,1,0
BRDA:169,22,0,0
BRDA:169,22,1,0
BRDA:172,23,0,0
BRDA:172,23,1,0
BRDA:187,24,0,0
BRDA:187,24,1,0
BRDA:188,25,0,0
BRDA:188,25,1,0
BRDA:191,26,0,0
BRDA:191,26,1,0
BRDA:202,27,0,0
BRDA:202,27,1,0
BRDA:213,28,0,0
BRDA:213,28,1,0
BRDA:215,29,0,0
BRDA:215,29,1,0
BRDA:249,30,0,0
BRDA:249,30,1,0
BRDA:255,31,0,0
BRDA:255,31,1,0
BRDA:257,32,0,0
BRDA:257,32,1,0
BRDA:257,33,0,0
BRDA:257,33,1,0
BRDA:262,34,0,0
BRDA:262,34,1,0
BRDA:262,35,0,0
BRDA:262,35,1,0
BRDA:272,36,0,0
BRDA:272,36,1,0
BRDA:281,37,0,0
BRDA:281,37,1,0
BRDA:285,38,0,0
BRDA:285,38,1,0
BRDA:286,39,0,0
BRDA:286,39,1,0
BRDA:287,40,0,0
BRDA:287,40,1,0
BRDA:288,41,0,0
BRDA:288,41,1,0
BRDA:289,42,0,0
BRDA:289,42,1,0
BRDA:290,43,0,0
BRDA:290,43,1,0
BRDA:301,44,0,0
BRDA:301,44,1,0
BRDA:323,45,0,0
BRDA:323,45,1,0
BRDA:328,46,0,0
BRDA:328,46,1,0
BRDA:330,47,0,0
BRDA:330,47,1,0
BRDA:353,48,0,0
BRDA:353,48,1,0
BRDA:354,49,0,0
BRDA:354,49,1,0
BRDA:355,50,0,0
BRDA:355,50,1,0
BRDA:356,51,0,0
BRDA:356,51,1,0
BRDA:357,52,0,0
BRDA:357,52,1,0
BRDA:359,53,0,0
BRDA:359,53,1,0
BRDA:369,54,0,0
BRDA:369,54,1,0
BRDA:378,55,0,0
BRDA:378,55,1,0
BRDA:384,56,0,0
BRDA:384,56,1,0
BRDA:387,57,0,0
BRDA:387,57,1,0
BRDA:396,58,0,0
BRDA:396,58,1,0
BRDA:419,59,0,0
BRDA:419,59,1,0
BRDA:439,60,0,1
BRDA:439,60,1,13
BRDA:467,61,0,1
BRDA:467,61,1,2
BRDA:469,62,0,1
BRDA:469,62,1,0
BRDA:486,63,0,0
BRDA:489,64,0,3
BRDA:489,64,1,0
BRDA:490,65,0,0
BRDA:490,65,1,3
BRDA:491,66,0,0
BRDA:491,66,1,3
BRDA:501,67,0,3
BRDA:501,67,1,0
BRDA:516,68,0,1
BRDA:516,68,1,1
BRDA:521,69,0,0
BRDA:521,69,1,0
BRDA:545,70,0,1
BRDA:545,70,1,1
BRDA:563,71,0,7
BRDA:563,71,1,2
BRDA:604,72,0,0
BRDA:604,72,1,2
BRDA:604,73,0,2
BRDA:604,73,1,2
BRDA:612,74,0,0
BRDA:612,74,1,0
BRDA:626,75,0,0
BRDA:626,75,1,0
BRDA:626,76,0,0
BRDA:626,76,1,0
BRDA:634,77,0,0
BRDA:634,77,1,0
BRDA:649,78,0,0
BRDA:649,78,1,0
BRDA:649,79,0,0
BRDA:649,79,1,0
BRDA:657,80,0,0
BRDA:657,80,1,0
BRDA:672,81,0,0
BRDA:672,81,1,0
BRDA:672,82,0,0
BRDA:672,82,1,0
BRDA:680,83,0,0
BRDA:680,83,1,0
BRDA:693,84,0,0
BRDA:699,85,0,0
BRDA:699,85,1,0
BRF:167
BRH:24
end_of_record
