TN:
SF:src/db.ts
FN:15,(anonymous_0)
FN:19,(anonymous_1)
FNF:2
FNH:1
FNDA:0,(anonymous_0)
FNDA:1,(anonymous_1)
DA:1,1
DA:3,1
DA:13,1
DA:16,0
DA:17,0
DA:20,1
DA:21,1
DA:24,1
LF:8
LH:6
BRDA:9,0,0,0
BRDA:9,0,1,1
BRF:2
BRH:1
end_of_record
TN:
SF:src/middleware/auth.ts
FN:13,attachUserFromToken
FN:36,requireAuth
FN:41,signToken
FNF:3
FNH:3
FNDA:136,attachUserFromToken
FNDA:11,requireAuth
FNDA:13,signToken
DA:2,10
DA:4,10
DA:13,10
DA:14,136
DA:15,136
DA:17,11
DA:18,11
DA:20,10
DA:21,10
DA:22,10
DA:23,8
DA:25,8
DA:27,8
DA:32,10
DA:36,10
DA:37,11
DA:38,4
DA:41,10
DA:43,13
LF:19
LH:19
BRDA:4,0,0,10
BRDA:4,0,1,0
BRDA:15,1,0,125
BRDA:18,2,0,1
BRDA:18,3,0,11
BRDA:18,3,1,11
BRDA:23,4,0,8
BRDA:23,5,0,8
BRDA:23,5,1,8
BRDA:37,6,0,7
BRDA:37,7,0,11
BRDA:37,7,1,5
BRF:12
BRH:11
end_of_record
TN:
SF:src/routes/auth.ts
FN:11,generateVerificationCode
FN:16,(anonymous_2)
FN:91,(anonymous_3)
FN:123,(anonymous_4)
FN:183,(anonymous_5)
FN:248,(anonymous_6)
FNF:6
FNH:5
FNDA:6,generateVerificationCode
FNDA:7,(anonymous_2)
FNDA:3,(anonymous_3)
FNDA:5,(anonymous_4)
FNDA:6,(anonymous_5)
FNDA:0,(anonymous_6)
DA:1,9
DA:2,9
DA:3,9
DA:4,9
DA:5,9
DA:6,9
DA:7,9
DA:9,9
DA:12,6
DA:16,9
DA:17,7
DA:18,7
DA:26,7
DA:27,1
DA:30,6
DA:31,0
DA:35,6
DA:36,6
DA:37,1
DA:40,5
DA:41,1
DA:46,4
DA:48,4
DA:49,4
DA:52,4
DA:54,4
DA:62,3
DA:64,3
DA:68,3
DA:74,3
DA:75,0
DA:76,0
DA:79,3
DA:81,1
DA:82,1
DA:84,1
DA:86,0
DA:91,9
DA:92,3
DA:93,3
DA:94,3
DA:96,2
DA:97,2
DA:99,2
DA:103,2
DA:105,1
DA:107,1
DA:110,1
DA:111,0
DA:112,0
DA:115,1
DA:117,0
DA:118,0
DA:123,9
DA:124,5
DA:125,5
DA:128,5
DA:129,0
DA:131,5
DA:132,0
DA:134,5
DA:135,1
DA:139,4
DA:140,0
DA:143,4
DA:147,4
DA:148,1
DA:151,3
DA:152,3
DA:153,0
DA:156,3
DA:157,3
DA:158,1
DA:161,2
DA:162,1
DA:166,1
DA:171,1
DA:172,1
DA:177,0
DA:178,0
DA:183,9
DA:184,6
DA:185,6
DA:188,6
DA:189,0
DA:191,6
DA:192,0
DA:194,6
DA:195,1
DA:199,5
DA:200,5
DA:201,0
DA:205,5
DA:206,5
DA:207,0
DA:211,5
DA:212,0
DA:215,5
DA:219,5
DA:220,1
DA:223,4
DA:224,4
DA:225,0
DA:228,4
DA:229,4
DA:230,2
DA:239,2
DA:240,2
DA:242,0
DA:243,0
DA:248,9
DA:249,0
DA:250,0
DA:252,0
DA:253,0
DA:256,0
DA:257,0
DA:262,0
DA:265,0
DA:266,0
DA:268,0
DA:269,0
DA:272,0
DA:276,9
LF:124
LH:90
BRDA:26,0,0,1
BRDA:26,1,0,7
BRDA:26,1,1,7
BRDA:26,1,2,6
BRDA:26,1,3,6
BRDA:26,1,4,6
BRDA:30,2,0,0
BRDA:36,3,0,1
BRDA:40,4,0,1
BRDA:40,5,0,5
BRDA:40,5,1,5
BRDA:74,6,0,0
BRDA:74,7,0,3
BRDA:74,7,1,0
BRDA:82,8,0,1
BRDA:94,9,0,1
BRDA:103,10,0,1
BRDA:110,11,0,0
BRDA:110,12,0,1
BRDA:110,12,1,0
BRDA:128,13,0,0
BRDA:128,14,0,5
BRDA:128,14,1,0
BRDA:131,15,0,0
BRDA:131,16,0,5
BRDA:131,16,1,5
BRDA:134,17,0,1
BRDA:134,18,0,5
BRDA:134,18,1,4
BRDA:139,19,0,0
BRDA:147,20,0,1
BRDA:152,21,0,0
BRDA:152,22,0,3
BRDA:152,22,1,3
BRDA:157,23,0,1
BRDA:161,24,0,1
BRDA:173,25,0,0
BRDA:173,25,1,1
BRDA:188,26,0,0
BRDA:188,27,0,6
BRDA:188,27,1,0
BRDA:191,28,0,0
BRDA:191,29,0,6
BRDA:191,29,1,6
BRDA:194,30,0,1
BRDA:194,31,0,6
BRDA:194,31,1,5
BRDA:200,32,0,0
BRDA:206,33,0,0
BRDA:206,34,0,5
BRDA:206,34,1,5
BRDA:211,35,0,0
BRDA:219,36,0,1
BRDA:224,37,0,0
BRDA:229,38,0,2
BRDA:252,39,0,0
BRDA:252,40,0,0
BRDA:252,40,1,0
BRDA:265,41,0,0
BRDA:268,42,0,0
BRDA:268,43,0,0
BRDA:268,43,1,0
BRF:62
BRH:37
end_of_record
TN:
SF:src/routes/dining.ts
FN:12,(anonymous_1)
FN:27,(anonymous_2)
FN:33,(anonymous_3)
FN:55,(anonymous_4)
FN:79,(anonymous_5)
FNF:5
FNH:4
FNDA:2,(anonymous_1)
FNDA:3,(anonymous_2)
FNDA:2,(anonymous_3)
FNDA:5,(anonymous_4)
FNDA:0,(anonymous_5)
DA:3,9
DA:4,9
DA:6,9
DA:12,9
DA:13,2
DA:14,2
DA:15,1
DA:17,1
DA:18,1
DA:27,9
DA:28,3
DA:29,3
DA:32,3
DA:33,3
DA:35,3
DA:36,1
DA:39,2
DA:40,1
DA:45,1
DA:46,1
DA:55,9
DA:56,5
DA:57,5
DA:58,5
DA:59,5
DA:60,1
DA:62,4
DA:63,2
DA:65,2
DA:66,2
DA:79,9
DA:80,0
DA:81,0
DA:82,0
DA:83,0
DA:87,0
DA:88,0
DA:90,0
DA:91,0
DA:92,0
DA:94,0
DA:96,0
DA:97,0
DA:101,9
LF:44
LH:32
BRDA:35,0,0,1
BRDA:59,1,0,1
BRDA:63,2,0,2
BRDA:63,2,1,0
BRDA:68,3,0,2
BRDA:68,3,1,0
BRDA:82,4,0,0
BRDA:87,5,0,0
BRDA:87,5,1,0
BRDA:88,6,0,0
BRDA:88,6,1,0
BRDA:91,7,0,0
BRDA:97,8,0,0
BRDA:97,8,1,0
BRF:14
BRH:4
end_of_record
TN:
SF:src/routes/follows.ts
FN:8,(anonymous_1)
FN:47,(anonymous_2)
FN:78,(anonymous_3)
FN:150,(anonymous_4)
FN:193,(anonymous_5)
FN:220,(anonymous_6)
FN:276,(anonymous_7)
FNF:7
FNH:7
FNDA:2,(anonymous_1)
FNDA:1,(anonymous_2)
FNDA:1,(anonymous_3)
FNDA:1,(anonymous_4)
FNDA:2,(anonymous_5)
FNDA:3,(anonymous_6)
FNDA:2,(anonymous_7)
DA:1,9
DA:2,9
DA:4,9
DA:8,9
DA:9,2
DA:10,2
DA:11,2
DA:13,2
DA:14,1
DA:15,1
DA:18,1
DA:33,1
DA:34,1
DA:35,1
DA:36,1
DA:38,0
DA:39,0
DA:40,0
DA:47,9
DA:48,1
DA:49,1
DA:50,1
DA:51,1
DA:52,1
DA:55,0
DA:69,0
DA:70,0
DA:72,0
DA:73,0
DA:78,9
DA:79,1
DA:81,1
DA:82,1
DA:83,1
DA:84,1
DA:87,0
DA:136,0
DA:137,0
DA:140,0
DA:142,0
DA:143,0
DA:148,9
DA:151,1
DA:152,1
DA:153,1
DA:154,1
DA:155,1
DA:158,0
DA:181,0
DA:182,0
DA:184,0
DA:185,0
DA:191,9
DA:194,2
DA:195,2
DA:196,2
DA:197,1
DA:198,1
DA:201,1
DA:203,1
DA:210,1
DA:211,1
DA:213,0
DA:214,0
DA:220,9
DA:221,3
DA:223,3
DA:224,3
DA:225,3
DA:226,1
DA:227,1
DA:230,2
DA:233,2
DA:234,1
DA:235,1
DA:239,1
DA:242,1
DA:243,1
DA:244,1
DA:248,0
DA:253,0
DA:254,0
DA:255,0
DA:259,0
DA:264,0
DA:266,0
DA:267,0
DA:269,3
DA:274,9
DA:277,2
DA:279,2
DA:280,2
DA:281,2
DA:282,1
DA:283,1
DA:286,1
DA:289,1
DA:294,1
DA:295,1
DA:296,1
DA:299,0
DA:301,0
DA:302,0
DA:304,2
DA:309,9
LF:105
LH:73
BRDA:11,0,0,2
BRDA:11,0,1,2
BRDA:13,1,0,1
BRDA:50,2,0,1
BRDA:81,3,0,1
BRDA:81,3,1,1
BRDA:82,4,0,1
BRDA:153,5,0,1
BRDA:196,6,0,1
BRDA:225,7,0,1
BRDA:233,8,0,1
BRDA:242,9,0,1
BRDA:253,10,0,0
BRDA:281,11,0,1
BRDA:294,12,0,1
BRF:15
BRH:14
end_of_record
TN:
SF:src/routes/posts.ts
FN:8,(anonymous_1)
FN:73,(anonymous_2)
FN:116,(anonymous_3)
FN:185,(anonymous_4)
FN:204,(anonymous_5)
FN:277,(anonymous_6)
FN:322,(anonymous_7)
FN:455,(anonymous_8)
FN:541,(anonymous_9)
FN:595,(anonymous_10)
FN:624,(anonymous_11)
FN:696,(anonymous_12)
FN:775,(anonymous_13)
FN:815,(anonymous_14)
FNF:14
FNH:9
FNDA:5,(anonymous_1)
FNDA:4,(anonymous_2)
FNDA:3,(anonymous_3)
FNDA:2,(anonymous_4)
FNDA:0,(anonymous_5)
FNDA:0,(anonymous_6)
FNDA:24,(anonymous_7)
FNDA:7,(anonymous_8)
FNDA:4,(anonymous_9)
FNDA:2,(anonymous_10)
FNDA:6,(anonymous_11)
FNDA:0,(anonymous_12)
FNDA:0,(anonymous_13)
FNDA:0,(anonymous_14)
DA:1,9
DA:2,9
DA:5,9
DA:8,9
DA:9,5
DA:10,5
DA:12,5
DA:71,5
DA:73,5
DA:75,4
DA:76,4
DA:78,4
DA:79,0
DA:80,0
DA:82,0
DA:83,0
DA:87,4
DA:88,0
DA:89,0
DA:91,0
DA:92,0
DA:96,4
DA:108,5
DA:110,0
DA:111,0
DA:116,9
DA:117,3
DA:119,3
DA:120,3
DA:121,1
DA:122,1
DA:125,2
DA:183,2
DA:185,2
DA:194,2
DA:196,0
DA:197,0
DA:202,9
DA:205,0
DA:206,0
DA:207,0
DA:208,0
DA:214,0
DA:275,0
DA:277,0
DA:279,0
DA:280,0
DA:282,0
DA:283,0
DA:284,0
DA:286,0
DA:287,0
DA:291,0
DA:292,0
DA:293,0
DA:295,0
DA:296,0
DA:300,0
DA:312,0
DA:313,0
DA:315,0
DA:316,0
DA:322,9
DA:323,24
DA:325,24
DA:327,24
DA:328,24
DA:329,1
DA:330,1
DA:334,23
DA:337,23
DA:338,1
DA:339,1
DA:350,22
DA:353,22
DA:354,5
DA:355,1
DA:356,1
DA:358,4
DA:359,2
DA:360,2
DA:364,19
DA:365,19
DA:366,1
DA:367,1
DA:369,18
DA:370,1
DA:373,1
DA:377,17
DA:378,8
DA:379,1
DA:380,1
DA:383,7
DA:384,1
DA:385,1
DA:389,6
DA:390,9
DA:395,1
DA:398,1
DA:401,8
DA:402,1
DA:405,1
DA:408,7
DA:412,1
DA:415,1
DA:420,12
DA:421,5
DA:422,1
DA:423,1
DA:426,4
DA:427,1
DA:428,1
DA:432,3
DA:433,4
DA:434,1
DA:437,1
DA:440,3
DA:441,1
DA:444,1
DA:450,8
DA:453,8
DA:454,8
DA:455,7
DA:456,3
DA:457,3
DA:462,8
DA:466,8
DA:480,8
DA:481,8
DA:484,8
DA:485,3
DA:486,6
DA:497,6
DA:502,8
DA:503,3
DA:504,7
DA:505,7
DA:507,7
DA:516,8
DA:521,8
DA:524,8
DA:530,8
DA:532,0
DA:533,0
DA:534,0
DA:536,24
DA:541,9
DA:542,4
DA:544,4
DA:546,4
DA:547,4
DA:548,1
DA:549,1
DA:552,3
DA:555,3
DA:558,3
DA:559,1
DA:560,1
DA:564,2
DA:569,2
DA:571,1
DA:575,1
DA:578,1
DA:582,1
DA:585,0
DA:586,0
DA:588,4
DA:593,9
DA:596,2
DA:597,2
DA:599,2
DA:612,2
DA:613,2
DA:615,0
DA:616,0
DA:622,9
DA:625,6
DA:627,6
DA:629,6
DA:630,6
DA:631,1
DA:632,1
DA:635,5
DA:636,5
DA:639,5
DA:640,2
DA:641,2
DA:644,3
DA:645,1
DA:648,1
DA:652,2
DA:656,2
DA:657,1
DA:658,1
DA:662,1
DA:670,1
DA:682,1
DA:683,1
DA:685,0
DA:686,0
DA:688,6
DA:694,9
DA:697,0
DA:698,0
DA:699,0
DA:700,0
DA:701,0
DA:703,0
DA:704,0
DA:705,0
DA:708,0
DA:709,0
DA:710,0
DA:714,0
DA:715,0
DA:716,0
DA:717,0
DA:721,0
DA:722,0
DA:723,0
DA:726,0
DA:729,0
DA:730,0
DA:735,0
DA:736,0
DA:737,0
DA:738,0
DA:740,0
DA:744,0
DA:748,0
DA:751,0
DA:760,0
DA:761,0
DA:763,0
DA:764,0
DA:765,0
DA:767,0
DA:773,9
DA:776,0
DA:777,0
DA:778,0
DA:780,0
DA:781,0
DA:782,0
DA:786,0
DA:791,0
DA:792,0
DA:793,0
DA:796,0
DA:797,0
DA:798,0
DA:802,0
DA:804,0
DA:806,0
DA:807,0
DA:813,9
DA:816,0
DA:817,0
DA:818,0
DA:819,0
DA:820,0
DA:822,0
DA:823,0
DA:824,0
DA:828,0
DA:833,0
DA:834,0
DA:835,0
DA:838,0
DA:839,0
DA:840,0
DA:843,0
DA:846,0
DA:847,0
DA:848,0
DA:850,0
DA:851,0
DA:852,0
DA:855,0
DA:856,0
DA:857,0
DA:860,0
DA:861,0
DA:862,0
DA:865,0
DA:866,0
DA:867,0
DA:868,0
DA:872,0
DA:874,0
DA:881,0
DA:883,0
DA:884,0
DA:886,0
DA:887,0
DA:888,0
DA:890,0
DA:895,9
LF:298
LH:160
BRDA:71,0,0,5
BRDA:71,0,1,1
BRDA:78,1,0,0
BRDA:87,2,0,0
BRDA:98,3,0,4
BRDA:98,3,1,0
BRDA:99,4,0,4
BRDA:99,4,1,0
BRDA:101,5,0,4
BRDA:101,5,1,0
BRDA:101,6,0,4
BRDA:101,6,1,4
BRDA:104,7,0,4
BRDA:104,7,1,2
BRDA:105,8,0,4
BRDA:105,8,1,3
BRDA:119,9,0,3
BRDA:119,9,1,1
BRDA:120,10,0,1
BRDA:188,11,0,2
BRDA:188,11,1,0
BRDA:188,12,0,2
BRDA:188,12,1,2
BRDA:191,13,0,2
BRDA:191,13,1,2
BRDA:192,14,0,2
BRDA:192,14,1,2
BRDA:210,15,0,0
BRDA:210,15,1,0
BRDA:275,16,0,0
BRDA:275,16,1,0
BRDA:282,17,0,0
BRDA:291,18,0,0
BRDA:302,19,0,0
BRDA:302,19,1,0
BRDA:303,20,0,0
BRDA:303,20,1,0
BRDA:305,21,0,0
BRDA:305,21,1,0
BRDA:305,22,0,0
BRDA:305,22,1,0
BRDA:308,23,0,0
BRDA:308,23,1,0
BRDA:309,24,0,0
BRDA:309,24,1,0
BRDA:328,25,0,1
BRDA:337,26,0,1
BRDA:353,27,0,5
BRDA:353,28,0,22
BRDA:353,28,1,5
BRDA:354,29,0,1
BRDA:358,30,0,2
BRDA:358,31,0,4
BRDA:358,31,1,3
BRDA:364,32,0,19
BRDA:364,33,0,19
BRDA:364,33,1,19
BRDA:365,34,0,1
BRDA:369,35,0,1
BRDA:377,36,0,8
BRDA:377,37,0,17
BRDA:377,37,1,8
BRDA:378,38,0,1
BRDA:383,39,0,1
BRDA:390,40,0,1
BRDA:391,41,0,9
BRDA:391,41,1,8
BRDA:391,41,2,8
BRDA:401,42,0,1
BRDA:408,43,0,1
BRDA:409,44,0,7
BRDA:409,44,1,7
BRDA:409,44,2,7
BRDA:420,45,0,5
BRDA:420,46,0,12
BRDA:420,46,1,5
BRDA:421,47,0,1
BRDA:426,48,0,1
BRDA:433,49,0,1
BRDA:433,50,0,4
BRDA:433,50,1,3
BRDA:433,50,2,3
BRDA:440,51,0,1
BRDA:454,52,0,3
BRDA:454,53,0,8
BRDA:454,53,1,2
BRDA:454,53,2,6
BRDA:454,53,3,3
BRDA:462,54,0,5
BRDA:462,54,1,3
BRDA:462,55,0,8
BRDA:462,55,1,5
BRDA:472,56,0,8
BRDA:472,56,1,0
BRDA:474,57,0,8
BRDA:474,57,1,7
BRDA:475,58,0,8
BRDA:475,58,1,8
BRDA:476,59,0,8
BRDA:476,59,1,8
BRDA:484,60,0,3
BRDA:484,61,0,8
BRDA:484,61,1,3
BRDA:493,62,0,6
BRDA:493,62,1,3
BRDA:494,63,0,6
BRDA:494,63,1,2
BRDA:502,64,0,3
BRDA:502,65,0,8
BRDA:502,65,1,3
BRDA:521,66,0,5
BRDA:521,66,1,3
BRDA:521,67,0,8
BRDA:521,67,1,5
BRDA:547,68,0,1
BRDA:558,69,0,1
BRDA:569,70,0,1
BRDA:569,70,1,1
BRDA:630,71,0,1
BRDA:639,72,0,2
BRDA:639,73,0,5
BRDA:639,73,1,4
BRDA:639,73,2,4
BRDA:644,74,0,1
BRDA:656,75,0,1
BRDA:700,76,0,0
BRDA:700,76,1,0
BRDA:703,77,0,0
BRDA:708,78,0,0
BRDA:708,79,0,0
BRDA:708,79,1,0
BRDA:715,80,0,0
BRDA:721,81,0,0
BRDA:735,82,0,0
BRDA:778,83,0,0
BRDA:778,83,1,0
BRDA:780,84,0,0
BRDA:791,85,0,0
BRDA:796,86,0,0
BRDA:819,87,0,0
BRDA:819,87,1,0
BRDA:822,88,0,0
BRDA:833,89,0,0
BRDA:838,90,0,0
BRDA:850,91,0,0
BRDA:855,92,0,0
BRDA:860,93,0,0
BRDA:865,94,0,0
BRF:148
BRH:100
end_of_record
TN:
SF:src/routes/search.ts
FN:9,(anonymous_1)
FN:35,(anonymous_2)
FN:55,(anonymous_3)
FN:74,(anonymous_4)
FN:95,(anonymous_5)
FN:111,(anonymous_6)
FN:130,searchUsers
FN:157,searchDiningHalls
FN:175,(anonymous_9)
FN:183,searchDishes
FN:211,(anonymous_11)
FN:221,getTrendingDishes
FN:248,(anonymous_13)
FN:258,searchDishAvailability
FN:271,(anonymous_15)
FN:277,(anonymous_16)
FN:289,(anonymous_17)
FN:322,(anonymous_18)
FNF:18
FNH:14
FNDA:3,(anonymous_1)
FNDA:4,(anonymous_2)
FNDA:3,(anonymous_3)
FNDA:3,(anonymous_4)
FNDA:3,(anonymous_5)
FNDA:2,(anonymous_6)
FNDA:3,searchUsers
FNDA:2,searchDiningHalls
FNDA:3,(anonymous_9)
FNDA:1,searchDishes
FNDA:1,(anonymous_11)
FNDA:3,getTrendingDishes
FNDA:3,(anonymous_13)
FNDA:1,searchDishAvailability
FNDA:0,(anonymous_15)
FNDA:0,(anonymous_16)
FNDA:0,(anonymous_17)
FNDA:0,(anonymous_18)
DA:1,9
DA:2,9
DA:3,9
DA:4,9
DA:6,9
DA:9,9
DA:10,3
DA:11,3
DA:13,3
DA:14,2
DA:15,2
DA:18,1
DA:23,1
DA:29,0
DA:30,0
DA:35,9
DA:36,4
DA:37,4
DA:39,4
DA:40,2
DA:41,2
DA:44,2
DA:45,2
DA:47,0
DA:48,0
DA:53,9
DA:56,3
DA:57,3
DA:59,3
DA:60,2
DA:61,2
DA:64,1
DA:65,1
DA:67,0
DA:68,0
DA:74,9
DA:75,3
DA:76,3
DA:78,3
DA:79,2
DA:80,2
DA:84,1
DA:85,1
DA:87,0
DA:88,0
DA:93,9
DA:96,3
DA:97,3
DA:99,3
DA:100,3
DA:102,0
DA:103,0
DA:109,9
DA:112,2
DA:113,2
DA:115,2
DA:116,1
DA:117,1
DA:120,1
DA:121,1
DA:123,0
DA:124,0
DA:131,3
DA:132,3
DA:150,3
DA:152,0
DA:153,0
DA:158,2
DA:160,2
DA:168,2
DA:169,0
DA:173,2
DA:174,2
DA:175,3
DA:178,0
DA:179,0
DA:184,1
DA:186,1
DA:211,1
DA:216,0
DA:217,0
DA:222,3
DA:224,3
DA:248,3
DA:253,0
DA:254,0
DA:263,1
DA:264,1
DA:266,1
DA:267,1
DA:269,1
DA:271,1
DA:272,0
DA:274,0
DA:277,0
DA:278,0
DA:279,0
DA:280,0
DA:283,0
DA:285,0
DA:286,0
DA:287,0
DA:288,0
DA:289,0
DA:290,0
DA:293,0
DA:294,0
DA:299,0
DA:303,0
DA:310,0
DA:311,0
DA:312,0
DA:315,0
DA:318,0
DA:319,0
DA:320,0
DA:321,0
DA:322,0
DA:323,0
DA:326,0
DA:327,0
DA:333,0
DA:343,0
DA:348,0
DA:350,0
DA:356,1
DA:357,1
DA:365,9
LF:128
LH:74
BRDA:11,0,0,3
BRDA:11,0,1,1
BRDA:13,1,0,2
BRDA:13,2,0,3
BRDA:13,2,1,2
BRDA:37,3,0,4
BRDA:37,3,1,1
BRDA:39,4,0,2
BRDA:39,5,0,4
BRDA:39,5,1,3
BRDA:57,6,0,3
BRDA:57,6,1,1
BRDA:59,7,0,2
BRDA:59,8,0,3
BRDA:59,8,1,2
BRDA:76,9,0,3
BRDA:76,9,1,1
BRDA:78,10,0,2
BRDA:78,11,0,3
BRDA:78,11,1,2
BRDA:97,12,0,3
BRDA:97,12,1,1
BRDA:113,13,0,2
BRDA:113,13,1,1
BRDA:115,14,0,1
BRDA:115,15,0,2
BRDA:115,15,1,1
BRDA:168,16,0,0
BRDA:283,17,0,0
BRDA:285,18,0,0
BRDA:285,18,1,0
BRDA:286,19,0,0
BRDA:293,20,0,0
BRDA:315,21,0,0
BRDA:318,22,0,0
BRDA:318,22,1,0
BRDA:319,23,0,0
BRDA:326,24,0,0
BRF:38
BRH:27
end_of_record
TN:
SF:src/routes/upload.ts
FN:51,(anonymous_1)
FN:52,(anonymous_2)
FNF:2
FNH:2
FNDA:8,(anonymous_1)
FNDA:8,(anonymous_2)
DA:1,9
DA:2,9
DA:3,9
DA:4,9
DA:5,9
DA:7,9
DA:10,9
DA:20,9
DA:23,9
DA:24,9
DA:25,9
DA:26,0
DA:28,9
DA:29,0
DA:31,9
DA:32,9
DA:34,9
DA:36,0
DA:40,9
DA:43,9
DA:51,9
DA:52,8
DA:53,8
DA:54,1
DA:55,1
DA:56,1
DA:57,1
DA:59,0
DA:61,0
DA:64,7
DA:65,7
DA:66,2
DA:69,5
DA:71,5
DA:72,0
DA:73,0
DA:74,0
DA:75,0
DA:78,0
DA:87,0
DA:102,0
DA:107,0
DA:112,0
DA:114,0
DA:116,0
DA:119,0
DA:122,0
DA:123,0
DA:124,0
DA:125,0
DA:126,0
DA:127,0
DA:128,0
DA:131,5
DA:132,5
DA:134,5
DA:135,5
DA:136,0
DA:139,5
DA:140,5
DA:141,5
DA:144,5
DA:147,5
DA:148,5
DA:150,5
DA:151,5
DA:152,5
DA:155,0
DA:156,0
DA:161,9
LF:70
LH:43
BRDA:10,0,0,9
BRDA:10,0,1,0
BRDA:10,1,0,9
BRDA:10,1,1,9
BRDA:12,2,0,9
BRDA:12,2,1,0
BRDA:20,3,0,9
BRDA:20,3,1,9
BRDA:23,4,0,9
BRDA:23,4,1,0
BRDA:23,5,0,9
BRDA:23,5,1,9
BRDA:25,6,0,0
BRDA:28,7,0,0
BRDA:31,8,0,9
BRDA:53,9,0,1
BRDA:55,10,0,1
BRDA:55,11,0,1
BRDA:55,11,1,1
BRDA:55,11,2,1
BRDA:56,12,0,1
BRDA:65,13,0,2
BRDA:71,14,0,0
BRDA:71,14,1,5
BRDA:71,15,0,5
BRDA:71,15,1,5
BRDA:74,16,0,0
BRDA:74,16,1,0
BRDA:78,17,0,0
BRDA:78,17,1,0
BRDA:79,18,0,0
BRDA:79,18,1,0
BRDA:79,19,0,0
BRDA:79,19,1,0
BRDA:80,20,0,0
BRDA:80,20,1,0
BRDA:81,21,0,0
BRDA:81,21,1,0
BRDA:107,22,0,0
BRDA:107,22,1,0
BRDA:114,23,0,0
BRDA:114,23,1,0
BRDA:114,24,0,0
BRDA:114,24,1,0
BRDA:135,25,0,0
BRDA:140,26,0,5
BRDA:140,26,1,0
BRF:47
BRH:21
end_of_record
TN:
SF:src/routes/users.ts
FN:9,(anonymous_1)
FN:36,(anonymous_2)
FN:58,(anonymous_3)
FN:85,(anonymous_4)
FN:138,(anonymous_5)
FN:165,(anonymous_6)
FNF:6
FNH:5
FNDA:1,(anonymous_1)
FNDA:2,(anonymous_2)
FNDA:0,(anonymous_3)
FNDA:5,(anonymous_4)
FNDA:4,(anonymous_5)
FNDA:6,(anonymous_6)
DA:1,9
DA:2,9
DA:3,9
DA:6,9
DA:9,9
DA:10,1
DA:12,1
DA:13,1
DA:14,0
DA:15,0
DA:18,1
DA:23,1
DA:24,0
DA:25,0
DA:28,1
DA:30,0
DA:31,0
DA:36,9
DA:37,2
DA:38,2
DA:40,2
DA:45,2
DA:46,1
DA:47,1
DA:50,1
DA:52,0
DA:53,0
DA:58,9
DA:59,0
DA:60,0
DA:61,0
DA:64,0
DA:69,0
DA:70,0
DA:71,0
DA:72,0
DA:75,0
DA:76,0
DA:78,0
DA:79,0
DA:80,0
DA:85,9
DA:86,5
DA:87,5
DA:90,5
DA:91,1
DA:92,1
DA:95,4
DA:96,1
DA:97,1
DA:100,3
DA:101,0
DA:102,0
DA:105,3
DA:106,0
DA:107,0
DA:111,3
DA:118,1
DA:121,2
DA:122,2
DA:123,1
DA:124,1
DA:126,1
DA:127,1
DA:128,1
DA:132,0
DA:133,0
DA:138,9
DA:139,4
DA:140,4
DA:141,4
DA:142,0
DA:143,0
DA:147,4
DA:152,4
DA:153,4
DA:154,56
DA:155,6
DA:159,4
DA:160,1
DA:161,1
DA:165,6
DA:166,3
DA:167,3
DA:169,3
DA:170,3
DA:172,3
DA:173,0
DA:174,0
DA:177,3
DA:179,0
DA:180,0
DA:184,9
LF:93
LH:60
BRDA:12,0,0,1
BRDA:12,0,1,0
BRDA:13,1,0,0
BRDA:23,2,0,0
BRDA:45,3,0,1
BRDA:69,4,0,0
BRDA:90,5,0,1
BRDA:90,6,0,5
BRDA:90,6,1,4
BRDA:90,6,2,4
BRDA:95,7,0,1
BRDA:95,8,0,4
BRDA:95,8,1,3
BRDA:95,8,2,3
BRDA:100,9,0,0
BRDA:105,10,0,0
BRDA:121,11,0,2
BRDA:122,12,0,1
BRDA:126,13,0,1
BRDA:140,14,0,4
BRDA:140,14,1,0
BRDA:141,15,0,0
BRDA:154,16,0,6
BRDA:159,17,0,1
BRDA:172,18,0,0
BRF:25
BRH:16
end_of_record
TN:
SF:src/services/azureAuth.ts
FN:22,getKey
FN:23,(anonymous_2)
FN:30,verifyMicrosoftToken
FN:35,(anonymous_4)
FN:44,(anonymous_5)
FN:56,isVanderbiltTenant
FN:70,extractUserInfo
FN:97,createOrUpdateUserFromMicrosoft
FN:144,authenticateWithMicrosoft
FNF:9
FNH:0
FNDA:0,getKey
FNDA:0,(anonymous_2)
FNDA:0,verifyMicrosoftToken
FNDA:0,(anonymous_4)
FNDA:0,(anonymous_5)
FNDA:0,isVanderbiltTenant
FNDA:0,extractUserInfo
FNDA:0,createOrUpdateUserFromMicrosoft
FNDA:0,authenticateWithMicrosoft
DA:1,9
DA:2,9
DA:3,9
DA:4,9
DA:5,9
DA:8,9
DA:9,9
DA:12,9
DA:15,9
DA:23,0
DA:24,0
DA:25,0
DA:30,9
DA:31,0
DA:32,0
DA:35,0
DA:36,0
DA:45,0
DA:46,0
DA:47,0
DA:49,0
DA:56,9
DA:57,0
DA:58,0
DA:70,9
DA:72,0
DA:73,0
DA:74,0
DA:75,0
DA:76,0
DA:79,0
DA:80,0
DA:81,0
DA:82,0
DA:83,0
DA:84,0
DA:87,0
DA:97,9
DA:101,0
DA:102,0
DA:106,0
DA:111,0
DA:113,0
DA:114,0
DA:122,0
DA:125,0
DA:126,0
DA:128,0
DA:139,0
DA:144,9
DA:148,0
DA:151,0
DA:152,0
DA:156,0
DA:159,0
DA:162,0
DA:165,0
DA:170,0
LF:58
LH:14
BRDA:8,0,0,9
BRDA:8,0,1,9
BRDA:9,1,0,9
BRDA:9,1,1,9
BRDA:31,2,0,0
BRDA:31,3,0,0
BRDA:31,3,1,0
BRDA:45,4,0,0
BRDA:72,5,0,0
BRDA:72,5,1,0
BRDA:72,5,2,0
BRDA:73,6,0,0
BRDA:73,6,1,0
BRDA:74,7,0,0
BRDA:74,7,1,0
BRDA:75,8,0,0
BRDA:75,8,1,0
BRDA:76,9,0,0
BRDA:76,9,1,0
BRDA:76,9,2,0
BRDA:81,10,0,0
BRDA:81,11,0,0
BRDA:81,11,1,0
BRDA:81,11,2,0
BRDA:83,12,0,0
BRDA:83,12,1,0
BRDA:84,13,0,0
BRDA:84,13,1,0
BRDA:89,14,0,0
BRDA:89,14,1,0
BRDA:90,15,0,0
BRDA:90,15,1,0
BRDA:91,16,0,0
BRDA:91,16,1,0
BRDA:101,17,0,0
BRDA:111,18,0,0
BRDA:111,18,1,0
BRDA:135,19,0,0
BRDA:135,19,1,0
BRDA:136,20,0,0
BRDA:136,20,1,0
BRDA:151,21,0,0
BRF:42
BRH:4
end_of_record
TN:
SF:src/services/cbordService.ts
FN:40,(anonymous_1)
FN:56,(anonymous_2)
FN:79,(anonymous_3)
FN:136,(anonymous_4)
FN:153,(anonymous_5)
FN:154,(anonymous_6)
FN:155,(anonymous_7)
FN:169,(anonymous_8)
FN:226,(anonymous_9)
FN:248,(anonymous_10)
FN:248,(anonymous_11)
FN:263,(anonymous_12)
FN:291,(anonymous_13)
FN:298,(anonymous_14)
FN:317,(anonymous_15)
FN:318,(anonymous_16)
FN:332,(anonymous_17)
FN:357,(anonymous_18)
FN:358,(anonymous_19)
FN:359,(anonymous_20)
FN:366,(anonymous_21)
FN:375,(anonymous_22)
FN:450,(anonymous_23)
FN:475,(anonymous_24)
FN:482,(anonymous_25)
FN:493,(anonymous_26)
FN:521,(anonymous_27)
FN:588,(anonymous_28)
FN:612,(anonymous_29)
FN:633,(anonymous_30)
FN:651,(anonymous_31)
FN:711,(anonymous_32)
FN:812,(anonymous_33)
FN:846,(anonymous_34)
FNF:34
FNH:20
FNDA:8,(anonymous_1)
FNDA:0,(anonymous_2)
FNDA:63,(anonymous_3)
FNDA:0,(anonymous_4)
FNDA:0,(anonymous_5)
FNDA:0,(anonymous_6)
FNDA:0,(anonymous_7)
FNDA:0,(anonymous_8)
FNDA:0,(anonymous_9)
FNDA:0,(anonymous_10)
FNDA:0,(anonymous_11)
FNDA:0,(anonymous_12)
FNDA:3,(anonymous_13)
FNDA:63,(anonymous_14)
FNDA:63,(anonymous_15)
FNDA:63,(anonymous_16)
FNDA:3,(anonymous_17)
FNDA:63,(anonymous_18)
FNDA:63,(anonymous_19)
FNDA:63,(anonymous_20)
FNDA:0,(anonymous_21)
FNDA:6,(anonymous_22)
FNDA:2,(anonymous_23)
FNDA:1,(anonymous_24)
FNDA:1,(anonymous_25)
FNDA:1,(anonymous_26)
FNDA:6,(anonymous_27)
FNDA:2,(anonymous_28)
FNDA:2,(anonymous_29)
FNDA:2,(anonymous_30)
FNDA:2,(anonymous_31)
FNDA:0,(anonymous_32)
FNDA:0,(anonymous_33)
FNDA:0,(anonymous_34)
DA:2,8
DA:3,8
DA:4,8
DA:5,8
DA:8,8
DA:11,8
DA:41,8
DA:43,8
DA:56,0
DA:80,63
DA:82,63
DA:91,42
DA:92,42
DA:94,42
DA:109,21
DA:110,21
DA:111,21
DA:115,0
DA:116,0
DA:117,0
DA:119,0
DA:121,42
DA:122,42
DA:123,0
DA:124,42
DA:125,0
DA:127,42
DA:137,0
DA:138,0
DA:141,0
DA:144,0
DA:152,0
DA:153,0
DA:154,0
DA:155,0
DA:158,0
DA:159,0
DA:160,0
DA:161,0
DA:164,0
DA:167,0
DA:168,0
DA:169,0
DA:170,0
DA:171,0
DA:172,0
DA:173,0
DA:174,0
DA:175,0
DA:176,0
DA:177,0
DA:183,0
DA:185,0
DA:186,0
DA:187,0
DA:189,0
DA:190,0
DA:192,0
DA:193,0
DA:195,0
DA:197,0
DA:198,0
DA:200,0
DA:201,0
DA:202,0
DA:203,0
DA:205,0
DA:206,0
DA:207,0
DA:209,0
DA:210,0
DA:218,0
DA:219,0
DA:220,0
DA:222,0
DA:226,0
DA:227,0
DA:228,0
DA:229,0
DA:231,0
DA:235,0
DA:236,0
DA:237,0
DA:238,0
DA:239,0
DA:241,0
DA:247,0
DA:248,0
DA:249,0
DA:251,0
DA:253,0
DA:254,0
DA:264,0
DA:266,0
DA:267,0
DA:269,0
DA:270,0
DA:271,0
DA:274,0
DA:275,0
DA:276,0
DA:277,0
DA:280,0
DA:282,0
DA:283,0
DA:292,3
DA:294,3
DA:295,3
DA:298,3
DA:299,63
DA:300,63
DA:301,63
DA:302,0
DA:303,0
DA:305,63
DA:306,63
DA:309,0
DA:310,0
DA:315,3
DA:317,63
DA:318,63
DA:319,3
DA:321,3
DA:323,0
DA:324,0
DA:333,3
DA:335,3
DA:336,3
DA:339,3
DA:341,3
DA:343,3
DA:345,63
DA:347,63
DA:348,0
DA:351,63
DA:357,63
DA:358,63
DA:359,63
DA:361,3
DA:364,0
DA:366,0
DA:369,3
DA:376,6
DA:379,6
DA:389,6
DA:390,6
DA:391,6
DA:393,6
DA:408,2
DA:412,6
DA:413,6
DA:415,6
DA:435,4
DA:436,1
DA:440,1
DA:444,3
DA:445,1
DA:446,1
DA:449,2
DA:450,2
DA:452,2
DA:454,1
DA:455,1
DA:458,1
DA:460,4
DA:461,4
DA:464,4
DA:465,0
DA:466,0
DA:468,4
DA:476,1
DA:477,1
DA:480,1
DA:482,1
DA:484,1
DA:485,1
DA:487,1
DA:490,1
DA:491,1
DA:493,1
DA:494,1
DA:496,1
DA:497,1
DA:498,1
DA:500,1
DA:507,1
DA:513,1
DA:522,6
DA:524,6
DA:532,6
DA:533,6
DA:534,6
DA:536,6
DA:551,0
DA:555,6
DA:556,6
DA:558,6
DA:567,5
DA:581,5
DA:582,0
DA:583,0
DA:587,2
DA:588,2
DA:591,2
DA:592,0
DA:596,0
DA:599,2
DA:603,4
DA:604,4
DA:613,2
DA:614,2
DA:617,2
DA:622,2
DA:623,0
DA:624,0
DA:627,2
DA:628,0
DA:629,0
DA:630,0
DA:633,2
DA:635,2
DA:638,2
DA:640,2
DA:645,2
DA:646,2
DA:649,2
DA:650,2
DA:651,2
DA:652,2
DA:653,2
DA:664,2
DA:665,2
DA:666,0
DA:667,0
DA:668,0
DA:673,2
DA:674,2
DA:675,2
DA:676,0
DA:677,0
DA:678,0
DA:684,2
DA:685,2
DA:686,2
DA:687,0
DA:688,0
DA:689,0
DA:694,2
DA:702,2
DA:703,2
DA:712,0
DA:714,0
DA:722,0
DA:723,0
DA:724,0
DA:726,0
DA:741,0
DA:746,0
DA:747,0
DA:749,0
DA:750,0
DA:751,0
DA:762,0
DA:763,0
DA:764,0
DA:778,0
DA:784,0
DA:785,0
DA:787,0
DA:801,0
DA:802,0
DA:803,0
DA:807,0
DA:810,0
DA:812,0
DA:813,0
DA:815,0
DA:816,0
DA:817,0
DA:818,0
DA:824,0
DA:826,0
DA:828,0
DA:829,0
DA:830,0
DA:832,0
DA:834,0
DA:835,0
DA:838,0
DA:839,0
DA:847,0
DA:848,0
DA:849,0
DA:852,0
DA:853,0
DA:854,0
DA:859,0
DA:860,0
DA:861,0
DA:862,0
DA:863,0
DA:864,0
DA:869,0
DA:870,0
DA:871,0
DA:872,0
DA:877,0
DA:878,0
DA:879,0
DA:880,0
DA:881,0
DA:882,0
DA:883,0
DA:889,0
DA:890,0
DA:891,0
DA:898,0
DA:899,0
DA:900,0
DA:904,0
DA:905,0
DA:906,0
DA:910,0
DA:911,0
DA:912,0
DA:916,0
DA:917,0
DA:918,0
DA:922,0
DA:923,0
DA:924,0
DA:928,0
DA:929,0
DA:930,0
DA:934,0
DA:935,0
DA:936,0
DA:940,0
DA:941,0
DA:942,0
DA:946,0
DA:947,0
DA:948,0
DA:952,0
DA:953,0
DA:954,0
DA:958,0
DA:959,0
DA:960,0
DA:961,0
DA:962,0
DA:963,0
DA:964,0
DA:965,0
DA:971,0
DA:972,0
DA:973,0
DA:977,0
DA:978,0
DA:979,0
DA:980,0
DA:981,0
DA:987,0
DA:989,0
DA:990,0
DA:995,8
LF:366
LH:136
BRDA:109,0,0,21
BRDA:109,1,0,21
BRDA:109,1,1,21
BRDA:116,2,0,0
BRDA:121,3,0,42
BRDA:121,3,1,0
BRDA:122,4,0,0
BRDA:122,4,1,42
BRDA:124,5,0,0
BRDA:153,6,0,0
BRDA:153,6,1,0
BRDA:154,7,0,0
BRDA:154,7,1,0
BRDA:155,8,0,0
BRDA:155,8,1,0
BRDA:167,9,0,0
BRDA:167,10,0,0
BRDA:167,10,1,0
BRDA:171,11,0,0
BRDA:176,12,0,0
BRDA:176,12,1,0
BRDA:187,13,0,0
BRDA:190,14,0,0
BRDA:195,15,0,0
BRDA:195,15,1,0
BRDA:198,16,0,0
BRDA:201,17,0,0
BRDA:205,18,0,0
BRDA:205,19,0,0
BRDA:205,19,1,0
BRDA:209,20,0,0
BRDA:209,21,0,0
BRDA:209,21,1,0
BRDA:218,22,0,0
BRDA:219,23,0,0
BRDA:219,24,0,0
BRDA:219,24,1,0
BRDA:227,25,0,0
BRDA:228,26,0,0
BRDA:228,27,0,0
BRDA:228,27,1,0
BRDA:236,28,0,0
BRDA:236,29,0,0
BRDA:236,29,1,0
BRDA:236,29,2,0
BRDA:237,30,0,0
BRDA:237,31,0,0
BRDA:237,31,1,0
BRDA:238,32,0,0
BRDA:238,33,0,0
BRDA:238,33,1,0
BRDA:247,34,0,0
BRDA:247,35,0,0
BRDA:247,35,1,0
BRDA:267,36,0,0
BRDA:274,37,0,0
BRDA:274,37,1,0
BRDA:274,38,0,0
BRDA:274,38,1,0
BRDA:276,39,0,0
BRDA:276,40,0,0
BRDA:276,40,1,0
BRDA:301,41,0,0
BRDA:301,41,1,63
BRDA:303,42,0,0
BRDA:303,42,1,0
BRDA:309,43,0,0
BRDA:309,43,1,0
BRDA:345,44,0,63
BRDA:345,44,1,0
BRDA:347,45,0,0
BRDA:435,46,0,1
BRDA:435,47,0,4
BRDA:435,47,1,3
BRDA:444,48,0,1
BRDA:452,49,0,1
BRDA:464,50,0,0
BRDA:485,51,0,0
BRDA:498,52,0,1
BRDA:498,52,1,0
BRDA:581,53,0,0
BRDA:581,54,0,5
BRDA:581,54,1,2
BRDA:591,55,0,0
BRDA:622,56,0,0
BRDA:627,57,0,0
BRDA:638,58,0,0
BRDA:646,59,0,2
BRDA:646,59,1,0
BRDA:653,60,0,2
BRDA:665,61,0,0
BRDA:667,62,0,0
BRDA:673,63,0,2
BRDA:675,64,0,0
BRDA:677,65,0,0
BRDA:684,66,0,2
BRDA:686,67,0,0
BRDA:686,68,0,2
BRDA:686,68,1,0
BRDA:688,69,0,0
BRDA:746,70,0,0
BRDA:746,71,0,0
BRDA:746,71,1,0
BRDA:801,72,0,0
BRDA:807,73,0,0
BRDA:807,73,1,0
BRDA:810,74,0,0
BRDA:810,75,0,0
BRDA:810,75,1,0
BRDA:813,76,0,0
BRDA:813,76,1,0
BRDA:813,76,2,0
BRDA:815,77,0,0
BRDA:815,78,0,0
BRDA:815,78,1,0
BRDA:817,79,0,0
BRDA:824,80,0,0
BRDA:824,80,1,0
BRDA:824,81,0,0
BRDA:824,81,1,0
BRDA:824,81,2,0
BRDA:824,81,3,0
BRDA:828,82,0,0
BRDA:838,83,0,0
BRDA:838,83,1,0
BRDA:853,84,0,0
BRDA:860,85,0,0
BRDA:863,86,0,0
BRDA:869,87,0,0
BRDA:871,88,0,0
BRDA:877,89,0,0
BRDA:879,90,0,0
BRDA:882,91,0,0
BRDA:890,92,0,0
BRDA:899,93,0,0
BRDA:905,94,0,0
BRDA:911,95,0,0
BRDA:917,96,0,0
BRDA:923,97,0,0
BRDA:929,98,0,0
BRDA:935,99,0,0
BRDA:941,100,0,0
BRDA:947,101,0,0
BRDA:953,102,0,0
BRDA:959,103,0,0
BRDA:961,104,0,0
BRDA:964,105,0,0
BRDA:972,106,0,0
BRDA:978,107,0,0
BRDA:980,108,0,0
BRF:150
BRH:20
end_of_record
TN:
SF:src/services/emailService.ts
FN:20,sendVerificationEmail
FNF:1
FNH:1
FNDA:5,sendVerificationEmail
DA:1,10
DA:2,10
DA:5,10
DA:15,10
DA:20,10
DA:22,5
DA:24,5
DA:25,5
DA:27,5
DA:60,5
DA:61,0
DA:62,0
DA:64,5
DA:66,5
DA:67,5
DA:72,0
DA:73,0
DA:74,0
DA:75,0
DA:85,0
DA:101,0
DA:102,0
DA:104,0
DA:105,0
DA:106,0
DA:111,0
DA:112,0
DA:113,0
LF:28
LH:13
BRDA:6,0,0,10
BRDA:6,0,1,0
BRDA:7,1,0,10
BRDA:7,1,1,0
BRDA:10,2,0,10
BRDA:10,2,1,0
BRDA:15,3,0,10
BRDA:15,3,1,0
BRDA:15,3,2,0
BRDA:22,4,0,5
BRDA:22,4,1,1
BRDA:24,5,0,5
BRDA:73,6,0,0
BRDA:77,7,0,0
BRDA:77,7,1,0
BRF:15
BRH:7
end_of_record
