TN:
SF:src/db.ts
FN:15,(anonymous_0)
FN:19,(anonymous_1)
FNF:2
FNH:0
FNDA:0,(anonymous_0)
FNDA:0,(anonymous_1)
DA:1,0
DA:3,0
DA:13,0
DA:16,0
DA:17,0
DA:20,0
DA:21,0
DA:24,0
LF:8
LH:0
BRDA:9,0,0,0
BRDA:9,0,1,0
BRF:2
BRH:0
end_of_record
TN:
SF:src/middleware/auth.ts
FN:13,attachUserFromToken
FN:36,requireAuth
FN:41,signToken
FNF:3
FNH:3
FNDA:115,attachUserFromToken
FNDA:10,requireAuth
FNDA:9,signToken
DA:2,10
DA:4,10
DA:13,10
DA:14,115
DA:15,115
DA:17,8
DA:18,8
DA:20,7
DA:21,7
DA:22,7
DA:23,5
DA:25,5
DA:27,5
DA:32,7
DA:36,10
DA:37,10
DA:38,4
DA:41,10
DA:43,9
LF:19
LH:19
BRDA:4,0,0,10
BRDA:4,0,1,0
BRDA:15,1,0,107
BRDA:18,2,0,1
BRDA:18,3,0,8
BRDA:18,3,1,8
BRDA:23,4,0,5
BRDA:23,5,0,5
BRDA:23,5,1,5
BRDA:37,6,0,6
BRDA:37,7,0,10
BRDA:37,7,1,5
BRF:12
BRH:11
end_of_record
TN:
SF:src/routes/auth.ts
FN:10,generateVerificationCode
FN:14,sendVerificationEmail
FN:61,(anonymous_3)
FN:131,(anonymous_4)
FN:163,(anonymous_5)
FN:217,(anonymous_6)
FNF:6
FNH:6
FNDA:6,generateVerificationCode
FNDA:4,sendVerificationEmail
FNDA:7,(anonymous_3)
FNDA:3,(anonymous_4)
FNDA:5,(anonymous_5)
FNDA:7,(anonymous_6)
DA:1,9
DA:2,9
DA:3,9
DA:4,9
DA:5,9
DA:6,9
DA:8,9
DA:11,6
DA:16,4
DA:17,4
DA:18,4
DA:19,4
DA:20,4
DA:23,0
DA:24,0
DA:34,0
DA:50,0
DA:51,0
DA:53,0
DA:55,0
DA:56,0
DA:61,9
DA:62,7
DA:63,7
DA:70,7
DA:71,1
DA:75,6
DA:76,6
DA:77,1
DA:80,5
DA:81,1
DA:86,4
DA:88,4
DA:89,4
DA:92,4
DA:94,4
DA:102,4
DA:104,4
DA:108,4
DA:114,4
DA:115,4
DA:116,4
DA:119,4
DA:121,0
DA:122,0
DA:124,0
DA:126,0
DA:131,9
DA:132,3
DA:133,3
DA:134,3
DA:136,2
DA:137,2
DA:139,2
DA:143,2
DA:145,0
DA:147,0
DA:150,0
DA:151,0
DA:152,0
DA:155,0
DA:157,0
DA:158,0
DA:163,9
DA:164,5
DA:165,5
DA:168,5
DA:169,0
DA:171,5
DA:172,0
DA:174,5
DA:175,1
DA:179,4
DA:180,1
DA:183,3
DA:187,3
DA:188,3
DA:191,0
DA:192,0
DA:193,0
DA:196,0
DA:197,0
DA:198,0
DA:201,0
DA:202,0
DA:206,0
DA:208,0
DA:209,0
DA:211,0
DA:212,0
DA:217,9
DA:218,7
DA:219,7
DA:222,7
DA:223,0
DA:225,7
DA:226,0
DA:228,7
DA:229,1
DA:233,6
DA:234,6
DA:235,0
DA:239,6
DA:240,6
DA:241,0
DA:245,6
DA:246,0
DA:249,6
DA:253,6
DA:254,1
DA:257,5
DA:258,5
DA:259,0
DA:262,5
DA:263,5
DA:264,2
DA:267,3
DA:268,1
DA:271,2
DA:272,2
DA:274,0
DA:275,0
DA:279,9
LF:123
LH:80
BRDA:17,0,0,4
BRDA:26,1,0,0
BRDA:26,1,1,0
BRDA:35,2,0,0
BRDA:35,2,1,0
BRDA:70,3,0,1
BRDA:70,4,0,7
BRDA:70,4,1,7
BRDA:70,4,2,6
BRDA:70,4,3,6
BRDA:76,5,0,1
BRDA:80,6,0,1
BRDA:80,7,0,5
BRDA:80,7,1,5
BRDA:114,8,0,4
BRDA:122,9,0,0
BRDA:134,10,0,1
BRDA:143,11,0,2
BRDA:150,12,0,0
BRDA:168,13,0,0
BRDA:168,14,0,5
BRDA:168,14,1,0
BRDA:171,15,0,0
BRDA:171,16,0,5
BRDA:171,16,1,5
BRDA:174,17,0,1
BRDA:174,18,0,5
BRDA:174,18,1,4
BRDA:179,19,0,1
BRDA:187,20,0,3
BRDA:192,21,0,0
BRDA:192,22,0,0
BRDA:192,22,1,0
BRDA:197,23,0,0
BRDA:201,24,0,0
BRDA:222,25,0,0
BRDA:222,26,0,7
BRDA:222,26,1,0
BRDA:225,27,0,0
BRDA:225,28,0,7
BRDA:225,28,1,7
BRDA:228,29,0,1
BRDA:228,30,0,7
BRDA:228,30,1,6
BRDA:234,31,0,0
BRDA:240,32,0,0
BRDA:240,33,0,6
BRDA:240,33,1,6
BRDA:245,34,0,0
BRDA:253,35,0,1
BRDA:258,36,0,0
BRDA:263,37,0,2
BRDA:267,38,0,1
BRF:53
BRH:32
end_of_record
TN:
SF:src/routes/dining.ts
FN:12,(anonymous_1)
FN:27,(anonymous_2)
FN:33,(anonymous_3)
FN:55,(anonymous_4)
FNF:4
FNH:4
FNDA:2,(anonymous_1)
FNDA:3,(anonymous_2)
FNDA:2,(anonymous_3)
FNDA:5,(anonymous_4)
DA:3,9
DA:4,9
DA:6,9
DA:12,9
DA:13,2
DA:14,2
DA:15,1
DA:17,1
DA:18,1
DA:27,9
DA:28,3
DA:29,3
DA:32,3
DA:33,3
DA:35,3
DA:36,1
DA:39,2
DA:40,1
DA:45,1
DA:46,1
DA:55,9
DA:56,5
DA:57,5
DA:58,5
DA:59,5
DA:60,1
DA:62,4
DA:63,2
DA:65,2
DA:66,2
DA:72,9
LF:31
LH:31
BRDA:35,0,0,1
BRDA:59,1,0,1
BRDA:63,2,0,2
BRDA:63,2,1,0
BRDA:68,3,0,2
BRDA:68,3,1,0
BRF:6
BRH:4
end_of_record
TN:
SF:src/routes/follows.ts
FN:7,(anonymous_1)
FN:38,(anonymous_2)
FN:69,(anonymous_3)
FN:135,(anonymous_4)
FN:175,(anonymous_5)
FN:201,(anonymous_6)
FN:256,(anonymous_7)
FNF:7
FNH:7
FNDA:2,(anonymous_1)
FNDA:1,(anonymous_2)
FNDA:1,(anonymous_3)
FNDA:1,(anonymous_4)
FNDA:2,(anonymous_5)
FNDA:3,(anonymous_6)
FNDA:2,(anonymous_7)
DA:1,9
DA:2,9
DA:4,9
DA:7,9
DA:8,2
DA:9,2
DA:10,2
DA:11,1
DA:12,1
DA:15,1
DA:29,1
DA:30,1
DA:32,0
DA:33,0
DA:38,9
DA:39,1
DA:40,1
DA:41,1
DA:42,1
DA:43,1
DA:46,0
DA:60,0
DA:61,0
DA:63,0
DA:64,0
DA:69,9
DA:70,1
DA:72,1
DA:73,1
DA:74,1
DA:75,1
DA:78,0
DA:126,0
DA:127,0
DA:129,0
DA:130,0
DA:135,9
DA:136,1
DA:137,1
DA:138,1
DA:139,1
DA:140,1
DA:143,0
DA:166,0
DA:167,0
DA:169,0
DA:170,0
DA:175,9
DA:176,2
DA:177,2
DA:178,2
DA:179,1
DA:180,1
DA:183,1
DA:185,1
DA:192,1
DA:193,1
DA:195,0
DA:196,0
DA:201,9
DA:202,3
DA:204,3
DA:205,3
DA:206,3
DA:207,1
DA:208,1
DA:211,2
DA:214,2
DA:215,1
DA:216,1
DA:220,1
DA:224,1
DA:225,1
DA:226,1
DA:230,0
DA:235,0
DA:236,0
DA:237,0
DA:241,0
DA:246,0
DA:248,0
DA:249,0
DA:251,3
DA:256,9
DA:257,2
DA:259,2
DA:260,2
DA:261,2
DA:262,1
DA:263,1
DA:266,1
DA:269,1
DA:274,1
DA:275,1
DA:276,1
DA:279,0
DA:281,0
DA:282,0
DA:284,2
DA:288,9
LF:100
LH:70
BRDA:10,0,0,1
BRDA:41,1,0,1
BRDA:72,2,0,1
BRDA:72,2,1,1
BRDA:73,3,0,1
BRDA:138,4,0,1
BRDA:178,5,0,1
BRDA:206,6,0,1
BRDA:214,7,0,1
BRDA:224,8,0,1
BRDA:235,9,0,0
BRDA:261,10,0,1
BRDA:274,11,0,1
BRF:13
BRH:12
end_of_record
TN:
SF:src/routes/posts.ts
FN:8,(anonymous_1)
FN:57,(anonymous_2)
FN:69,(anonymous_3)
FN:124,(anonymous_4)
FN:136,(anonymous_5)
FN:324,(anonymous_6)
FN:378,(anonymous_7)
FN:407,(anonymous_8)
FNF:8
FNH:6
FNDA:1,(anonymous_1)
FNDA:0,(anonymous_2)
FNDA:1,(anonymous_3)
FNDA:0,(anonymous_4)
FNDA:20,(anonymous_5)
FNDA:4,(anonymous_6)
FNDA:2,(anonymous_7)
FNDA:6,(anonymous_8)
DA:1,9
DA:2,9
DA:5,9
DA:8,9
DA:9,1
DA:10,1
DA:12,1
DA:55,1
DA:57,1
DA:61,1
DA:63,0
DA:64,0
DA:69,9
DA:70,1
DA:72,1
DA:73,1
DA:74,1
DA:75,1
DA:78,0
DA:122,0
DA:124,0
DA:128,0
DA:130,0
DA:131,0
DA:136,9
DA:137,20
DA:139,20
DA:141,20
DA:142,20
DA:143,1
DA:144,1
DA:148,19
DA:151,19
DA:152,3
DA:153,3
DA:163,16
DA:166,16
DA:167,4
DA:168,1
DA:169,1
DA:171,3
DA:172,2
DA:173,2
DA:177,13
DA:178,13
DA:179,0
DA:180,0
DA:182,13
DA:183,1
DA:186,1
DA:190,12
DA:191,6
DA:192,1
DA:193,1
DA:196,5
DA:197,1
DA:198,1
DA:202,4
DA:203,5
DA:208,1
DA:211,1
DA:214,4
DA:215,1
DA:218,1
DA:221,3
DA:225,1
DA:228,1
DA:233,7
DA:234,5
DA:235,1
DA:236,1
DA:239,4
DA:240,1
DA:241,1
DA:245,3
DA:246,4
DA:247,1
DA:250,1
DA:253,3
DA:254,1
DA:257,1
DA:263,3
DA:267,3
DA:271,3
DA:285,2
DA:286,2
DA:289,2
DA:290,1
DA:291,2
DA:297,2
DA:302,2
DA:306,2
DA:307,2
DA:313,2
DA:315,1
DA:316,1
DA:317,1
DA:319,20
DA:324,9
DA:325,4
DA:327,4
DA:329,4
DA:330,4
DA:331,1
DA:332,1
DA:335,3
DA:338,3
DA:341,3
DA:342,1
DA:343,1
DA:347,2
DA:352,2
DA:354,1
DA:358,1
DA:361,1
DA:365,1
DA:368,0
DA:369,0
DA:371,4
DA:376,9
DA:379,2
DA:380,2
DA:382,2
DA:395,2
DA:396,2
DA:398,0
DA:399,0
DA:405,9
DA:408,6
DA:410,6
DA:412,6
DA:413,6
DA:414,1
DA:415,1
DA:418,5
DA:419,5
DA:422,5
DA:423,2
DA:424,2
DA:427,3
DA:428,1
DA:431,1
DA:435,2
DA:439,2
DA:440,1
DA:441,1
DA:445,1
DA:453,1
DA:465,1
DA:466,1
DA:468,0
DA:469,0
DA:471,6
DA:476,9
LF:154
LH:138
BRDA:55,0,0,1
BRDA:55,0,1,1
BRDA:59,1,0,0
BRDA:59,1,1,0
BRDA:59,2,0,0
BRDA:59,2,1,0
BRDA:72,3,0,1
BRDA:72,3,1,1
BRDA:73,4,0,1
BRDA:126,5,0,0
BRDA:126,5,1,0
BRDA:126,6,0,0
BRDA:126,6,1,0
BRDA:142,7,0,1
BRDA:151,8,0,3
BRDA:166,9,0,4
BRDA:166,10,0,16
BRDA:166,10,1,4
BRDA:167,11,0,1
BRDA:171,12,0,2
BRDA:171,13,0,3
BRDA:171,13,1,2
BRDA:177,14,0,13
BRDA:177,15,0,13
BRDA:177,15,1,13
BRDA:178,16,0,0
BRDA:182,17,0,1
BRDA:190,18,0,6
BRDA:190,19,0,12
BRDA:190,19,1,6
BRDA:191,20,0,1
BRDA:196,21,0,1
BRDA:203,22,0,1
BRDA:204,23,0,5
BRDA:204,23,1,4
BRDA:204,23,2,4
BRDA:214,24,0,1
BRDA:221,25,0,1
BRDA:222,26,0,3
BRDA:222,26,1,3
BRDA:222,26,2,3
BRDA:233,27,0,5
BRDA:233,28,0,7
BRDA:233,28,1,5
BRDA:234,29,0,1
BRDA:239,30,0,1
BRDA:246,31,0,1
BRDA:246,32,0,4
BRDA:246,32,1,3
BRDA:246,32,2,3
BRDA:253,33,0,1
BRDA:267,34,0,1
BRDA:267,34,1,2
BRDA:267,35,0,3
BRDA:267,35,1,1
BRDA:277,36,0,3
BRDA:277,36,1,0
BRDA:279,37,0,3
BRDA:279,37,1,2
BRDA:280,38,0,3
BRDA:280,38,1,3
BRDA:281,39,0,3
BRDA:281,39,1,3
BRDA:289,40,0,1
BRDA:289,41,0,2
BRDA:289,41,1,1
BRDA:295,42,0,2
BRDA:295,42,1,1
BRDA:306,43,0,1
BRDA:306,43,1,1
BRDA:306,44,0,2
BRDA:306,44,1,1
BRDA:330,45,0,1
BRDA:341,46,0,1
BRDA:352,47,0,1
BRDA:352,47,1,1
BRDA:413,48,0,1
BRDA:422,49,0,2
BRDA:422,50,0,5
BRDA:422,50,1,4
BRDA:422,50,2,4
BRDA:427,51,0,1
BRDA:439,52,0,1
BRF:83
BRH:73
end_of_record
TN:
SF:src/routes/search.ts
FN:8,(anonymous_1)
FN:34,(anonymous_2)
FN:52,(anonymous_3)
FN:70,(anonymous_4)
FN:89,(anonymous_5)
FN:102,searchUsers
FN:121,searchDiningHalls
FN:139,(anonymous_8)
FN:147,searchDishes
FN:165,(anonymous_10)
FN:175,getTrendingDishes
FN:192,(anonymous_12)
FNF:12
FNH:8
FNDA:3,(anonymous_1)
FNDA:1,(anonymous_2)
FNDA:1,(anonymous_3)
FNDA:1,(anonymous_4)
FNDA:1,(anonymous_5)
FNDA:1,searchUsers
FNDA:1,searchDiningHalls
FNDA:0,(anonymous_8)
FNDA:0,searchDishes
FNDA:0,(anonymous_10)
FNDA:1,getTrendingDishes
FNDA:0,(anonymous_12)
DA:1,9
DA:2,9
DA:3,9
DA:5,9
DA:8,9
DA:9,3
DA:10,3
DA:12,3
DA:13,2
DA:14,2
DA:17,1
DA:22,1
DA:28,0
DA:29,0
DA:34,9
DA:35,1
DA:36,1
DA:38,1
DA:39,1
DA:40,1
DA:43,0
DA:44,0
DA:46,0
DA:47,0
DA:52,9
DA:53,1
DA:54,1
DA:56,1
DA:57,1
DA:58,1
DA:61,0
DA:62,0
DA:64,0
DA:65,0
DA:70,9
DA:71,1
DA:72,1
DA:74,1
DA:75,1
DA:76,1
DA:80,0
DA:81,0
DA:83,0
DA:84,0
DA:89,9
DA:90,1
DA:91,1
DA:93,1
DA:94,1
DA:96,0
DA:97,0
DA:103,1
DA:104,1
DA:114,1
DA:116,0
DA:117,0
DA:122,1
DA:124,1
DA:132,0
DA:133,0
DA:137,0
DA:138,0
DA:139,0
DA:142,1
DA:143,1
DA:148,0
DA:150,0
DA:165,0
DA:170,0
DA:171,0
DA:176,1
DA:178,1
DA:192,1
DA:197,0
DA:198,0
DA:202,9
LF:76
LH:46
BRDA:10,0,0,3
BRDA:10,0,1,1
BRDA:12,1,0,2
BRDA:12,2,0,3
BRDA:12,2,1,2
BRDA:36,3,0,1
BRDA:36,3,1,0
BRDA:38,4,0,1
BRDA:38,5,0,1
BRDA:38,5,1,1
BRDA:54,6,0,1
BRDA:54,6,1,0
BRDA:56,7,0,1
BRDA:56,8,0,1
BRDA:56,8,1,1
BRDA:72,9,0,1
BRDA:72,9,1,0
BRDA:74,10,0,1
BRDA:74,11,0,1
BRDA:74,11,1,1
BRDA:91,12,0,1
BRDA:91,12,1,0
BRDA:132,13,0,0
BRF:23
BRH:18
end_of_record
TN:
SF:src/routes/upload.ts
FN:51,(anonymous_1)
FN:52,(anonymous_2)
FNF:2
FNH:2
FNDA:8,(anonymous_1)
FNDA:8,(anonymous_2)
DA:1,9
DA:2,9
DA:3,9
DA:4,9
DA:5,9
DA:7,9
DA:10,9
DA:20,9
DA:23,9
DA:24,9
DA:25,9
DA:26,9
DA:28,9
DA:29,9
DA:31,9
DA:32,9
DA:34,9
DA:36,0
DA:40,9
DA:43,9
DA:51,9
DA:52,8
DA:53,8
DA:54,1
DA:55,1
DA:56,1
DA:57,1
DA:59,0
DA:61,0
DA:64,7
DA:65,7
DA:66,2
DA:69,5
DA:71,5
DA:72,0
DA:73,0
DA:74,0
DA:75,0
DA:78,0
DA:87,0
DA:102,0
DA:107,0
DA:112,0
DA:114,0
DA:116,0
DA:119,0
DA:122,0
DA:123,0
DA:124,0
DA:125,0
DA:126,0
DA:127,0
DA:128,0
DA:131,5
DA:132,5
DA:134,5
DA:135,5
DA:136,0
DA:139,5
DA:140,5
DA:141,5
DA:144,5
DA:147,5
DA:148,5
DA:150,5
DA:151,5
DA:152,5
DA:155,0
DA:156,0
DA:161,9
LF:70
LH:45
BRDA:10,0,0,0
BRDA:10,0,1,9
BRDA:10,1,0,9
BRDA:10,1,1,0
BRDA:12,2,0,0
BRDA:12,2,1,0
BRDA:20,3,0,9
BRDA:20,3,1,9
BRDA:23,4,0,9
BRDA:23,4,1,0
BRDA:23,5,0,9
BRDA:23,5,1,0
BRDA:25,6,0,9
BRDA:28,7,0,9
BRDA:31,8,0,9
BRDA:53,9,0,1
BRDA:55,10,0,1
BRDA:55,11,0,1
BRDA:55,11,1,1
BRDA:55,11,2,1
BRDA:56,12,0,1
BRDA:65,13,0,2
BRDA:71,14,0,0
BRDA:71,14,1,5
BRDA:71,15,0,5
BRDA:71,15,1,0
BRDA:74,16,0,0
BRDA:74,16,1,0
BRDA:78,17,0,0
BRDA:78,17,1,0
BRDA:79,18,0,0
BRDA:79,18,1,0
BRDA:79,19,0,0
BRDA:79,19,1,0
BRDA:80,20,0,0
BRDA:80,20,1,0
BRDA:81,21,0,0
BRDA:81,21,1,0
BRDA:107,22,0,0
BRDA:107,22,1,0
BRDA:114,23,0,0
BRDA:114,23,1,0
BRDA:114,24,0,0
BRDA:114,24,1,0
BRDA:135,25,0,0
BRDA:140,26,0,5
BRDA:140,26,1,0
BRF:47
BRH:19
end_of_record
TN:
SF:src/routes/users.ts
FN:9,(anonymous_1)
FN:36,(anonymous_2)
FN:58,(anonymous_3)
FN:111,(anonymous_4)
FN:138,(anonymous_5)
FNF:5
FNH:4
FNDA:0,(anonymous_1)
FNDA:2,(anonymous_2)
FNDA:5,(anonymous_3)
FNDA:4,(anonymous_4)
FNDA:6,(anonymous_5)
DA:1,9
DA:2,9
DA:3,9
DA:6,9
DA:9,9
DA:10,0
DA:12,0
DA:13,0
DA:14,0
DA:15,0
DA:18,0
DA:23,0
DA:24,0
DA:25,0
DA:28,0
DA:30,0
DA:31,0
DA:36,9
DA:37,2
DA:38,2
DA:40,2
DA:45,2
DA:46,1
DA:47,1
DA:50,1
DA:52,0
DA:53,0
DA:58,9
DA:59,5
DA:60,5
DA:63,5
DA:64,1
DA:65,1
DA:68,4
DA:69,1
DA:70,1
DA:73,3
DA:74,0
DA:75,0
DA:78,3
DA:79,0
DA:80,0
DA:84,3
DA:91,2
DA:94,1
DA:95,1
DA:96,0
DA:97,0
DA:99,1
DA:100,1
DA:101,1
DA:105,0
DA:106,0
DA:111,9
DA:112,4
DA:113,4
DA:114,4
DA:115,0
DA:116,0
DA:120,4
DA:125,4
DA:126,4
DA:127,56
DA:128,6
DA:132,4
DA:133,1
DA:134,1
DA:138,6
DA:139,3
DA:140,3
DA:142,3
DA:143,3
DA:145,3
DA:146,1
DA:147,1
DA:150,2
DA:152,0
DA:153,0
DA:157,9
LF:79
LH:53
BRDA:12,0,0,0
BRDA:12,0,1,0
BRDA:13,1,0,0
BRDA:23,2,0,0
BRDA:45,3,0,1
BRDA:63,4,0,1
BRDA:63,5,0,5
BRDA:63,5,1,4
BRDA:63,5,2,4
BRDA:68,6,0,1
BRDA:68,7,0,4
BRDA:68,7,1,3
BRDA:68,7,2,3
BRDA:73,8,0,0
BRDA:78,9,0,0
BRDA:94,10,0,1
BRDA:95,11,0,0
BRDA:99,12,0,1
BRDA:113,13,0,4
BRDA:113,13,1,0
BRDA:114,14,0,0
BRDA:127,15,0,6
BRDA:132,16,0,1
BRDA:145,17,0,1
BRF:24
BRH:15
end_of_record
TN:
SF:src/services/cbordService.ts
FN:40,(anonymous_1)
FN:56,(anonymous_2)
FN:74,(anonymous_3)
FN:97,(anonymous_4)
FN:126,(anonymous_5)
FN:149,(anonymous_6)
FN:158,(anonymous_7)
FN:209,(anonymous_8)
FN:234,(anonymous_9)
FN:241,(anonymous_10)
FN:252,(anonymous_11)
FN:280,(anonymous_12)
FN:324,(anonymous_13)
FN:348,(anonymous_14)
FN:369,(anonymous_15)
FN:387,(anonymous_16)
FNF:16
FNH:14
FNDA:8,(anonymous_1)
FNDA:0,(anonymous_2)
FNDA:3,(anonymous_3)
FNDA:3,(anonymous_4)
FNDA:21,(anonymous_5)
FNDA:0,(anonymous_6)
FNDA:69,(anonymous_7)
FNDA:23,(anonymous_8)
FNDA:22,(anonymous_9)
FNDA:22,(anonymous_10)
FNDA:22,(anonymous_11)
FNDA:6,(anonymous_12)
FNDA:4,(anonymous_13)
FNDA:3,(anonymous_14)
FNDA:3,(anonymous_15)
FNDA:2,(anonymous_16)
DA:2,8
DA:3,8
DA:4,8
DA:5,8
DA:8,8
DA:11,8
DA:41,8
DA:43,8
DA:56,0
DA:75,3
DA:77,3
DA:86,3
DA:88,0
DA:89,0
DA:98,3
DA:100,3
DA:102,3
DA:103,3
DA:106,3
DA:107,3
DA:114,3
DA:115,63
DA:118,63
DA:119,0
DA:122,63
DA:123,63
DA:126,21
DA:127,21
DA:128,21
DA:129,21
DA:133,21
DA:136,42
DA:137,42
DA:141,63
DA:147,0
DA:149,0
DA:152,3
DA:159,69
DA:162,69
DA:171,48
DA:172,48
DA:174,48
DA:194,25
DA:195,1
DA:199,1
DA:203,24
DA:204,1
DA:205,1
DA:208,23
DA:209,23
DA:211,23
DA:213,1
DA:214,1
DA:217,22
DA:219,46
DA:220,46
DA:223,46
DA:224,0
DA:225,0
DA:227,46
DA:235,22
DA:236,22
DA:239,22
DA:241,22
DA:243,22
DA:244,22
DA:246,22
DA:249,22
DA:250,22
DA:252,22
DA:253,22
DA:255,22
DA:256,22
DA:257,22
DA:259,22
DA:266,22
DA:272,22
DA:281,6
DA:283,6
DA:291,6
DA:292,6
DA:294,6
DA:303,6
DA:317,5
DA:318,1
DA:319,1
DA:323,4
DA:324,4
DA:327,4
DA:328,1
DA:332,1
DA:335,3
DA:339,1
DA:340,1
DA:349,3
DA:350,3
DA:353,3
DA:358,3
DA:359,1
DA:360,1
DA:363,3
DA:364,0
DA:365,0
DA:366,0
DA:369,3
DA:371,3
DA:374,3
DA:376,3
DA:381,3
DA:382,3
DA:385,3
DA:386,3
DA:387,3
DA:388,2
DA:389,2
DA:392,3
DA:399,3
DA:400,3
DA:404,8
LF:119
LH:108
BRDA:118,0,0,0
BRDA:118,0,1,63
BRDA:118,1,0,63
BRDA:118,1,1,0
BRDA:119,2,0,0
BRDA:119,2,1,0
BRDA:133,3,0,21
BRDA:133,3,1,0
BRDA:133,3,2,0
BRDA:194,4,0,1
BRDA:194,5,0,25
BRDA:194,5,1,24
BRDA:203,6,0,1
BRDA:211,7,0,1
BRDA:223,8,0,0
BRDA:244,9,0,0
BRDA:257,10,0,22
BRDA:257,10,1,0
BRDA:317,11,0,1
BRDA:317,12,0,5
BRDA:317,12,1,5
BRDA:327,13,0,1
BRDA:358,14,0,1
BRDA:363,15,0,0
BRDA:374,16,0,0
BRDA:382,17,0,3
BRDA:382,17,1,1
BRDA:389,18,0,2
BRF:28
BRH:17
end_of_record
